#! /c/Source/iverilog-install/bin/vvp
:ivl_version "12.0 (devel)" "(s20150603-1110-g18392a46)";
:ivl_delay_selection "TYPICAL";
:vpi_time_precision - 12;
:vpi_module "C:\iverilog\lib\ivl\system.vpi";
:vpi_module "C:\iverilog\lib\ivl\vhdl_sys.vpi";
:vpi_module "C:\iverilog\lib\ivl\vhdl_textio.vpi";
:vpi_module "C:\iverilog\lib\ivl\v2005_math.vpi";
:vpi_module "C:\iverilog\lib\ivl\va_math.vpi";
S_0000018ad0d19ea0 .scope module, "ID_tb" "ID_tb" 2 3;
 .timescale -9 -12;
v0000018ad0d898b0_0 .var "Instr", 31 0;
v0000018ad0d89950_0 .net "ReadData1", 31 0, L_0000018ad0d8b8c0;  1 drivers
v0000018ad0d899f0_0 .net "ReadData2", 31 0, L_0000018ad0d8bf00;  1 drivers
v0000018ad0d89a90_0 .var "RegWrite", 0 0;
v0000018ad0d89bd0_0 .var "WriteData", 31 0;
v0000018ad0d89c70_0 .var "WriteReg", 4 0;
v0000018ad0d89d10_0 .var "clk", 0 0;
v0000018ad0d8c900_0 .net "funct3", 2 0, L_0000018ad0d288b0;  1 drivers
v0000018ad0d8baa0_0 .net "funct7", 6 0, L_0000018ad0d28fb0;  1 drivers
v0000018ad0d8c680_0 .net "imm", 31 0, L_0000018ad0d29560;  1 drivers
v0000018ad0d8cea0_0 .net "opcode", 6 0, L_0000018ad0d294f0;  1 drivers
v0000018ad0d8c220_0 .net "rd", 4 0, L_0000018ad0d28ca0;  1 drivers
v0000018ad0d8c7c0_0 .net "rs1", 4 0, L_0000018ad0d29410;  1 drivers
v0000018ad0d8cb80_0 .net "rs2", 4 0, L_0000018ad0d28df0;  1 drivers
v0000018ad0d8b500_0 .var "rst", 0 0;
S_0000018ad0d1a030 .scope module, "id_inst" "ID" 2 13, 3 1 0, S_0000018ad0d19ea0;
 .timescale 0 0;
    .port_info 0 /INPUT 1 "clk";
    .port_info 1 /INPUT 1 "rst";
    .port_info 2 /INPUT 1 "RegWrite";
    .port_info 3 /INPUT 32 "Instr";
    .port_info 4 /INPUT 32 "WriteData";
    .port_info 5 /INPUT 5 "WriteReg";
    .port_info 6 /OUTPUT 32 "ReadData1";
    .port_info 7 /OUTPUT 32 "ReadData2";
    .port_info 8 /OUTPUT 32 "imm";
    .port_info 9 /OUTPUT 5 "rs1";
    .port_info 10 /OUTPUT 5 "rs2";
    .port_info 11 /OUTPUT 5 "rd";
    .port_info 12 /OUTPUT 7 "opcode";
    .port_info 13 /OUTPUT 7 "funct7";
    .port_info 14 /OUTPUT 3 "funct3";
L_0000018ad0d29410 .functor BUFZ 5, v0000018ad0d10150_0, C4<00000>, C4<00000>, C4<00000>;
L_0000018ad0d28df0 .functor BUFZ 5, v0000018ad0d10330_0, C4<00000>, C4<00000>, C4<00000>;
L_0000018ad0d28ca0 .functor BUFZ 5, v0000018ad0d10650_0, C4<00000>, C4<00000>, C4<00000>;
L_0000018ad0d294f0 .functor BUFZ 7, v0000018ad0d10470_0, C4<0000000>, C4<0000000>, C4<0000000>;
L_0000018ad0d288b0 .functor BUFZ 3, v0000018ad0d10ab0_0, C4<000>, C4<000>, C4<000>;
L_0000018ad0d28fb0 .functor BUFZ 7, v0000018ad0d10b50_0, C4<0000000>, C4<0000000>, C4<0000000>;
L_0000018ad0d29560 .functor BUFZ 32, v0000018ad0d10dd0_0, C4<00000000000000000000000000000000>, C4<00000000000000000000000000000000>, C4<00000000000000000000000000000000>;
v0000018ad0d8ae90_0 .net "Instr", 31 0, v0000018ad0d898b0_0;  1 drivers
v0000018ad0d8a710_0 .net "ReadData1", 31 0, L_0000018ad0d8b8c0;  alias, 1 drivers
v0000018ad0d891d0_0 .net "ReadData2", 31 0, L_0000018ad0d8bf00;  alias, 1 drivers
v0000018ad0d8af30_0 .net "RegWrite", 0 0, v0000018ad0d89a90_0;  1 drivers
v0000018ad0d8a7b0_0 .net "WriteData", 31 0, v0000018ad0d89bd0_0;  1 drivers
v0000018ad0d89b30_0 .net "WriteReg", 4 0, v0000018ad0d89c70_0;  1 drivers
v0000018ad0d89090_0 .net "clk", 0 0, v0000018ad0d89d10_0;  1 drivers
v0000018ad0d8a8f0_0 .net "d_funct3", 2 0, v0000018ad0d10ab0_0;  1 drivers
v0000018ad0d8ac10_0 .net "d_funct7", 6 0, v0000018ad0d10b50_0;  1 drivers
v0000018ad0d89ef0_0 .net "d_imm", 31 0, v0000018ad0d10dd0_0;  1 drivers
v0000018ad0d894f0_0 .net "d_opcode", 6 0, v0000018ad0d10470_0;  1 drivers
v0000018ad0d89590_0 .net "d_rd", 4 0, v0000018ad0d10650_0;  1 drivers
v0000018ad0d8acb0_0 .net "d_rs1", 4 0, v0000018ad0d10150_0;  1 drivers
v0000018ad0d89270_0 .net "d_rs2", 4 0, v0000018ad0d10330_0;  1 drivers
v0000018ad0d89130_0 .net "funct3", 2 0, L_0000018ad0d288b0;  alias, 1 drivers
v0000018ad0d896d0_0 .net "funct7", 6 0, L_0000018ad0d28fb0;  alias, 1 drivers
v0000018ad0d8ad50_0 .net "imm", 31 0, L_0000018ad0d29560;  alias, 1 drivers
v0000018ad0d89f90_0 .net "opcode", 6 0, L_0000018ad0d294f0;  alias, 1 drivers
v0000018ad0d8a990_0 .net "rd", 4 0, L_0000018ad0d28ca0;  alias, 1 drivers
v0000018ad0d89310_0 .net "rs1", 4 0, L_0000018ad0d29410;  alias, 1 drivers
v0000018ad0d89630_0 .net "rs2", 4 0, L_0000018ad0d28df0;  alias, 1 drivers
v0000018ad0d89810_0 .net "rst", 0 0, v0000018ad0d8b500_0;  1 drivers
S_0000018ad0d20d60 .scope module, "decoder" "decoder" 3 22, 4 1 0, S_0000018ad0d1a030;
 .timescale 0 0;
    .port_info 0 /INPUT 32 "Instr";
    .port_info 1 /OUTPUT 7 "opcode";
    .port_info 2 /OUTPUT 5 "rs1";
    .port_info 3 /OUTPUT 5 "rs2";
    .port_info 4 /OUTPUT 5 "rd";
    .port_info 5 /OUTPUT 3 "funct3";
    .port_info 6 /OUTPUT 7 "funct7";
    .port_info 7 /OUTPUT 32 "imm";
v0000018ad0d10fb0_0 .net "Instr", 31 0, v0000018ad0d898b0_0;  alias, 1 drivers
v0000018ad0d10ab0_0 .var "funct3", 2 0;
v0000018ad0d10b50_0 .var "funct7", 6 0;
v0000018ad0d10dd0_0 .var "imm", 31 0;
v0000018ad0d10470_0 .var "opcode", 6 0;
v0000018ad0d10650_0 .var "rd", 4 0;
v0000018ad0d10150_0 .var "rs1", 4 0;
v0000018ad0d10330_0 .var "rs2", 4 0;
E_0000018ad0d0e8f0 .event anyedge, v0000018ad0d10fb0_0, v0000018ad0d10470_0;
S_0000018ad0d20ef0 .scope module, "registerFile" "RF" 3 34, 5 1 0, S_0000018ad0d1a030;
 .timescale 0 0;
    .port_info 0 /INPUT 1 "clk";
    .port_info 1 /INPUT 1 "rst";
    .port_info 2 /INPUT 1 "RegWrite";
    .port_info 3 /INPUT 5 "ReadReg1";
    .port_info 4 /INPUT 5 "ReadReg2";
    .port_info 5 /INPUT 5 "WriteReg";
    .port_info 6 /INPUT 32 "WriteData";
    .port_info 7 /OUTPUT 32 "ReadData1";
    .port_info 8 /OUTPUT 32 "ReadData2";
v0000018ad0d10510_0 .net "ReadData1", 31 0, L_0000018ad0d8b8c0;  alias, 1 drivers
v0000018ad0d105b0_0 .net "ReadData2", 31 0, L_0000018ad0d8bf00;  alias, 1 drivers
v0000018ad0d106f0_0 .net "ReadReg1", 4 0, v0000018ad0d10150_0;  alias, 1 drivers
v0000018ad0d10790_0 .net "ReadReg2", 4 0, v0000018ad0d10330_0;  alias, 1 drivers
v0000018ad0d10e70_0 .net "RegWrite", 0 0, v0000018ad0d89a90_0;  alias, 1 drivers
v0000018ad0d10830_0 .net "WriteData", 31 0, v0000018ad0d89bd0_0;  alias, 1 drivers
v0000018ad0d8a490_0 .net "WriteReg", 4 0, v0000018ad0d89c70_0;  alias, 1 drivers
v0000018ad0d8a0d0_0 .net *"_ivl_0", 31 0, L_0000018ad0d8ca40;  1 drivers
v0000018ad0d8ab70_0 .net *"_ivl_10", 6 0, L_0000018ad0d8b320;  1 drivers
L_0000018ad0dd0118 .functor BUFT 1, C4<00>, C4<0>, C4<0>, C4<0>;
v0000018ad0d8a2b0_0 .net *"_ivl_13", 1 0, L_0000018ad0dd0118;  1 drivers
L_0000018ad0dd0160 .functor BUFT 1, C4<00000000000000000000000000000000>, C4<0>, C4<0>, C4<0>;
v0000018ad0d8aa30_0 .net/2u *"_ivl_14", 31 0, L_0000018ad0dd0160;  1 drivers
v0000018ad0d8a170_0 .net *"_ivl_18", 31 0, L_0000018ad0d8b140;  1 drivers
L_0000018ad0dd01a8 .functor BUFT 1, C4<000000000000000000000000000>, C4<0>, C4<0>, C4<0>;
v0000018ad0d893b0_0 .net *"_ivl_21", 26 0, L_0000018ad0dd01a8;  1 drivers
L_0000018ad0dd01f0 .functor BUFT 1, C4<00000000000000000000000000000000>, C4<0>, C4<0>, C4<0>;
v0000018ad0d8a210_0 .net/2u *"_ivl_22", 31 0, L_0000018ad0dd01f0;  1 drivers
v0000018ad0d8a350_0 .net *"_ivl_24", 0 0, L_0000018ad0d8c180;  1 drivers
v0000018ad0d8aad0_0 .net *"_ivl_26", 31 0, L_0000018ad0d8ce00;  1 drivers
v0000018ad0d8a030_0 .net *"_ivl_28", 6 0, L_0000018ad0d8b0a0;  1 drivers
L_0000018ad0dd0088 .functor BUFT 1, C4<000000000000000000000000000>, C4<0>, C4<0>, C4<0>;
v0000018ad0d8a3f0_0 .net *"_ivl_3", 26 0, L_0000018ad0dd0088;  1 drivers
L_0000018ad0dd0238 .functor BUFT 1, C4<00>, C4<0>, C4<0>, C4<0>;
v0000018ad0d8a850_0 .net *"_ivl_31", 1 0, L_0000018ad0dd0238;  1 drivers
L_0000018ad0dd0280 .functor BUFT 1, C4<00000000000000000000000000000000>, C4<0>, C4<0>, C4<0>;
v0000018ad0d8a670_0 .net/2u *"_ivl_32", 31 0, L_0000018ad0dd0280;  1 drivers
L_0000018ad0dd00d0 .functor BUFT 1, C4<00000000000000000000000000000000>, C4<0>, C4<0>, C4<0>;
v0000018ad0d89db0_0 .net/2u *"_ivl_4", 31 0, L_0000018ad0dd00d0;  1 drivers
v0000018ad0d89770_0 .net *"_ivl_6", 0 0, L_0000018ad0d8bdc0;  1 drivers
v0000018ad0d8a530_0 .net *"_ivl_8", 31 0, L_0000018ad0d8c720;  1 drivers
v0000018ad0d89450_0 .net "clk", 0 0, v0000018ad0d89d10_0;  alias, 1 drivers
v0000018ad0d89e50_0 .var/i "i", 31 0;
v0000018ad0d8adf0 .array "registers", 31 0, 31 0;
v0000018ad0d8a5d0_0 .net "rst", 0 0, v0000018ad0d8b500_0;  alias, 1 drivers
E_0000018ad0d0ec30 .event posedge, v0000018ad0d8a5d0_0, v0000018ad0d89450_0;
L_0000018ad0d8ca40 .concat [ 5 27 0 0], v0000018ad0d10150_0, L_0000018ad0dd0088;
L_0000018ad0d8bdc0 .cmp/ne 32, L_0000018ad0d8ca40, L_0000018ad0dd00d0;
L_0000018ad0d8c720 .array/port v0000018ad0d8adf0, L_0000018ad0d8b320;
L_0000018ad0d8b320 .concat [ 5 2 0 0], v0000018ad0d10150_0, L_0000018ad0dd0118;
L_0000018ad0d8b8c0 .functor MUXZ 32, L_0000018ad0dd0160, L_0000018ad0d8c720, L_0000018ad0d8bdc0, C4<>;
L_0000018ad0d8b140 .concat [ 5 27 0 0], v0000018ad0d10330_0, L_0000018ad0dd01a8;
L_0000018ad0d8c180 .cmp/ne 32, L_0000018ad0d8b140, L_0000018ad0dd01f0;
L_0000018ad0d8ce00 .array/port v0000018ad0d8adf0, L_0000018ad0d8b0a0;
L_0000018ad0d8b0a0 .concat [ 5 2 0 0], v0000018ad0d10330_0, L_0000018ad0dd0238;
L_0000018ad0d8bf00 .functor MUXZ 32, L_0000018ad0dd0280, L_0000018ad0d8ce00, L_0000018ad0d8c180, C4<>;
    .scope S_0000018ad0d20d60;
T_0 ;
    %wait E_0000018ad0d0e8f0;
    %load/vec4 v0000018ad0d10fb0_0;
    %parti/s 7, 0, 2;
    %store/vec4 v0000018ad0d10470_0, 0, 7;
    %load/vec4 v0000018ad0d10fb0_0;
    %parti/s 5, 7, 4;
    %store/vec4 v0000018ad0d10650_0, 0, 5;
    %load/vec4 v0000018ad0d10fb0_0;
    %parti/s 3, 12, 5;
    %store/vec4 v0000018ad0d10ab0_0, 0, 3;
    %load/vec4 v0000018ad0d10fb0_0;
    %parti/s 5, 15, 5;
    %store/vec4 v0000018ad0d10150_0, 0, 5;
    %load/vec4 v0000018ad0d10fb0_0;
    %parti/s 5, 20, 6;
    %store/vec4 v0000018ad0d10330_0, 0, 5;
    %load/vec4 v0000018ad0d10fb0_0;
    %parti/s 7, 25, 6;
    %store/vec4 v0000018ad0d10b50_0, 0, 7;
    %load/vec4 v0000018ad0d10470_0;
    %dup/vec4;
    %pushi/vec4 19, 0, 7;
    %cmp/u;
    %jmp/1 T_0.0, 6;
    %dup/vec4;
    %pushi/vec4 3, 0, 7;
    %cmp/u;
    %jmp/1 T_0.1, 6;
    %dup/vec4;
    %pushi/vec4 103, 0, 7;
    %cmp/u;
    %jmp/1 T_0.2, 6;
    %dup/vec4;
    %pushi/vec4 35, 0, 7;
    %cmp/u;
    %jmp/1 T_0.3, 6;
    %dup/vec4;
    %pushi/vec4 99, 0, 7;
    %cmp/u;
    %jmp/1 T_0.4, 6;
    %dup/vec4;
    %pushi/vec4 55, 0, 7;
    %cmp/u;
    %jmp/1 T_0.5, 6;
    %dup/vec4;
    %pushi/vec4 23, 0, 7;
    %cmp/u;
    %jmp/1 T_0.6, 6;
    %dup/vec4;
    %pushi/vec4 111, 0, 7;
    %cmp/u;
    %jmp/1 T_0.7, 6;
    %pushi/vec4 0, 0, 32;
    %store/vec4 v0000018ad0d10dd0_0, 0, 32;
    %jmp T_0.9;
T_0.0 ;
    %load/vec4 v0000018ad0d10fb0_0;
    %parti/s 1, 31, 6;
    %replicate 20;
    %load/vec4 v0000018ad0d10fb0_0;
    %parti/s 12, 20, 6;
    %concat/vec4; draw_concat_vec4
    %store/vec4 v0000018ad0d10dd0_0, 0, 32;
    %jmp T_0.9;
T_0.1 ;
    %load/vec4 v0000018ad0d10fb0_0;
    %parti/s 1, 31, 6;
    %replicate 20;
    %load/vec4 v0000018ad0d10fb0_0;
    %parti/s 12, 20, 6;
    %concat/vec4; draw_concat_vec4
    %store/vec4 v0000018ad0d10dd0_0, 0, 32;
    %jmp T_0.9;
T_0.2 ;
    %load/vec4 v0000018ad0d10fb0_0;
    %parti/s 1, 31, 6;
    %replicate 20;
    %load/vec4 v0000018ad0d10fb0_0;
    %parti/s 12, 20, 6;
    %concat/vec4; draw_concat_vec4
    %store/vec4 v0000018ad0d10dd0_0, 0, 32;
    %jmp T_0.9;
T_0.3 ;
    %load/vec4 v0000018ad0d10fb0_0;
    %parti/s 1, 31, 6;
    %replicate 20;
    %load/vec4 v0000018ad0d10fb0_0;
    %parti/s 7, 25, 6;
    %concat/vec4; draw_concat_vec4
    %load/vec4 v0000018ad0d10fb0_0;
    %parti/s 5, 7, 4;
    %concat/vec4; draw_concat_vec4
    %store/vec4 v0000018ad0d10dd0_0, 0, 32;
    %jmp T_0.9;
T_0.4 ;
    %load/vec4 v0000018ad0d10fb0_0;
    %parti/s 1, 31, 6;
    %replicate 19;
    %load/vec4 v0000018ad0d10fb0_0;
    %parti/s 1, 31, 6;
    %concat/vec4; draw_concat_vec4
    %load/vec4 v0000018ad0d10fb0_0;
    %parti/s 1, 7, 4;
    %concat/vec4; draw_concat_vec4
    %load/vec4 v0000018ad0d10fb0_0;
    %parti/s 6, 25, 6;
    %concat/vec4; draw_concat_vec4
    %load/vec4 v0000018ad0d10fb0_0;
    %parti/s 4, 8, 5;
    %concat/vec4; draw_concat_vec4
    %concati/vec4 0, 0, 1;
    %store/vec4 v0000018ad0d10dd0_0, 0, 32;
    %jmp T_0.9;
T_0.5 ;
    %load/vec4 v0000018ad0d10fb0_0;
    %parti/s 20, 12, 5;
    %concati/vec4 0, 0, 12;
    %store/vec4 v0000018ad0d10dd0_0, 0, 32;
    %jmp T_0.9;
T_0.6 ;
    %load/vec4 v0000018ad0d10fb0_0;
    %parti/s 20, 12, 5;
    %concati/vec4 0, 0, 12;
    %store/vec4 v0000018ad0d10dd0_0, 0, 32;
    %jmp T_0.9;
T_0.7 ;
    %load/vec4 v0000018ad0d10fb0_0;
    %parti/s 1, 31, 6;
    %replicate 11;
    %load/vec4 v0000018ad0d10fb0_0;
    %parti/s 1, 31, 6;
    %concat/vec4; draw_concat_vec4
    %load/vec4 v0000018ad0d10fb0_0;
    %parti/s 8, 12, 5;
    %concat/vec4; draw_concat_vec4
    %load/vec4 v0000018ad0d10fb0_0;
    %parti/s 1, 20, 6;
    %concat/vec4; draw_concat_vec4
    %load/vec4 v0000018ad0d10fb0_0;
    %parti/s 10, 21, 6;
    %concat/vec4; draw_concat_vec4
    %concati/vec4 0, 0, 1;
    %store/vec4 v0000018ad0d10dd0_0, 0, 32;
    %jmp T_0.9;
T_0.9 ;
    %pop/vec4 1;
    %jmp T_0;
    .thread T_0, $push;
    .scope S_0000018ad0d20ef0;
T_1 ;
    %wait E_0000018ad0d0ec30;
    %load/vec4 v0000018ad0d8a5d0_0;
    %flag_set/vec4 8;
    %jmp/0xz  T_1.0, 8;
    %pushi/vec4 0, 0, 32;
    %store/vec4 v0000018ad0d89e50_0, 0, 32;
T_1.2 ;
    %load/vec4 v0000018ad0d89e50_0;
    %cmpi/s 32, 0, 32;
    %jmp/0xz T_1.3, 5;
    %pushi/vec4 0, 0, 32;
    %ix/getv/s 3, v0000018ad0d89e50_0;
    %ix/load 4, 0, 0; Constant delay
    %assign/vec4/a/d v0000018ad0d8adf0, 0, 4;
    %load/vec4 v0000018ad0d89e50_0;
    %addi 1, 0, 32;
    %store/vec4 v0000018ad0d89e50_0, 0, 32;
    %jmp T_1.2;
T_1.3 ;
    %jmp T_1.1;
T_1.0 ;
    %load/vec4 v0000018ad0d10e70_0;
    %load/vec4 v0000018ad0d8a490_0;
    %pad/u 32;
    %pushi/vec4 0, 0, 32;
    %cmp/ne;
    %flag_get/vec4 4;
    %and;
    %flag_set/vec4 8;
    %jmp/0xz  T_1.4, 8;
    %load/vec4 v0000018ad0d10830_0;
    %load/vec4 v0000018ad0d8a490_0;
    %pad/u 7;
    %ix/vec4 3;
    %ix/load 4, 0, 0; Constant delay
    %assign/vec4/a/d v0000018ad0d8adf0, 0, 4;
T_1.4 ;
T_1.1 ;
    %jmp T_1;
    .thread T_1;
    .scope S_0000018ad0d19ea0;
T_2 ;
    %delay 5000, 0;
    %load/vec4 v0000018ad0d89d10_0;
    %inv;
    %store/vec4 v0000018ad0d89d10_0, 0, 1;
    %jmp T_2;
    .thread T_2;
    .scope S_0000018ad0d19ea0;
T_3 ;
    %vpi_call 2 34 "$dumpfile", "waveform.vcd" {0 0 0};
    %vpi_call 2 35 "$dumpvars", 32'sb00000000000000000000000000000000, S_0000018ad0d19ea0 {0 0 0};
    %pushi/vec4 0, 0, 1;
    %store/vec4 v0000018ad0d89d10_0, 0, 1;
    %pushi/vec4 1, 0, 1;
    %store/vec4 v0000018ad0d8b500_0, 0, 1;
    %delay 10000, 0;
    %pushi/vec4 0, 0, 1;
    %store/vec4 v0000018ad0d8b500_0, 0, 1;
    %pushi/vec4 3211443, 0, 32;
    %store/vec4 v0000018ad0d898b0_0, 0, 32;
    %delay 10000, 0;
    %pushi/vec4 5308563, 0, 32;
    %store/vec4 v0000018ad0d898b0_0, 0, 32;
    %delay 10000, 0;
    %pushi/vec4 2130147, 0, 32;
    %store/vec4 v0000018ad0d898b0_0, 0, 32;
    %delay 10000, 0;
    %pushi/vec4 4294963383, 0, 32;
    %store/vec4 v0000018ad0d898b0_0, 0, 32;
    %delay 10000, 0;
    %vpi_call 2 53 "$finish" {0 0 0};
    %end;
    .thread T_3;
# The file index is used to find the file name in the following table.
:file_names 6;
    "N/A";
    "<interactive>";
    "InstructionDecode/id_tb.v";
    "InstructionDecode/id.v";
    "InstructionDecode/decoder.v";
    "RegisterFile/rf.v";
