#! /c/Source/iverilog-install/bin/vvp
:ivl_version "12.0 (devel)" "(s20150603-1110-g18392a46)";
:ivl_delay_selection "TYPICAL";
:vpi_time_precision + 0;
:vpi_module "C:\iverilog\lib\ivl\system.vpi";
:vpi_module "C:\iverilog\lib\ivl\vhdl_sys.vpi";
:vpi_module "C:\iverilog\lib\ivl\vhdl_textio.vpi";
:vpi_module "C:\iverilog\lib\ivl\v2005_math.vpi";
:vpi_module "C:\iverilog\lib\ivl\va_math.vpi";
S_000001b1ec1294b0 .scope module, "riscv" "riscv" 2 19;
 .timescale 0 0;
    .port_info 0 /INPUT 1 "clk";
    .port_info 1 /INPUT 1 "reset";
L_000001b1ec139650 .functor BUFZ 32, L_000001b1ec139500, C4<00000000000000000000000000000000>, C4<00000000000000000000000000000000>, C4<00000000000000000000000000000000>;
v000001b1ec195a80_0 .net "A", 31 0, v000001b1ec18f230_0;  1 drivers
v000001b1ec194860_0 .net "A_in", 31 0, L_000001b1ec139650;  1 drivers
v000001b1ec194a40_0 .net "Alu_out", 31 0, v000001b1ec193610_0;  1 drivers
v000001b1ec195940_0 .net "B", 31 0, v000001b1ec18f870_0;  1 drivers
v000001b1ec195c60_0 .net "B_in", 31 0, v000001b1ec193070_0;  1 drivers
v000001b1ec195800_0 .net "PC_in", 31 0, v000001b1ec194d60_0;  1 drivers
v000001b1ec195440_0 .net "PC_in1", 31 0, v000001b1ec18fcd0_0;  1 drivers
v000001b1ec1945e0_0 .net "PC_in2", 31 0, v000001b1ec18e510_0;  1 drivers
v000001b1ec194900_0 .net "PC_n", 31 0, v000001b1ec18feb0_0;  1 drivers
v000001b1ec1954e0_0 .net "PC_n2", 31 0, v000001b1ec18f910_0;  1 drivers
v000001b1ec194ae0_0 .net "PC_new", 31 0, L_000001b1ec199f10;  1 drivers
v000001b1ec195b20_0 .net "PC_next_in", 31 0, v000001b1ec195620_0;  1 drivers
v000001b1ec1956c0_0 .net "alu_op", 0 0, v000001b1ec192990_0;  1 drivers
v000001b1ec195ee0_0 .net "alu_out_n", 31 0, v000001b1ec128a70_0;  1 drivers
v000001b1ec195580_0 .net "alu_result_n", 31 0, v000001b1ec18fd70_0;  1 drivers
v000001b1ec195760_0 .net "alu_sel", 3 0, v000001b1ec1939d0_0;  1 drivers
v000001b1ec195bc0_0 .net "alu_select", 3 0, v000001b1ec18efb0_0;  1 drivers
v000001b1ec194400_0 .net "alu_src", 0 0, v000001b1ec193390_0;  1 drivers
v000001b1ec195d00_0 .net "branch", 0 0, v000001b1ec1928f0_0;  1 drivers
v000001b1ec194220_0 .net "branch_n", 0 0, v000001b1ec18e1f0_0;  1 drivers
o000001b1ec13b888 .functor BUFZ 1, C4<z>; HiZ drive
v000001b1ec194360_0 .net "clk", 0 0, o000001b1ec13b888;  0 drivers
v000001b1ec1944a0_0 .net "funct3", 2 0, L_000001b1ec1996f0;  1 drivers
v000001b1ec1990b0_0 .net "funct7", 6 0, L_000001b1ec199150;  1 drivers
v000001b1ec198b10_0 .net "instr", 31 0, v000001b1ec18f190_0;  1 drivers
v000001b1ec199a10_0 .net "instr_n", 31 0, v000001b1ec18fb90_0;  1 drivers
v000001b1ec198f70_0 .net "instruction", 31 0, v000001b1ec193bb0_0;  1 drivers
v000001b1ec199dd0_0 .net "jumpl", 0 0, v000001b1ec193b10_0;  1 drivers
v000001b1ec1984d0_0 .net "jumpl_n", 0 0, v000001b1ec18f730_0;  1 drivers
v000001b1ec198750_0 .net "mem_read", 0 0, v000001b1ec192ad0_0;  1 drivers
v000001b1ec1993d0_0 .net "mem_read_n", 0 0, v000001b1ec18f410_0;  1 drivers
v000001b1ec1989d0_0 .net "mem_read_n2", 0 0, v000001b1ec128b10_0;  1 drivers
v000001b1ec198250_0 .net "mem_to_reg", 0 0, v000001b1ec193f70_0;  1 drivers
v000001b1ec199470_0 .net "mem_to_reg_n", 0 0, v000001b1ec18e3d0_0;  1 drivers
v000001b1ec199bf0_0 .net "mem_to_reg_n2", 0 0, v000001b1ec18fc30_0;  1 drivers
v000001b1ec198610_0 .net "mem_to_reg_n3", 0 0, v000001b1ec18fff0_0;  1 drivers
v000001b1ec1982f0_0 .net "mem_write", 0 0, v000001b1ec192a30_0;  1 drivers
v000001b1ec199c90_0 .net "mem_write_n", 0 0, v000001b1ec18e650_0;  1 drivers
v000001b1ec199b50_0 .net "mem_write_n2", 0 0, v000001b1ec18e470_0;  1 drivers
v000001b1ec199970_0 .net "opcode", 6 0, L_000001b1ec19a050;  1 drivers
v000001b1ec199510_0 .net "rd", 4 0, L_000001b1ec199fb0;  1 drivers
v000001b1ec1987f0_0 .net "read_data", 31 0, v000001b1ec192530_0;  1 drivers
v000001b1ec198430_0 .net "read_data_n", 31 0, v000001b1ec18e8d0_0;  1 drivers
v000001b1ec198390_0 .net "reg_write", 0 0, v000001b1ec192b70_0;  1 drivers
o000001b1ec13b9d8 .functor BUFZ 1, C4<z>; HiZ drive
v000001b1ec199ab0_0 .net "reset", 0 0, o000001b1ec13b9d8;  0 drivers
v000001b1ec199650_0 .net "rs1", 4 0, L_000001b1ec198bb0;  1 drivers
v000001b1ec199010_0 .net "rs1_data", 31 0, L_000001b1ec139500;  1 drivers
v000001b1ec198a70_0 .net "rs2", 4 0, L_000001b1ec1981b0;  1 drivers
v000001b1ec1995b0_0 .net "rs2_data", 31 0, L_000001b1ec138d90;  1 drivers
v000001b1ec1998d0_0 .net "rs2_data_n", 31 0, v000001b1ec18ec90_0;  1 drivers
v000001b1ec198930_0 .net "rs2data", 31 0, v000001b1ec18eb50_0;  1 drivers
v000001b1ec199d30_0 .net "write_data_r", 31 0, L_000001b1ec198cf0;  1 drivers
v000001b1ec198570_0 .net "writeback", 31 0, L_000001b1ec198890;  1 drivers
v000001b1ec199e70_0 .net "zerof", 0 0, v000001b1ec1936b0_0;  1 drivers
S_000001b1ec0d2620 .scope module, "EM" "EX_MEM" 2 168, 3 1 0, S_000001b1ec1294b0;
 .timescale 0 0;
    .port_info 0 /INPUT 1 "clk";
    .port_info 1 /INPUT 1 "reset";
    .port_info 2 /INPUT 1 "mem_to_reg";
    .port_info 3 /INPUT 1 "mem_read";
    .port_info 4 /INPUT 1 "mem_write";
    .port_info 5 /INPUT 32 "alu_out";
    .port_info 6 /INPUT 32 "rs2_data";
    .port_info 7 /OUTPUT 1 "mem_to_reg_n2";
    .port_info 8 /OUTPUT 1 "mem_read_n2";
    .port_info 9 /OUTPUT 1 "mem_write_n2";
    .port_info 10 /OUTPUT 32 "alu_out_n";
    .port_info 11 /OUTPUT 32 "rs2_data_n";
v000001b1ec128930_0 .net "alu_out", 31 0, v000001b1ec193610_0;  alias, 1 drivers
v000001b1ec128a70_0 .var "alu_out_n", 31 0;
v000001b1ec128390_0 .net "clk", 0 0, o000001b1ec13b888;  alias, 0 drivers
v000001b1ec128430_0 .net "mem_read", 0 0, v000001b1ec18f410_0;  alias, 1 drivers
v000001b1ec128b10_0 .var "mem_read_n2", 0 0;
v000001b1ec1284d0_0 .net "mem_to_reg", 0 0, v000001b1ec18e3d0_0;  alias, 1 drivers
v000001b1ec18fc30_0 .var "mem_to_reg_n2", 0 0;
v000001b1ec18e290_0 .net "mem_write", 0 0, v000001b1ec18e650_0;  alias, 1 drivers
v000001b1ec18e470_0 .var "mem_write_n2", 0 0;
v000001b1ec18e6f0_0 .net "reset", 0 0, o000001b1ec13b9d8;  alias, 0 drivers
v000001b1ec18f5f0_0 .net "rs2_data", 31 0, v000001b1ec18eb50_0;  alias, 1 drivers
v000001b1ec18ec90_0 .var "rs2_data_n", 31 0;
E_000001b1ec123500 .event posedge, v000001b1ec128390_0;
S_000001b1ec0d2880 .scope module, "ID" "ID_EX" 2 115, 4 1 0, S_000001b1ec1294b0;
 .timescale 0 0;
    .port_info 0 /INPUT 1 "clk";
    .port_info 1 /INPUT 1 "reset";
    .port_info 2 /INPUT 1 "mem_read_en";
    .port_info 3 /INPUT 1 "mem_write_en";
    .port_info 4 /INPUT 1 "mem_to_reg_en";
    .port_info 5 /INPUT 1 "jumpl_en";
    .port_info 6 /INPUT 1 "branch";
    .port_info 7 /INPUT 32 "A_in";
    .port_info 8 /INPUT 32 "B_in";
    .port_info 9 /INPUT 4 "sel";
    .port_info 10 /INPUT 32 "PC_n";
    .port_info 11 /INPUT 32 "PC_in";
    .port_info 12 /INPUT 32 "rs2_data";
    .port_info 13 /INPUT 32 "instr";
    .port_info 14 /OUTPUT 1 "mem_read_n";
    .port_info 15 /OUTPUT 1 "mem_write_n";
    .port_info 16 /OUTPUT 1 "mem_to_reg_n";
    .port_info 17 /OUTPUT 1 "jumpl_n";
    .port_info 18 /OUTPUT 1 "branch_n";
    .port_info 19 /OUTPUT 32 "A";
    .port_info 20 /OUTPUT 32 "B";
    .port_info 21 /OUTPUT 4 "alu_select";
    .port_info 22 /OUTPUT 32 "PC_n2";
    .port_info 23 /OUTPUT 32 "PC_in2";
    .port_info 24 /OUTPUT 32 "rs2data";
    .port_info 25 /OUTPUT 32 "instr_n";
v000001b1ec18f230_0 .var "A", 31 0;
v000001b1ec18e150_0 .net "A_in", 31 0, L_000001b1ec139650;  alias, 1 drivers
v000001b1ec18f870_0 .var "B", 31 0;
v000001b1ec18fe10_0 .net "B_in", 31 0, v000001b1ec193070_0;  alias, 1 drivers
v000001b1ec18e5b0_0 .net "PC_in", 31 0, v000001b1ec18fcd0_0;  alias, 1 drivers
v000001b1ec18e510_0 .var "PC_in2", 31 0;
v000001b1ec18f550_0 .net "PC_n", 31 0, v000001b1ec18feb0_0;  alias, 1 drivers
v000001b1ec18f910_0 .var "PC_n2", 31 0;
v000001b1ec18efb0_0 .var "alu_select", 3 0;
v000001b1ec18e970_0 .net "branch", 0 0, v000001b1ec1928f0_0;  alias, 1 drivers
v000001b1ec18e1f0_0 .var "branch_n", 0 0;
v000001b1ec18f2d0_0 .net "clk", 0 0, o000001b1ec13b888;  alias, 0 drivers
v000001b1ec18fa50_0 .net "instr", 31 0, v000001b1ec18f190_0;  alias, 1 drivers
v000001b1ec18fb90_0 .var "instr_n", 31 0;
v000001b1ec18ed30_0 .net "jumpl_en", 0 0, v000001b1ec193b10_0;  alias, 1 drivers
v000001b1ec18f730_0 .var "jumpl_n", 0 0;
v000001b1ec18e330_0 .net "mem_read_en", 0 0, v000001b1ec192ad0_0;  alias, 1 drivers
v000001b1ec18f410_0 .var "mem_read_n", 0 0;
v000001b1ec18faf0_0 .net "mem_to_reg_en", 0 0, v000001b1ec193f70_0;  alias, 1 drivers
v000001b1ec18e3d0_0 .var "mem_to_reg_n", 0 0;
v000001b1ec18ea10_0 .net "mem_write_en", 0 0, v000001b1ec192a30_0;  alias, 1 drivers
v000001b1ec18e650_0 .var "mem_write_n", 0 0;
v000001b1ec18eab0_0 .net "reset", 0 0, o000001b1ec13b9d8;  alias, 0 drivers
v000001b1ec18f9b0_0 .net "rs2_data", 31 0, L_000001b1ec138d90;  alias, 1 drivers
v000001b1ec18eb50_0 .var "rs2data", 31 0;
v000001b1ec18ef10_0 .net "sel", 3 0, v000001b1ec1939d0_0;  alias, 1 drivers
S_000001b1ec0ed2c0 .scope module, "IF" "IF_ID" 2 41, 5 1 0, S_000001b1ec1294b0;
 .timescale 0 0;
    .port_info 0 /INPUT 1 "clk";
    .port_info 1 /INPUT 1 "reset";
    .port_info 2 /INPUT 32 "PC_new";
    .port_info 3 /INPUT 32 "PC_in";
    .port_info 4 /INPUT 32 "instruction";
    .port_info 5 /OUTPUT 32 "instr";
    .port_info 6 /OUTPUT 32 "PC_n";
    .port_info 7 /OUTPUT 32 "PC_in1";
v000001b1ec18f0f0_0 .net "PC_in", 31 0, v000001b1ec194d60_0;  alias, 1 drivers
v000001b1ec18fcd0_0 .var "PC_in1", 31 0;
v000001b1ec18feb0_0 .var "PC_n", 31 0;
v000001b1ec18e790_0 .net "PC_new", 31 0, L_000001b1ec199f10;  alias, 1 drivers
v000001b1ec18f7d0_0 .net "clk", 0 0, o000001b1ec13b888;  alias, 0 drivers
v000001b1ec18f190_0 .var "instr", 31 0;
v000001b1ec18f370_0 .net "instruction", 31 0, v000001b1ec193bb0_0;  alias, 1 drivers
v000001b1ec18e830_0 .net "reset", 0 0, o000001b1ec13b9d8;  alias, 0 drivers
S_000001b1ec0fdde0 .scope module, "MW" "MEM_WB" 2 194, 6 1 0, S_000001b1ec1294b0;
 .timescale 0 0;
    .port_info 0 /INPUT 1 "clk";
    .port_info 1 /INPUT 1 "reset";
    .port_info 2 /INPUT 1 "mem_to_reg_n2";
    .port_info 3 /INPUT 32 "read_data";
    .port_info 4 /INPUT 32 "alu_result";
    .port_info 5 /OUTPUT 1 "mem_to_reg_n3";
    .port_info 6 /OUTPUT 32 "read_data_n";
    .port_info 7 /OUTPUT 32 "alu_result_n";
v000001b1ec18ebf0_0 .net "alu_result", 31 0, v000001b1ec128a70_0;  alias, 1 drivers
v000001b1ec18fd70_0 .var "alu_result_n", 31 0;
v000001b1ec18ff50_0 .net "clk", 0 0, o000001b1ec13b888;  alias, 0 drivers
v000001b1ec18f4b0_0 .net "mem_to_reg_n2", 0 0, v000001b1ec18fc30_0;  alias, 1 drivers
v000001b1ec18fff0_0 .var "mem_to_reg_n3", 0 0;
v000001b1ec18f690_0 .net "read_data", 31 0, v000001b1ec192530_0;  alias, 1 drivers
v000001b1ec18e8d0_0 .var "read_data_n", 31 0;
v000001b1ec18edd0_0 .net "reset", 0 0, o000001b1ec13b9d8;  alias, 0 drivers
S_000001b1ec0fdf70 .scope module, "PC_add" "adder" 2 31, 7 1 0, S_000001b1ec1294b0;
 .timescale 0 0;
    .port_info 0 /INPUT 32 "PC";
    .port_info 1 /OUTPUT 32 "PC_new";
v000001b1ec18ee70_0 .net "PC", 31 0, v000001b1ec194d60_0;  alias, 1 drivers
v000001b1ec18f050_0 .net "PC_new", 31 0, L_000001b1ec199f10;  alias, 1 drivers
L_000001b1ec19a178 .functor BUFT 1, C4<00000000000000000000000000000100>, C4<0>, C4<0>, C4<0>;
v000001b1ec192e90_0 .net/2u *"_ivl_0", 31 0, L_000001b1ec19a178;  1 drivers
L_000001b1ec199f10 .arith/sum 32, v000001b1ec194d60_0, L_000001b1ec19a178;
S_000001b1ec0fe100 .scope module, "WB" "mux3" 2 152, 8 1 0, S_000001b1ec1294b0;
 .timescale 0 0;
    .port_info 0 /INPUT 1 "jumpl_en";
    .port_info 1 /INPUT 32 "PC_new";
    .port_info 2 /INPUT 32 "alu_result";
    .port_info 3 /OUTPUT 32 "write_back";
v000001b1ec193ed0_0 .net "PC_new", 31 0, v000001b1ec18e510_0;  alias, 1 drivers
v000001b1ec192850_0 .net "alu_result", 31 0, v000001b1ec193610_0;  alias, 1 drivers
v000001b1ec193890_0 .net "jumpl_en", 0 0, v000001b1ec18f730_0;  alias, 1 drivers
v000001b1ec193250_0 .net "write_back", 31 0, L_000001b1ec198890;  alias, 1 drivers
L_000001b1ec198890 .functor MUXZ 32, v000001b1ec193610_0, v000001b1ec18e510_0, v000001b1ec18f730_0, C4<>;
S_000001b1ec0f6310 .scope module, "a_c" "alu_ctrl" 2 80, 9 1 0, S_000001b1ec1294b0;
 .timescale 0 0;
    .port_info 0 /INPUT 3 "func3";
    .port_info 1 /INPUT 7 "func7";
    .port_info 2 /INPUT 1 "alu_op";
    .port_info 3 /OUTPUT 4 "sel";
v000001b1ec192710_0 .net "alu_op", 0 0, v000001b1ec192990_0;  alias, 1 drivers
v000001b1ec193930_0 .net "func3", 2 0, L_000001b1ec1996f0;  alias, 1 drivers
v000001b1ec192d50_0 .net "func7", 6 0, L_000001b1ec199150;  alias, 1 drivers
v000001b1ec1939d0_0 .var "sel", 3 0;
E_000001b1ec123900 .event anyedge, v000001b1ec192710_0, v000001b1ec193930_0, v000001b1ec192d50_0;
S_000001b1ec0f64a0 .scope module, "alu" "ALU" 2 144, 10 1 0, S_000001b1ec1294b0;
 .timescale 0 0;
    .port_info 0 /INPUT 4 "sel";
    .port_info 1 /INPUT 32 "A";
    .port_info 2 /INPUT 32 "B";
    .port_info 3 /OUTPUT 32 "out";
    .port_info 4 /OUTPUT 1 "zeroflag";
v000001b1ec193a70_0 .net "A", 31 0, v000001b1ec18f230_0;  alias, 1 drivers
v000001b1ec192170_0 .net "B", 31 0, v000001b1ec18f870_0;  alias, 1 drivers
v000001b1ec193610_0 .var "out", 31 0;
v000001b1ec1932f0_0 .net "sel", 3 0, v000001b1ec18efb0_0;  alias, 1 drivers
v000001b1ec1936b0_0 .var "zeroflag", 0 0;
E_000001b1ec123b80 .event anyedge, v000001b1ec18efb0_0, v000001b1ec18f230_0, v000001b1ec18f870_0, v000001b1ec128930_0;
S_000001b1ec0f6630 .scope module, "controller" "control_unit" 2 67, 11 1 0, S_000001b1ec1294b0;
 .timescale 0 0;
    .port_info 0 /INPUT 1 "reset";
    .port_info 1 /INPUT 7 "opcode";
    .port_info 2 /OUTPUT 1 "alu_op";
    .port_info 3 /OUTPUT 1 "reg_write_en";
    .port_info 4 /OUTPUT 1 "alu_src";
    .port_info 5 /OUTPUT 1 "mem_to_reg_en";
    .port_info 6 /OUTPUT 1 "mem_read_en";
    .port_info 7 /OUTPUT 1 "mem_write_en";
    .port_info 8 /OUTPUT 1 "jumpl_en";
    .port_info 9 /OUTPUT 1 "branch_en";
v000001b1ec192990_0 .var "alu_op", 0 0;
v000001b1ec193390_0 .var "alu_src", 0 0;
v000001b1ec1928f0_0 .var "branch_en", 0 0;
v000001b1ec193b10_0 .var "jumpl_en", 0 0;
v000001b1ec192ad0_0 .var "mem_read_en", 0 0;
v000001b1ec193f70_0 .var "mem_to_reg_en", 0 0;
v000001b1ec192a30_0 .var "mem_write_en", 0 0;
v000001b1ec1927b0_0 .net "opcode", 6 0, L_000001b1ec19a050;  alias, 1 drivers
v000001b1ec192b70_0 .var "reg_write_en", 0 0;
v000001b1ec192f30_0 .net "reset", 0 0, o000001b1ec13b9d8;  alias, 0 drivers
E_000001b1ec124800 .event anyedge, v000001b1ec18e6f0_0, v000001b1ec1927b0_0;
S_000001b1ec0b67c0 .scope module, "decode" "decoder" 2 55, 12 1 0, S_000001b1ec1294b0;
 .timescale 0 0;
    .port_info 0 /INPUT 32 "instruction";
    .port_info 1 /OUTPUT 7 "func7";
    .port_info 2 /OUTPUT 5 "rs2";
    .port_info 3 /OUTPUT 5 "rs1";
    .port_info 4 /OUTPUT 3 "func3";
    .port_info 5 /OUTPUT 5 "rd";
    .port_info 6 /OUTPUT 7 "opcode";
v000001b1ec192c10_0 .net "func3", 2 0, L_000001b1ec1996f0;  alias, 1 drivers
v000001b1ec1931b0_0 .net "func7", 6 0, L_000001b1ec199150;  alias, 1 drivers
v000001b1ec192cb0_0 .net "instruction", 31 0, v000001b1ec18f190_0;  alias, 1 drivers
v000001b1ec192df0_0 .net "opcode", 6 0, L_000001b1ec19a050;  alias, 1 drivers
v000001b1ec1922b0_0 .net "rd", 4 0, L_000001b1ec199fb0;  alias, 1 drivers
v000001b1ec192350_0 .net "rs1", 4 0, L_000001b1ec198bb0;  alias, 1 drivers
v000001b1ec193c50_0 .net "rs2", 4 0, L_000001b1ec1981b0;  alias, 1 drivers
L_000001b1ec199150 .part v000001b1ec18f190_0, 25, 7;
L_000001b1ec1981b0 .part v000001b1ec18f190_0, 20, 5;
L_000001b1ec198bb0 .part v000001b1ec18f190_0, 15, 5;
L_000001b1ec1996f0 .part v000001b1ec18f190_0, 12, 3;
L_000001b1ec199fb0 .part v000001b1ec18f190_0, 7, 5;
L_000001b1ec19a050 .part v000001b1ec18f190_0, 0, 7;
S_000001b1ec0b6950 .scope module, "i_m" "instruction_mem" 2 36, 13 1 0, S_000001b1ec1294b0;
 .timescale 0 0;
    .port_info 0 /INPUT 32 "address";
    .port_info 1 /OUTPUT 32 "instruction";
v000001b1ec1923f0_0 .net "address", 31 0, v000001b1ec194d60_0;  alias, 1 drivers
v000001b1ec192fd0 .array "instr_mem", 63 0, 31 0;
v000001b1ec193bb0_0 .var "instruction", 31 0;
v000001b1ec192fd0_0 .array/port v000001b1ec192fd0, 0;
v000001b1ec192fd0_1 .array/port v000001b1ec192fd0, 1;
v000001b1ec192fd0_2 .array/port v000001b1ec192fd0, 2;
E_000001b1ec125680/0 .event anyedge, v000001b1ec18f0f0_0, v000001b1ec192fd0_0, v000001b1ec192fd0_1, v000001b1ec192fd0_2;
v000001b1ec192fd0_3 .array/port v000001b1ec192fd0, 3;
v000001b1ec192fd0_4 .array/port v000001b1ec192fd0, 4;
v000001b1ec192fd0_5 .array/port v000001b1ec192fd0, 5;
v000001b1ec192fd0_6 .array/port v000001b1ec192fd0, 6;
E_000001b1ec125680/1 .event anyedge, v000001b1ec192fd0_3, v000001b1ec192fd0_4, v000001b1ec192fd0_5, v000001b1ec192fd0_6;
v000001b1ec192fd0_7 .array/port v000001b1ec192fd0, 7;
v000001b1ec192fd0_8 .array/port v000001b1ec192fd0, 8;
v000001b1ec192fd0_9 .array/port v000001b1ec192fd0, 9;
v000001b1ec192fd0_10 .array/port v000001b1ec192fd0, 10;
E_000001b1ec125680/2 .event anyedge, v000001b1ec192fd0_7, v000001b1ec192fd0_8, v000001b1ec192fd0_9, v000001b1ec192fd0_10;
v000001b1ec192fd0_11 .array/port v000001b1ec192fd0, 11;
v000001b1ec192fd0_12 .array/port v000001b1ec192fd0, 12;
v000001b1ec192fd0_13 .array/port v000001b1ec192fd0, 13;
v000001b1ec192fd0_14 .array/port v000001b1ec192fd0, 14;
E_000001b1ec125680/3 .event anyedge, v000001b1ec192fd0_11, v000001b1ec192fd0_12, v000001b1ec192fd0_13, v000001b1ec192fd0_14;
v000001b1ec192fd0_15 .array/port v000001b1ec192fd0, 15;
v000001b1ec192fd0_16 .array/port v000001b1ec192fd0, 16;
v000001b1ec192fd0_17 .array/port v000001b1ec192fd0, 17;
v000001b1ec192fd0_18 .array/port v000001b1ec192fd0, 18;
E_000001b1ec125680/4 .event anyedge, v000001b1ec192fd0_15, v000001b1ec192fd0_16, v000001b1ec192fd0_17, v000001b1ec192fd0_18;
v000001b1ec192fd0_19 .array/port v000001b1ec192fd0, 19;
v000001b1ec192fd0_20 .array/port v000001b1ec192fd0, 20;
v000001b1ec192fd0_21 .array/port v000001b1ec192fd0, 21;
v000001b1ec192fd0_22 .array/port v000001b1ec192fd0, 22;
E_000001b1ec125680/5 .event anyedge, v000001b1ec192fd0_19, v000001b1ec192fd0_20, v000001b1ec192fd0_21, v000001b1ec192fd0_22;
v000001b1ec192fd0_23 .array/port v000001b1ec192fd0, 23;
v000001b1ec192fd0_24 .array/port v000001b1ec192fd0, 24;
v000001b1ec192fd0_25 .array/port v000001b1ec192fd0, 25;
v000001b1ec192fd0_26 .array/port v000001b1ec192fd0, 26;
E_000001b1ec125680/6 .event anyedge, v000001b1ec192fd0_23, v000001b1ec192fd0_24, v000001b1ec192fd0_25, v000001b1ec192fd0_26;
v000001b1ec192fd0_27 .array/port v000001b1ec192fd0, 27;
v000001b1ec192fd0_28 .array/port v000001b1ec192fd0, 28;
v000001b1ec192fd0_29 .array/port v000001b1ec192fd0, 29;
v000001b1ec192fd0_30 .array/port v000001b1ec192fd0, 30;
E_000001b1ec125680/7 .event anyedge, v000001b1ec192fd0_27, v000001b1ec192fd0_28, v000001b1ec192fd0_29, v000001b1ec192fd0_30;
v000001b1ec192fd0_31 .array/port v000001b1ec192fd0, 31;
v000001b1ec192fd0_32 .array/port v000001b1ec192fd0, 32;
v000001b1ec192fd0_33 .array/port v000001b1ec192fd0, 33;
v000001b1ec192fd0_34 .array/port v000001b1ec192fd0, 34;
E_000001b1ec125680/8 .event anyedge, v000001b1ec192fd0_31, v000001b1ec192fd0_32, v000001b1ec192fd0_33, v000001b1ec192fd0_34;
v000001b1ec192fd0_35 .array/port v000001b1ec192fd0, 35;
v000001b1ec192fd0_36 .array/port v000001b1ec192fd0, 36;
v000001b1ec192fd0_37 .array/port v000001b1ec192fd0, 37;
v000001b1ec192fd0_38 .array/port v000001b1ec192fd0, 38;
E_000001b1ec125680/9 .event anyedge, v000001b1ec192fd0_35, v000001b1ec192fd0_36, v000001b1ec192fd0_37, v000001b1ec192fd0_38;
v000001b1ec192fd0_39 .array/port v000001b1ec192fd0, 39;
v000001b1ec192fd0_40 .array/port v000001b1ec192fd0, 40;
v000001b1ec192fd0_41 .array/port v000001b1ec192fd0, 41;
v000001b1ec192fd0_42 .array/port v000001b1ec192fd0, 42;
E_000001b1ec125680/10 .event anyedge, v000001b1ec192fd0_39, v000001b1ec192fd0_40, v000001b1ec192fd0_41, v000001b1ec192fd0_42;
v000001b1ec192fd0_43 .array/port v000001b1ec192fd0, 43;
v000001b1ec192fd0_44 .array/port v000001b1ec192fd0, 44;
v000001b1ec192fd0_45 .array/port v000001b1ec192fd0, 45;
v000001b1ec192fd0_46 .array/port v000001b1ec192fd0, 46;
E_000001b1ec125680/11 .event anyedge, v000001b1ec192fd0_43, v000001b1ec192fd0_44, v000001b1ec192fd0_45, v000001b1ec192fd0_46;
v000001b1ec192fd0_47 .array/port v000001b1ec192fd0, 47;
v000001b1ec192fd0_48 .array/port v000001b1ec192fd0, 48;
v000001b1ec192fd0_49 .array/port v000001b1ec192fd0, 49;
v000001b1ec192fd0_50 .array/port v000001b1ec192fd0, 50;
E_000001b1ec125680/12 .event anyedge, v000001b1ec192fd0_47, v000001b1ec192fd0_48, v000001b1ec192fd0_49, v000001b1ec192fd0_50;
v000001b1ec192fd0_51 .array/port v000001b1ec192fd0, 51;
v000001b1ec192fd0_52 .array/port v000001b1ec192fd0, 52;
v000001b1ec192fd0_53 .array/port v000001b1ec192fd0, 53;
v000001b1ec192fd0_54 .array/port v000001b1ec192fd0, 54;
E_000001b1ec125680/13 .event anyedge, v000001b1ec192fd0_51, v000001b1ec192fd0_52, v000001b1ec192fd0_53, v000001b1ec192fd0_54;
v000001b1ec192fd0_55 .array/port v000001b1ec192fd0, 55;
v000001b1ec192fd0_56 .array/port v000001b1ec192fd0, 56;
v000001b1ec192fd0_57 .array/port v000001b1ec192fd0, 57;
v000001b1ec192fd0_58 .array/port v000001b1ec192fd0, 58;
E_000001b1ec125680/14 .event anyedge, v000001b1ec192fd0_55, v000001b1ec192fd0_56, v000001b1ec192fd0_57, v000001b1ec192fd0_58;
v000001b1ec192fd0_59 .array/port v000001b1ec192fd0, 59;
v000001b1ec192fd0_60 .array/port v000001b1ec192fd0, 60;
v000001b1ec192fd0_61 .array/port v000001b1ec192fd0, 61;
v000001b1ec192fd0_62 .array/port v000001b1ec192fd0, 62;
E_000001b1ec125680/15 .event anyedge, v000001b1ec192fd0_59, v000001b1ec192fd0_60, v000001b1ec192fd0_61, v000001b1ec192fd0_62;
v000001b1ec192fd0_63 .array/port v000001b1ec192fd0, 63;
E_000001b1ec125680/16 .event anyedge, v000001b1ec192fd0_63;
E_000001b1ec125680 .event/or E_000001b1ec125680/0, E_000001b1ec125680/1, E_000001b1ec125680/2, E_000001b1ec125680/3, E_000001b1ec125680/4, E_000001b1ec125680/5, E_000001b1ec125680/6, E_000001b1ec125680/7, E_000001b1ec125680/8, E_000001b1ec125680/9, E_000001b1ec125680/10, E_000001b1ec125680/11, E_000001b1ec125680/12, E_000001b1ec125680/13, E_000001b1ec125680/14, E_000001b1ec125680/15, E_000001b1ec125680/16;
S_000001b1ec0b6ae0 .scope module, "imm_values" "imm" 2 98, 14 1 0, S_000001b1ec1294b0;
 .timescale 0 0;
    .port_info 0 /INPUT 1 "alu_src";
    .port_info 1 /INPUT 1 "mem_write_en";
    .port_info 2 /INPUT 32 "instruction";
    .port_info 3 /INPUT 32 "rs2_data";
    .port_info 4 /OUTPUT 32 "B";
v000001b1ec193070_0 .var "B", 31 0;
v000001b1ec192490_0 .net "alu_src", 0 0, v000001b1ec193390_0;  alias, 1 drivers
v000001b1ec193430_0 .net "instruction", 31 0, v000001b1ec18f190_0;  alias, 1 drivers
v000001b1ec192210_0 .net "mem_write_en", 0 0, v000001b1ec192a30_0;  alias, 1 drivers
v000001b1ec193110_0 .net "rs2_data", 31 0, L_000001b1ec138d90;  alias, 1 drivers
E_000001b1ec125940 .event anyedge, v000001b1ec193390_0, v000001b1ec18ea10_0, v000001b1ec18fa50_0, v000001b1ec18f9b0_0;
S_000001b1ec0bc510 .scope module, "m1" "mux1" 2 204, 15 1 0, S_000001b1ec1294b0;
 .timescale 0 0;
    .port_info 0 /INPUT 1 "mem_to_reg_en";
    .port_info 1 /INPUT 32 "read_data";
    .port_info 2 /INPUT 32 "alu_res";
    .port_info 3 /OUTPUT 32 "write_data";
v000001b1ec193cf0_0 .net "alu_res", 31 0, v000001b1ec18fd70_0;  alias, 1 drivers
v000001b1ec1934d0_0 .net "mem_to_reg_en", 0 0, v000001b1ec18fff0_0;  alias, 1 drivers
v000001b1ec193750_0 .net "read_data", 31 0, v000001b1ec18e8d0_0;  alias, 1 drivers
v000001b1ec1925d0_0 .net "write_data", 31 0, L_000001b1ec198cf0;  alias, 1 drivers
L_000001b1ec198cf0 .functor MUXZ 32, v000001b1ec18fd70_0, v000001b1ec18e8d0_0, v000001b1ec18fff0_0, C4<>;
S_000001b1ec0bc6a0 .scope module, "mem" "memory" 2 183, 16 1 0, S_000001b1ec1294b0;
 .timescale 0 0;
    .port_info 0 /INPUT 1 "clk";
    .port_info 1 /INPUT 1 "reset";
    .port_info 2 /INPUT 32 "address";
    .port_info 3 /INPUT 1 "mem_write_en";
    .port_info 4 /INPUT 1 "mem_read_en";
    .port_info 5 /INPUT 32 "write_data";
    .port_info 6 /OUTPUT 32 "read_data";
v000001b1ec194010_0 .net "address", 31 0, v000001b1ec128a70_0;  alias, 1 drivers
v000001b1ec193570_0 .net "clk", 0 0, o000001b1ec13b888;  alias, 0 drivers
v000001b1ec1937f0 .array "data_mem", 255 0, 31 0;
v000001b1ec193d90_0 .net "mem_read_en", 0 0, v000001b1ec128b10_0;  alias, 1 drivers
v000001b1ec193e30_0 .net "mem_write_en", 0 0, v000001b1ec18e470_0;  alias, 1 drivers
v000001b1ec192530_0 .var "read_data", 31 0;
v000001b1ec192670_0 .net "reset", 0 0, o000001b1ec13b9d8;  alias, 0 drivers
v000001b1ec194f40_0 .net "write_data", 31 0, v000001b1ec18ec90_0;  alias, 1 drivers
S_000001b1ec0bc830 .scope module, "pc" "mux2" 2 157, 17 1 0, S_000001b1ec1294b0;
 .timescale 0 0;
    .port_info 0 /INPUT 32 "PC";
    .port_info 1 /INPUT 32 "PC_new";
    .port_info 2 /INPUT 1 "jumpl_en";
    .port_info 3 /INPUT 32 "instruction";
    .port_info 4 /INPUT 1 "branch_en";
    .port_info 5 /INPUT 1 "zeroflag";
    .port_info 6 /OUTPUT 32 "PC_next";
v000001b1ec1942c0_0 .net "PC", 31 0, v000001b1ec18e510_0;  alias, 1 drivers
v000001b1ec194b80_0 .net "PC_new", 31 0, v000001b1ec18f910_0;  alias, 1 drivers
v000001b1ec195620_0 .var "PC_next", 31 0;
v000001b1ec194540_0 .net "branch_en", 0 0, v000001b1ec18e1f0_0;  alias, 1 drivers
v000001b1ec194fe0_0 .net "instruction", 31 0, v000001b1ec18fb90_0;  alias, 1 drivers
v000001b1ec195080_0 .net "jumpl_en", 0 0, v000001b1ec18f730_0;  alias, 1 drivers
v000001b1ec195260_0 .net "zeroflag", 0 0, v000001b1ec1936b0_0;  alias, 1 drivers
E_000001b1ec125a00/0 .event anyedge, v000001b1ec18f730_0, v000001b1ec18e510_0, v000001b1ec18fb90_0, v000001b1ec18e1f0_0;
E_000001b1ec125a00/1 .event anyedge, v000001b1ec1936b0_0, v000001b1ec18f910_0;
E_000001b1ec125a00 .event/or E_000001b1ec125a00/0, E_000001b1ec125a00/1;
S_000001b1ec0c0a60 .scope module, "program_counter" "PC" 2 25, 18 1 0, S_000001b1ec1294b0;
 .timescale 0 0;
    .port_info 0 /INPUT 1 "clk";
    .port_info 1 /INPUT 1 "reset";
    .port_info 2 /INPUT 32 "PC_next";
    .port_info 3 /OUTPUT 32 "PC";
v000001b1ec194d60_0 .var "PC", 31 0;
v000001b1ec195120_0 .net "PC_next", 31 0, v000001b1ec195620_0;  alias, 1 drivers
v000001b1ec194c20_0 .net "clk", 0 0, o000001b1ec13b888;  alias, 0 drivers
v000001b1ec195da0_0 .net "reset", 0 0, o000001b1ec13b9d8;  alias, 0 drivers
S_000001b1ec1964b0 .scope module, "registers" "reg_file" 2 87, 19 1 0, S_000001b1ec1294b0;
 .timescale 0 0;
    .port_info 0 /INPUT 1 "reset";
    .port_info 1 /INPUT 5 "rs1";
    .port_info 2 /INPUT 5 "rs2";
    .port_info 3 /INPUT 5 "rd";
    .port_info 4 /INPUT 1 "reg_write_en";
    .port_info 5 /INPUT 32 "write_data";
    .port_info 6 /OUTPUT 32 "rs1_data";
    .port_info 7 /OUTPUT 32 "rs2_data";
L_000001b1ec139500 .functor BUFZ 32, L_000001b1ec199790, C4<00000000000000000000000000000000>, C4<00000000000000000000000000000000>, C4<00000000000000000000000000000000>;
L_000001b1ec138d90 .functor BUFZ 32, L_000001b1ec198c50, C4<00000000000000000000000000000000>, C4<00000000000000000000000000000000>, C4<00000000000000000000000000000000>;
v000001b1ec194cc0_0 .net *"_ivl_0", 31 0, L_000001b1ec199790;  1 drivers
v000001b1ec194ea0_0 .net *"_ivl_10", 6 0, L_000001b1ec1986b0;  1 drivers
L_000001b1ec19a208 .functor BUFT 1, C4<00>, C4<0>, C4<0>, C4<0>;
v000001b1ec1951c0_0 .net *"_ivl_13", 1 0, L_000001b1ec19a208;  1 drivers
v000001b1ec1947c0_0 .net *"_ivl_2", 6 0, L_000001b1ec1991f0;  1 drivers
L_000001b1ec19a1c0 .functor BUFT 1, C4<00>, C4<0>, C4<0>, C4<0>;
v000001b1ec194680_0 .net *"_ivl_5", 1 0, L_000001b1ec19a1c0;  1 drivers
v000001b1ec1949a0_0 .net *"_ivl_8", 31 0, L_000001b1ec198c50;  1 drivers
v000001b1ec1958a0_0 .var/i "i", 31 0;
v000001b1ec195300_0 .net "rd", 4 0, L_000001b1ec199fb0;  alias, 1 drivers
v000001b1ec195e40_0 .net "reg_write_en", 0 0, v000001b1ec192b70_0;  alias, 1 drivers
v000001b1ec194180 .array "registers", 0 31, 31 0;
v000001b1ec1959e0_0 .net "reset", 0 0, o000001b1ec13b9d8;  alias, 0 drivers
v000001b1ec194e00_0 .net "rs1", 4 0, L_000001b1ec198bb0;  alias, 1 drivers
v000001b1ec1953a0_0 .net "rs1_data", 31 0, L_000001b1ec139500;  alias, 1 drivers
v000001b1ec196020_0 .net "rs2", 4 0, L_000001b1ec1981b0;  alias, 1 drivers
v000001b1ec195f80_0 .net "rs2_data", 31 0, L_000001b1ec138d90;  alias, 1 drivers
v000001b1ec194720_0 .net "write_data", 31 0, L_000001b1ec198cf0;  alias, 1 drivers
E_000001b1ec125340 .event anyedge, v000001b1ec18e6f0_0, v000001b1ec192b70_0, v000001b1ec1922b0_0, v000001b1ec1925d0_0;
L_000001b1ec199790 .array/port v000001b1ec194180, L_000001b1ec1991f0;
L_000001b1ec1991f0 .concat [ 5 2 0 0], L_000001b1ec198bb0, L_000001b1ec19a1c0;
L_000001b1ec198c50 .array/port v000001b1ec194180, L_000001b1ec1986b0;
L_000001b1ec1986b0 .concat [ 5 2 0 0], L_000001b1ec1981b0, L_000001b1ec19a208;
    .scope S_000001b1ec0c0a60;
T_0 ;
    %wait E_000001b1ec123500;
    %load/vec4 v000001b1ec195da0_0;
    %flag_set/vec4 8;
    %jmp/0xz  T_0.0, 8;
    %pushi/vec4 0, 0, 32;
    %assign/vec4 v000001b1ec194d60_0, 0;
    %jmp T_0.1;
T_0.0 ;
    %load/vec4 v000001b1ec195120_0;
    %assign/vec4 v000001b1ec194d60_0, 0;
T_0.1 ;
    %jmp T_0;
    .thread T_0;
    .scope S_000001b1ec0b6950;
T_1 ;
    %vpi_call 13 9 "$readmemh", "instruction.hex", v000001b1ec192fd0 {0 0 0};
    %end;
    .thread T_1;
    .scope S_000001b1ec0b6950;
T_2 ;
    %wait E_000001b1ec125680;
    %load/vec4 v000001b1ec1923f0_0;
    %ix/load 4, 2, 0;
    %flag_set/imm 4, 0;
    %shiftr 4;
    %cmpi/u 64, 0, 32;
    %jmp/0xz  T_2.0, 5;
    %load/vec4 v000001b1ec1923f0_0;
    %ix/load 5, 2, 0;
    %flag_set/imm 4, 0;
    %shiftr 5;
    %ix/vec4 4;
    %load/vec4a v000001b1ec192fd0, 4;
    %store/vec4 v000001b1ec193bb0_0, 0, 32;
    %jmp T_2.1;
T_2.0 ;
    %pushi/vec4 0, 0, 32;
    %store/vec4 v000001b1ec193bb0_0, 0, 32;
T_2.1 ;
    %jmp T_2;
    .thread T_2, $push;
    .scope S_000001b1ec0ed2c0;
T_3 ;
    %wait E_000001b1ec123500;
    %load/vec4 v000001b1ec18e830_0;
    %flag_set/vec4 8;
    %jmp/0xz  T_3.0, 8;
    %pushi/vec4 0, 0, 32;
    %assign/vec4 v000001b1ec18f190_0, 0;
    %pushi/vec4 0, 0, 32;
    %assign/vec4 v000001b1ec18feb0_0, 0;
    %pushi/vec4 0, 0, 32;
    %assign/vec4 v000001b1ec18fcd0_0, 0;
    %jmp T_3.1;
T_3.0 ;
    %load/vec4 v000001b1ec18f370_0;
    %assign/vec4 v000001b1ec18f190_0, 0;
    %load/vec4 v000001b1ec18e790_0;
    %assign/vec4 v000001b1ec18feb0_0, 0;
    %load/vec4 v000001b1ec18f0f0_0;
    %assign/vec4 v000001b1ec18fcd0_0, 0;
T_3.1 ;
    %jmp T_3;
    .thread T_3;
    .scope S_000001b1ec0f6630;
T_4 ;
    %wait E_000001b1ec124800;
    %load/vec4 v000001b1ec192f30_0;
    %flag_set/vec4 8;
    %jmp/0xz  T_4.0, 8;
    %pushi/vec4 0, 0, 1;
    %store/vec4 v000001b1ec192b70_0, 0, 1;
    %pushi/vec4 0, 0, 1;
    %store/vec4 v000001b1ec193390_0, 0, 1;
    %pushi/vec4 0, 0, 1;
    %store/vec4 v000001b1ec192ad0_0, 0, 1;
    %pushi/vec4 0, 0, 1;
    %store/vec4 v000001b1ec192a30_0, 0, 1;
    %pushi/vec4 0, 0, 1;
    %store/vec4 v000001b1ec193f70_0, 0, 1;
    %pushi/vec4 0, 0, 1;
    %store/vec4 v000001b1ec192990_0, 0, 1;
    %pushi/vec4 0, 0, 1;
    %store/vec4 v000001b1ec193b10_0, 0, 1;
    %pushi/vec4 0, 0, 1;
    %store/vec4 v000001b1ec1928f0_0, 0, 1;
T_4.0 ;
    %load/vec4 v000001b1ec1927b0_0;
    %dup/vec4;
    %pushi/vec4 51, 0, 7;
    %cmp/u;
    %jmp/1 T_4.2, 6;
    %dup/vec4;
    %pushi/vec4 19, 0, 7;
    %cmp/u;
    %jmp/1 T_4.3, 6;
    %dup/vec4;
    %pushi/vec4 3, 0, 7;
    %cmp/u;
    %jmp/1 T_4.4, 6;
    %dup/vec4;
    %pushi/vec4 35, 0, 7;
    %cmp/u;
    %jmp/1 T_4.5, 6;
    %dup/vec4;
    %pushi/vec4 111, 0, 7;
    %cmp/u;
    %jmp/1 T_4.6, 6;
    %dup/vec4;
    %pushi/vec4 99, 0, 7;
    %cmp/u;
    %jmp/1 T_4.7, 6;
    %jmp T_4.8;
T_4.2 ;
    %pushi/vec4 1, 0, 1;
    %store/vec4 v000001b1ec192b70_0, 0, 1;
    %pushi/vec4 0, 0, 1;
    %store/vec4 v000001b1ec193390_0, 0, 1;
    %pushi/vec4 0, 0, 1;
    %store/vec4 v000001b1ec192ad0_0, 0, 1;
    %pushi/vec4 0, 0, 1;
    %store/vec4 v000001b1ec192a30_0, 0, 1;
    %pushi/vec4 0, 0, 1;
    %store/vec4 v000001b1ec193f70_0, 0, 1;
    %pushi/vec4 1, 0, 1;
    %store/vec4 v000001b1ec192990_0, 0, 1;
    %pushi/vec4 0, 0, 1;
    %store/vec4 v000001b1ec193b10_0, 0, 1;
    %jmp T_4.8;
T_4.3 ;
    %pushi/vec4 1, 0, 1;
    %store/vec4 v000001b1ec192b70_0, 0, 1;
    %pushi/vec4 1, 0, 1;
    %store/vec4 v000001b1ec193390_0, 0, 1;
    %pushi/vec4 0, 0, 1;
    %store/vec4 v000001b1ec192ad0_0, 0, 1;
    %pushi/vec4 0, 0, 1;
    %store/vec4 v000001b1ec192a30_0, 0, 1;
    %pushi/vec4 0, 0, 1;
    %store/vec4 v000001b1ec193f70_0, 0, 1;
    %pushi/vec4 1, 0, 1;
    %store/vec4 v000001b1ec192990_0, 0, 1;
    %pushi/vec4 0, 0, 1;
    %store/vec4 v000001b1ec193b10_0, 0, 1;
    %jmp T_4.8;
T_4.4 ;
    %pushi/vec4 1, 0, 1;
    %store/vec4 v000001b1ec193f70_0, 0, 1;
    %pushi/vec4 1, 0, 1;
    %store/vec4 v000001b1ec192ad0_0, 0, 1;
    %pushi/vec4 0, 0, 1;
    %store/vec4 v000001b1ec192a30_0, 0, 1;
    %pushi/vec4 1, 0, 1;
    %store/vec4 v000001b1ec192b70_0, 0, 1;
    %pushi/vec4 1, 0, 1;
    %store/vec4 v000001b1ec193390_0, 0, 1;
    %pushi/vec4 0, 0, 1;
    %store/vec4 v000001b1ec192990_0, 0, 1;
    %pushi/vec4 0, 0, 1;
    %store/vec4 v000001b1ec193b10_0, 0, 1;
    %jmp T_4.8;
T_4.5 ;
    %pushi/vec4 0, 0, 1;
    %store/vec4 v000001b1ec192990_0, 0, 1;
    %pushi/vec4 1, 0, 1;
    %store/vec4 v000001b1ec192a30_0, 0, 1;
    %pushi/vec4 1, 0, 1;
    %store/vec4 v000001b1ec193390_0, 0, 1;
    %pushi/vec4 0, 0, 1;
    %store/vec4 v000001b1ec193b10_0, 0, 1;
    %pushi/vec4 1, 0, 1;
    %store/vec4 v000001b1ec193f70_0, 0, 1;
    %pushi/vec4 1, 0, 1;
    %store/vec4 v000001b1ec192ad0_0, 0, 1;
    %pushi/vec4 1, 0, 1;
    %store/vec4 v000001b1ec192b70_0, 0, 1;
    %jmp T_4.8;
T_4.6 ;
    %pushi/vec4 1, 0, 1;
    %store/vec4 v000001b1ec193b10_0, 0, 1;
    %pushi/vec4 0, 0, 1;
    %store/vec4 v000001b1ec193f70_0, 0, 1;
    %pushi/vec4 0, 0, 1;
    %store/vec4 v000001b1ec192ad0_0, 0, 1;
    %pushi/vec4 0, 0, 1;
    %store/vec4 v000001b1ec192a30_0, 0, 1;
    %pushi/vec4 1, 0, 1;
    %store/vec4 v000001b1ec192b70_0, 0, 1;
    %pushi/vec4 0, 0, 1;
    %store/vec4 v000001b1ec193390_0, 0, 1;
    %pushi/vec4 0, 0, 1;
    %store/vec4 v000001b1ec192990_0, 0, 1;
    %jmp T_4.8;
T_4.7 ;
    %pushi/vec4 1, 0, 1;
    %store/vec4 v000001b1ec1928f0_0, 0, 1;
    %pushi/vec4 0, 0, 1;
    %store/vec4 v000001b1ec192990_0, 0, 1;
    %pushi/vec4 0, 0, 1;
    %store/vec4 v000001b1ec193f70_0, 0, 1;
    %pushi/vec4 0, 0, 1;
    %store/vec4 v000001b1ec192ad0_0, 0, 1;
    %pushi/vec4 0, 0, 1;
    %store/vec4 v000001b1ec192a30_0, 0, 1;
    %pushi/vec4 0, 0, 1;
    %store/vec4 v000001b1ec192b70_0, 0, 1;
    %pushi/vec4 0, 0, 1;
    %store/vec4 v000001b1ec193390_0, 0, 1;
    %pushi/vec4 0, 0, 1;
    %store/vec4 v000001b1ec193b10_0, 0, 1;
    %jmp T_4.8;
T_4.8 ;
    %pop/vec4 1;
    %jmp T_4;
    .thread T_4, $push;
    .scope S_000001b1ec0f6310;
T_5 ;
    %wait E_000001b1ec123900;
    %load/vec4 v000001b1ec192710_0;
    %cmpi/e 1, 0, 1;
    %jmp/0xz  T_5.0, 4;
    %load/vec4 v000001b1ec193930_0;
    %dup/vec4;
    %pushi/vec4 0, 0, 3;
    %cmp/u;
    %jmp/1 T_5.2, 6;
    %dup/vec4;
    %pushi/vec4 1, 0, 3;
    %cmp/u;
    %jmp/1 T_5.3, 6;
    %dup/vec4;
    %pushi/vec4 2, 0, 3;
    %cmp/u;
    %jmp/1 T_5.4, 6;
    %dup/vec4;
    %pushi/vec4 3, 0, 3;
    %cmp/u;
    %jmp/1 T_5.5, 6;
    %dup/vec4;
    %pushi/vec4 4, 0, 3;
    %cmp/u;
    %jmp/1 T_5.6, 6;
    %dup/vec4;
    %pushi/vec4 5, 0, 3;
    %cmp/u;
    %jmp/1 T_5.7, 6;
    %dup/vec4;
    %pushi/vec4 6, 0, 3;
    %cmp/u;
    %jmp/1 T_5.8, 6;
    %dup/vec4;
    %pushi/vec4 7, 0, 3;
    %cmp/u;
    %jmp/1 T_5.9, 6;
    %pushi/vec4 0, 0, 4;
    %store/vec4 v000001b1ec1939d0_0, 0, 4;
    %jmp T_5.11;
T_5.2 ;
    %load/vec4 v000001b1ec192d50_0;
    %cmpi/e 0, 0, 7;
    %jmp/0xz  T_5.12, 4;
    %pushi/vec4 0, 0, 4;
    %store/vec4 v000001b1ec1939d0_0, 0, 4;
    %jmp T_5.13;
T_5.12 ;
    %pushi/vec4 1, 0, 4;
    %store/vec4 v000001b1ec1939d0_0, 0, 4;
T_5.13 ;
    %jmp T_5.11;
T_5.3 ;
    %pushi/vec4 5, 0, 4;
    %store/vec4 v000001b1ec1939d0_0, 0, 4;
    %jmp T_5.11;
T_5.4 ;
    %pushi/vec4 8, 0, 4;
    %store/vec4 v000001b1ec1939d0_0, 0, 4;
    %jmp T_5.11;
T_5.5 ;
    %pushi/vec4 9, 0, 4;
    %store/vec4 v000001b1ec1939d0_0, 0, 4;
    %jmp T_5.11;
T_5.6 ;
    %pushi/vec4 2, 0, 4;
    %store/vec4 v000001b1ec1939d0_0, 0, 4;
    %jmp T_5.11;
T_5.7 ;
    %load/vec4 v000001b1ec192d50_0;
    %cmpi/e 0, 0, 7;
    %jmp/0xz  T_5.14, 4;
    %pushi/vec4 6, 0, 4;
    %store/vec4 v000001b1ec1939d0_0, 0, 4;
    %jmp T_5.15;
T_5.14 ;
    %pushi/vec4 7, 0, 4;
    %store/vec4 v000001b1ec1939d0_0, 0, 4;
T_5.15 ;
    %jmp T_5.11;
T_5.8 ;
    %pushi/vec4 3, 0, 4;
    %store/vec4 v000001b1ec1939d0_0, 0, 4;
    %jmp T_5.11;
T_5.9 ;
    %pushi/vec4 4, 0, 4;
    %store/vec4 v000001b1ec1939d0_0, 0, 4;
    %jmp T_5.11;
T_5.11 ;
    %pop/vec4 1;
    %jmp T_5.1;
T_5.0 ;
    %pushi/vec4 0, 0, 4;
    %store/vec4 v000001b1ec1939d0_0, 0, 4;
T_5.1 ;
    %jmp T_5;
    .thread T_5, $push;
    .scope S_000001b1ec1964b0;
T_6 ;
    %wait E_000001b1ec125340;
    %load/vec4 v000001b1ec1959e0_0;
    %flag_set/vec4 8;
    %jmp/0xz  T_6.0, 8;
    %pushi/vec4 0, 0, 32;
    %store/vec4 v000001b1ec1958a0_0, 0, 32;
T_6.2 ;
    %load/vec4 v000001b1ec1958a0_0;
    %cmpi/s 32, 0, 32;
    %jmp/0xz T_6.3, 5;
    %pushi/vec4 0, 0, 32;
    %ix/getv/s 3, v000001b1ec1958a0_0;
    %ix/load 4, 0, 0; Constant delay
    %assign/vec4/a/d v000001b1ec194180, 0, 4;
    %load/vec4 v000001b1ec1958a0_0;
    %addi 1, 0, 32;
    %store/vec4 v000001b1ec1958a0_0, 0, 32;
    %jmp T_6.2;
T_6.3 ;
    %jmp T_6.1;
T_6.0 ;
    %load/vec4 v000001b1ec195e40_0;
    %load/vec4 v000001b1ec195300_0;
    %pushi/vec4 0, 0, 5;
    %cmp/ne;
    %flag_get/vec4 4;
    %and;
    %flag_set/vec4 8;
    %jmp/0xz  T_6.4, 8;
    %load/vec4 v000001b1ec194720_0;
    %load/vec4 v000001b1ec195300_0;
    %pad/u 7;
    %ix/vec4 3;
    %ix/load 4, 0, 0; Constant delay
    %assign/vec4/a/d v000001b1ec194180, 0, 4;
T_6.4 ;
T_6.1 ;
    %jmp T_6;
    .thread T_6, $push;
    .scope S_000001b1ec0b6ae0;
T_7 ;
    %wait E_000001b1ec125940;
    %load/vec4 v000001b1ec192490_0;
    %pushi/vec4 1, 0, 1;
    %cmp/e;
    %flag_get/vec4 4;
    %load/vec4 v000001b1ec192210_0;
    %and;
    %flag_set/vec4 8;
    %jmp/0xz  T_7.0, 8;
    %load/vec4 v000001b1ec193430_0;
    %parti/s 1, 31, 6;
    %replicate 25;
    %load/vec4 v000001b1ec193430_0;
    %parti/s 7, 25, 6;
    %concat/vec4; draw_concat_vec4
    %store/vec4 v000001b1ec193070_0, 0, 32;
    %jmp T_7.1;
T_7.0 ;
    %load/vec4 v000001b1ec192490_0;
    %cmpi/e 1, 0, 1;
    %jmp/0xz  T_7.2, 4;
    %load/vec4 v000001b1ec193430_0;
    %parti/s 1, 31, 6;
    %replicate 20;
    %load/vec4 v000001b1ec193430_0;
    %parti/s 12, 20, 6;
    %concat/vec4; draw_concat_vec4
    %store/vec4 v000001b1ec193070_0, 0, 32;
    %jmp T_7.3;
T_7.2 ;
    %load/vec4 v000001b1ec193110_0;
    %store/vec4 v000001b1ec193070_0, 0, 32;
T_7.3 ;
T_7.1 ;
    %jmp T_7;
    .thread T_7, $push;
    .scope S_000001b1ec0d2880;
T_8 ;
    %wait E_000001b1ec123500;
    %load/vec4 v000001b1ec18eab0_0;
    %flag_set/vec4 8;
    %jmp/0xz  T_8.0, 8;
    %pushi/vec4 0, 0, 1;
    %assign/vec4 v000001b1ec18f410_0, 0;
    %pushi/vec4 0, 0, 1;
    %assign/vec4 v000001b1ec18e650_0, 0;
    %pushi/vec4 0, 0, 1;
    %assign/vec4 v000001b1ec18e3d0_0, 0;
    %pushi/vec4 0, 0, 1;
    %assign/vec4 v000001b1ec18f730_0, 0;
    %pushi/vec4 0, 0, 1;
    %assign/vec4 v000001b1ec18e1f0_0, 0;
    %pushi/vec4 0, 0, 32;
    %assign/vec4 v000001b1ec18f230_0, 0;
    %pushi/vec4 0, 0, 32;
    %assign/vec4 v000001b1ec18f870_0, 0;
    %pushi/vec4 0, 0, 4;
    %assign/vec4 v000001b1ec18efb0_0, 0;
    %pushi/vec4 0, 0, 32;
    %assign/vec4 v000001b1ec18f910_0, 0;
    %pushi/vec4 0, 0, 32;
    %assign/vec4 v000001b1ec18e510_0, 0;
    %pushi/vec4 0, 0, 32;
    %assign/vec4 v000001b1ec18fb90_0, 0;
    %jmp T_8.1;
T_8.0 ;
    %load/vec4 v000001b1ec18e330_0;
    %assign/vec4 v000001b1ec18f410_0, 0;
    %load/vec4 v000001b1ec18ea10_0;
    %assign/vec4 v000001b1ec18e650_0, 0;
    %load/vec4 v000001b1ec18faf0_0;
    %assign/vec4 v000001b1ec18e3d0_0, 0;
    %load/vec4 v000001b1ec18ed30_0;
    %assign/vec4 v000001b1ec18f730_0, 0;
    %load/vec4 v000001b1ec18e970_0;
    %assign/vec4 v000001b1ec18e1f0_0, 0;
    %load/vec4 v000001b1ec18e150_0;
    %assign/vec4 v000001b1ec18f230_0, 0;
    %load/vec4 v000001b1ec18fe10_0;
    %assign/vec4 v000001b1ec18f870_0, 0;
    %load/vec4 v000001b1ec18ef10_0;
    %assign/vec4 v000001b1ec18efb0_0, 0;
    %load/vec4 v000001b1ec18f550_0;
    %assign/vec4 v000001b1ec18f910_0, 0;
    %load/vec4 v000001b1ec18e5b0_0;
    %assign/vec4 v000001b1ec18e510_0, 0;
    %load/vec4 v000001b1ec18f9b0_0;
    %assign/vec4 v000001b1ec18eb50_0, 0;
    %load/vec4 v000001b1ec18fa50_0;
    %assign/vec4 v000001b1ec18fb90_0, 0;
T_8.1 ;
    %jmp T_8;
    .thread T_8;
    .scope S_000001b1ec0f64a0;
T_9 ;
    %wait E_000001b1ec123b80;
    %load/vec4 v000001b1ec1932f0_0;
    %dup/vec4;
    %pushi/vec4 0, 0, 4;
    %cmp/u;
    %jmp/1 T_9.0, 6;
    %dup/vec4;
    %pushi/vec4 1, 0, 4;
    %cmp/u;
    %jmp/1 T_9.1, 6;
    %dup/vec4;
    %pushi/vec4 2, 0, 4;
    %cmp/u;
    %jmp/1 T_9.2, 6;
    %dup/vec4;
    %pushi/vec4 3, 0, 4;
    %cmp/u;
    %jmp/1 T_9.3, 6;
    %dup/vec4;
    %pushi/vec4 4, 0, 4;
    %cmp/u;
    %jmp/1 T_9.4, 6;
    %dup/vec4;
    %pushi/vec4 5, 0, 4;
    %cmp/u;
    %jmp/1 T_9.5, 6;
    %dup/vec4;
    %pushi/vec4 6, 0, 4;
    %cmp/u;
    %jmp/1 T_9.6, 6;
    %dup/vec4;
    %pushi/vec4 7, 0, 4;
    %cmp/u;
    %jmp/1 T_9.7, 6;
    %dup/vec4;
    %pushi/vec4 8, 0, 4;
    %cmp/u;
    %jmp/1 T_9.8, 6;
    %dup/vec4;
    %pushi/vec4 9, 0, 4;
    %cmp/u;
    %jmp/1 T_9.9, 6;
    %pushi/vec4 0, 0, 32;
    %store/vec4 v000001b1ec193610_0, 0, 32;
    %jmp T_9.11;
T_9.0 ;
    %load/vec4 v000001b1ec193a70_0;
    %load/vec4 v000001b1ec192170_0;
    %add;
    %store/vec4 v000001b1ec193610_0, 0, 32;
    %jmp T_9.11;
T_9.1 ;
    %load/vec4 v000001b1ec193a70_0;
    %load/vec4 v000001b1ec192170_0;
    %sub;
    %store/vec4 v000001b1ec193610_0, 0, 32;
    %jmp T_9.11;
T_9.2 ;
    %load/vec4 v000001b1ec193a70_0;
    %load/vec4 v000001b1ec192170_0;
    %xor;
    %store/vec4 v000001b1ec193610_0, 0, 32;
    %jmp T_9.11;
T_9.3 ;
    %load/vec4 v000001b1ec193a70_0;
    %load/vec4 v000001b1ec192170_0;
    %or;
    %store/vec4 v000001b1ec193610_0, 0, 32;
    %jmp T_9.11;
T_9.4 ;
    %load/vec4 v000001b1ec193a70_0;
    %load/vec4 v000001b1ec192170_0;
    %and;
    %store/vec4 v000001b1ec193610_0, 0, 32;
    %jmp T_9.11;
T_9.5 ;
    %load/vec4 v000001b1ec193a70_0;
    %ix/getv 4, v000001b1ec192170_0;
    %shiftl 4;
    %store/vec4 v000001b1ec193610_0, 0, 32;
    %jmp T_9.11;
T_9.6 ;
    %load/vec4 v000001b1ec193a70_0;
    %ix/getv 4, v000001b1ec192170_0;
    %shiftr 4;
    %store/vec4 v000001b1ec193610_0, 0, 32;
    %jmp T_9.11;
T_9.7 ;
    %load/vec4 v000001b1ec193a70_0;
    %ix/getv 4, v000001b1ec192170_0;
    %shiftr 4;
    %store/vec4 v000001b1ec193610_0, 0, 32;
    %jmp T_9.11;
T_9.8 ;
    %load/vec4 v000001b1ec193a70_0;
    %load/vec4 v000001b1ec192170_0;
    %cmp/u;
    %flag_mov 8, 5;
    %jmp/0 T_9.12, 8;
    %pushi/vec4 1, 0, 32;
    %jmp/1 T_9.13, 8;
T_9.12 ; End of true expr.
    %pushi/vec4 0, 0, 32;
    %jmp/0 T_9.13, 8;
 ; End of false expr.
    %blend;
T_9.13;
    %store/vec4 v000001b1ec193610_0, 0, 32;
    %jmp T_9.11;
T_9.9 ;
    %load/vec4 v000001b1ec193a70_0;
    %load/vec4 v000001b1ec192170_0;
    %cmp/u;
    %flag_mov 8, 5;
    %jmp/0 T_9.14, 8;
    %pushi/vec4 1, 0, 32;
    %jmp/1 T_9.15, 8;
T_9.14 ; End of true expr.
    %pushi/vec4 0, 0, 32;
    %jmp/0 T_9.15, 8;
 ; End of false expr.
    %blend;
T_9.15;
    %store/vec4 v000001b1ec193610_0, 0, 32;
    %jmp T_9.11;
T_9.11 ;
    %pop/vec4 1;
    %load/vec4 v000001b1ec193610_0;
    %pushi/vec4 0, 0, 32;
    %cmp/e;
    %flag_get/vec4 4;
    %store/vec4 v000001b1ec1936b0_0, 0, 1;
    %jmp T_9;
    .thread T_9, $push;
    .scope S_000001b1ec0bc830;
T_10 ;
    %wait E_000001b1ec125a00;
    %load/vec4 v000001b1ec195080_0;
    %flag_set/vec4 8;
    %jmp/0xz  T_10.0, 8;
    %load/vec4 v000001b1ec1942c0_0;
    %load/vec4 v000001b1ec194fe0_0;
    %parti/s 1, 31, 6;
    %replicate 12;
    %load/vec4 v000001b1ec194fe0_0;
    %parti/s 20, 12, 5;
    %concat/vec4; draw_concat_vec4
    %add;
    %store/vec4 v000001b1ec195620_0, 0, 32;
    %jmp T_10.1;
T_10.0 ;
    %load/vec4 v000001b1ec194540_0;
    %load/vec4 v000001b1ec195260_0;
    %and;
    %flag_set/vec4 8;
    %jmp/0xz  T_10.2, 8;
    %load/vec4 v000001b1ec1942c0_0;
    %load/vec4 v000001b1ec194fe0_0;
    %parti/s 1, 31, 6;
    %replicate 20;
    %load/vec4 v000001b1ec194fe0_0;
    %parti/s 1, 7, 4;
    %load/vec4 v000001b1ec194fe0_0;
    %parti/s 6, 25, 6;
    %concat/vec4; draw_concat_vec4
    %load/vec4 v000001b1ec194fe0_0;
    %parti/s 4, 8, 5;
    %concat/vec4; draw_concat_vec4
    %concati/vec4 0, 0, 1;
    %concat/vec4; draw_concat_vec4
    %add;
    %store/vec4 v000001b1ec195620_0, 0, 32;
    %jmp T_10.3;
T_10.2 ;
    %load/vec4 v000001b1ec194b80_0;
    %store/vec4 v000001b1ec195620_0, 0, 32;
T_10.3 ;
T_10.1 ;
    %jmp T_10;
    .thread T_10, $push;
    .scope S_000001b1ec0d2620;
T_11 ;
    %wait E_000001b1ec123500;
    %load/vec4 v000001b1ec18e6f0_0;
    %flag_set/vec4 8;
    %jmp/0xz  T_11.0, 8;
    %pushi/vec4 0, 0, 1;
    %assign/vec4 v000001b1ec18fc30_0, 0;
    %pushi/vec4 0, 0, 1;
    %assign/vec4 v000001b1ec128b10_0, 0;
    %pushi/vec4 0, 0, 1;
    %assign/vec4 v000001b1ec18e470_0, 0;
    %pushi/vec4 0, 0, 32;
    %assign/vec4 v000001b1ec128a70_0, 0;
    %pushi/vec4 0, 0, 32;
    %assign/vec4 v000001b1ec18ec90_0, 0;
    %jmp T_11.1;
T_11.0 ;
    %load/vec4 v000001b1ec1284d0_0;
    %assign/vec4 v000001b1ec18fc30_0, 0;
    %load/vec4 v000001b1ec128430_0;
    %assign/vec4 v000001b1ec128b10_0, 0;
    %load/vec4 v000001b1ec18e290_0;
    %assign/vec4 v000001b1ec18e470_0, 0;
    %load/vec4 v000001b1ec128930_0;
    %assign/vec4 v000001b1ec128a70_0, 0;
    %load/vec4 v000001b1ec18f5f0_0;
    %assign/vec4 v000001b1ec18ec90_0, 0;
T_11.1 ;
    %jmp T_11;
    .thread T_11;
    .scope S_000001b1ec0bc6a0;
T_12 ;
    %wait E_000001b1ec123500;
    %load/vec4 v000001b1ec192670_0;
    %flag_set/vec4 8;
    %jmp/0xz  T_12.0, 8;
    %pushi/vec4 0, 0, 32;
    %assign/vec4 v000001b1ec192530_0, 0;
T_12.0 ;
    %load/vec4 v000001b1ec193d90_0;
    %load/vec4 v000001b1ec194010_0;
    %ix/load 4, 2, 0;
    %flag_set/imm 4, 0;
    %shiftr 4;
    %cmpi/u 256, 0, 32;
    %flag_get/vec4 5;
    %and;
    %flag_set/vec4 8;
    %jmp/0xz  T_12.2, 8;
    %load/vec4 v000001b1ec194010_0;
    %ix/load 5, 2, 0;
    %flag_set/imm 4, 0;
    %shiftr 5;
    %ix/vec4 4;
    %load/vec4a v000001b1ec1937f0, 4;
    %assign/vec4 v000001b1ec192530_0, 0;
T_12.2 ;
    %load/vec4 v000001b1ec193e30_0;
    %load/vec4 v000001b1ec194010_0;
    %ix/load 4, 2, 0;
    %flag_set/imm 4, 0;
    %shiftr 4;
    %cmpi/u 256, 0, 32;
    %flag_get/vec4 5;
    %and;
    %flag_set/vec4 8;
    %jmp/0xz  T_12.4, 8;
    %load/vec4 v000001b1ec194f40_0;
    %load/vec4 v000001b1ec194010_0;
    %ix/load 4, 2, 0;
    %flag_set/imm 4, 0;
    %shiftr 4;
    %ix/vec4 3;
    %ix/load 4, 0, 0; Constant delay
    %assign/vec4/a/d v000001b1ec1937f0, 0, 4;
T_12.4 ;
    %jmp T_12;
    .thread T_12;
    .scope S_000001b1ec0fdde0;
T_13 ;
    %wait E_000001b1ec123500;
    %load/vec4 v000001b1ec18edd0_0;
    %flag_set/vec4 8;
    %jmp/0xz  T_13.0, 8;
    %pushi/vec4 0, 0, 1;
    %assign/vec4 v000001b1ec18fff0_0, 0;
    %pushi/vec4 0, 0, 32;
    %assign/vec4 v000001b1ec18e8d0_0, 0;
    %pushi/vec4 0, 0, 32;
    %assign/vec4 v000001b1ec18fd70_0, 0;
    %jmp T_13.1;
T_13.0 ;
    %load/vec4 v000001b1ec18f4b0_0;
    %assign/vec4 v000001b1ec18fff0_0, 0;
    %load/vec4 v000001b1ec18f690_0;
    %assign/vec4 v000001b1ec18e8d0_0, 0;
    %load/vec4 v000001b1ec18ebf0_0;
    %assign/vec4 v000001b1ec18fd70_0, 0;
T_13.1 ;
    %jmp T_13;
    .thread T_13;
# The file index is used to find the file name in the following table.
:file_names 20;
    "N/A";
    "<interactive>";
    "design.v";
    "./EX_MEM.v";
    "./ID_EX.v";
    "./IF_ID.v";
    "./MEM_WB.v";
    "./adder.v";
    "./mux3.v";
    "./alu_ctrl.v";
    "./ALU.v";
    "./control_unit.v";
    "./decoder.v";
    "./instruction_mem.v";
    "./imm.v";
    "./mux1.v";
    "./memory.v";
    "./mux2.v";
    "./PC.v";
    "./reg_file.v";
