#! /c/Source/iverilog-install/bin/vvp
:ivl_version "12.0 (devel)" "(s20150603-1110-g18392a46)";
:ivl_delay_selection "TYPICAL";
:vpi_time_precision + 0;
:vpi_module "C:\iverilog\lib\ivl\system.vpi";
:vpi_module "C:\iverilog\lib\ivl\vhdl_sys.vpi";
:vpi_module "C:\iverilog\lib\ivl\vhdl_textio.vpi";
:vpi_module "C:\iverilog\lib\ivl\v2005_math.vpi";
:vpi_module "C:\iverilog\lib\ivl\va_math.vpi";
S_000001158af0c6b0 .scope module, "tb" "tb" 2 1;
 .timescale 0 0;
v000001158af783e0_0 .var "clk", 0 0;
v000001158af78840_0 .var "reset", 0 0;
S_000001158aea1c80 .scope module, "uut" "riscv" 2 6, 3 19 0, S_000001158af0c6b0;
 .timescale 0 0;
    .port_info 0 /INPUT 1 "clk";
    .port_info 1 /INPUT 1 "reset";
v000001158af74a00_0 .net "A", 31 0, v000001158af3d230_0;  1 drivers
v000001158af73ec0_0 .net "A_in", 31 0, L_000001158aeff020;  1 drivers
v000001158af73e20_0 .net "Alu_out", 31 0, v000001158af72bd0_0;  1 drivers
v000001158af74f00_0 .net "B", 31 0, v000001158af3c0b0_0;  1 drivers
v000001158af73880_0 .net "B_in", 31 0, v000001158af712d0_0;  1 drivers
v000001158af73f60_0 .net "PC", 31 0, v000001158af73740_0;  1 drivers
v000001158af74e60_0 .net "PC_n", 31 0, v000001158af3c830_0;  1 drivers
v000001158af73920_0 .net "PC_n2", 31 0, v000001158af3cdd0_0;  1 drivers
v000001158af74320_0 .net "PC_new", 31 0, L_000001158af787a0;  1 drivers
v000001158af74500_0 .net "PC_next", 31 0, v000001158af71730_0;  1 drivers
v000001158af74140_0 .net "alu_op", 0 0, v000001158af72270_0;  1 drivers
v000001158af74aa0_0 .net "alu_out_n", 31 0, v000001158aefb100_0;  1 drivers
v000001158af73c40_0 .net "alu_result_n", 31 0, v000001158af3c470_0;  1 drivers
v000001158af74b40_0 .net "alu_sel", 3 0, v000001158af72130_0;  1 drivers
v000001158af74c80_0 .net "alu_select", 3 0, v000001158af3d410_0;  1 drivers
v000001158af731a0_0 .net "alu_src", 0 0, v000001158af72950_0;  1 drivers
v000001158af732e0_0 .net "branch", 0 0, v000001158af72810_0;  1 drivers
v000001158af73a60_0 .net "branch_n", 0 0, v000001158af3d2d0_0;  1 drivers
v000001158af74dc0_0 .net "clk", 0 0, v000001158af783e0_0;  1 drivers
v000001158af73240_0 .net "funct3", 2 0, L_000001158af77260;  1 drivers
v000001158af73b00_0 .net "funct7", 6 0, L_000001158af78fc0;  1 drivers
v000001158af73380_0 .net "instr", 31 0, v000001158af3cb50_0;  1 drivers
v000001158af73560_0 .net "instr_n", 31 0, v000001158af3bf70_0;  1 drivers
v000001158af73600_0 .net "instruction", 31 0, v000001158af71d70_0;  1 drivers
v000001158af736a0_0 .net "jumpl", 0 0, v000001158af72450_0;  1 drivers
v000001158af73ba0_0 .net "jumpl_n", 0 0, v000001158af3d0f0_0;  1 drivers
v000001158af73ce0_0 .net "mem_read", 0 0, v000001158af71f50_0;  1 drivers
v000001158af771c0_0 .net "mem_read_n", 0 0, v000001158af3ce70_0;  1 drivers
v000001158af78ca0_0 .net "mem_read_n2", 0 0, v000001158aefb4c0_0;  1 drivers
v000001158af77a80_0 .net "mem_to_reg", 0 0, v000001158af72d10_0;  1 drivers
v000001158af778a0_0 .net "mem_to_reg_n", 0 0, v000001158af3b890_0;  1 drivers
v000001158af77120_0 .net "mem_to_reg_n2", 0 0, v000001158aefb6a0_0;  1 drivers
v000001158af780c0_0 .net "mem_to_reg_n3", 0 0, v000001158af3cfb0_0;  1 drivers
v000001158af77b20_0 .net "mem_write", 0 0, v000001158af71e10_0;  1 drivers
v000001158af77580_0 .net "mem_write_n", 0 0, v000001158af3ca10_0;  1 drivers
v000001158af779e0_0 .net "mem_write_n2", 0 0, v000001158af3c5b0_0;  1 drivers
v000001158af78160_0 .net "opcode", 6 0, L_000001158af78d40;  1 drivers
v000001158af77bc0_0 .net "rd", 4 0, L_000001158af77ee0;  1 drivers
v000001158af77c60_0 .net "read_data", 31 0, v000001158af71550_0;  1 drivers
v000001158af78020_0 .net "read_data_n", 31 0, v000001158af3b9d0_0;  1 drivers
v000001158af77d00_0 .net "reg_write", 0 0, v000001158af723b0_0;  1 drivers
v000001158af78de0_0 .net "reset", 0 0, v000001158af78840_0;  1 drivers
v000001158af788e0_0 .net "rs1", 4 0, L_000001158af77da0;  1 drivers
v000001158af77300_0 .net "rs2", 4 0, L_000001158af77940;  1 drivers
v000001158af78660_0 .net "rs2_data", 31 0, L_000001158aeff100;  1 drivers
v000001158af78ac0_0 .net "rs2_data_n", 31 0, v000001158af3b750_0;  1 drivers
v000001158af78f20_0 .net "rs2data", 31 0, v000001158af3cd30_0;  1 drivers
v000001158af78700_0 .net "write_data_r", 31 0, v000001158af72c70_0;  1 drivers
v000001158af773a0_0 .net "writeback", 31 0, L_000001158af774e0;  1 drivers
v000001158af77e40_0 .net "zerof", 0 0, v000001158af721d0_0;  1 drivers
S_000001158aea1e10 .scope module, "EM" "EX_MEM" 3 168, 4 1 0, S_000001158aea1c80;
 .timescale 0 0;
    .port_info 0 /INPUT 1 "clk";
    .port_info 1 /INPUT 1 "reset";
    .port_info 2 /INPUT 1 "mem_to_reg";
    .port_info 3 /INPUT 1 "mem_read";
    .port_info 4 /INPUT 1 "mem_write";
    .port_info 5 /INPUT 32 "alu_out";
    .port_info 6 /INPUT 32 "rs2_data";
    .port_info 7 /OUTPUT 1 "mem_to_reg_n2";
    .port_info 8 /OUTPUT 1 "mem_read_n2";
    .port_info 9 /OUTPUT 1 "mem_write_n2";
    .port_info 10 /OUTPUT 32 "alu_out_n";
    .port_info 11 /OUTPUT 32 "rs2_data_n";
v000001158aefade0_0 .net "alu_out", 31 0, v000001158af72bd0_0;  alias, 1 drivers
v000001158aefb100_0 .var "alu_out_n", 31 0;
v000001158aefafc0_0 .net "clk", 0 0, v000001158af783e0_0;  alias, 1 drivers
v000001158aefb060_0 .net "mem_read", 0 0, v000001158af3ce70_0;  alias, 1 drivers
v000001158aefb4c0_0 .var "mem_read_n2", 0 0;
v000001158aefb560_0 .net "mem_to_reg", 0 0, v000001158af3b890_0;  alias, 1 drivers
v000001158aefb6a0_0 .var "mem_to_reg_n2", 0 0;
v000001158af3b6b0_0 .net "mem_write", 0 0, v000001158af3ca10_0;  alias, 1 drivers
v000001158af3c5b0_0 .var "mem_write_n2", 0 0;
v000001158af3ba70_0 .net "reset", 0 0, v000001158af78840_0;  alias, 1 drivers
v000001158af3bed0_0 .net "rs2_data", 31 0, v000001158af3cd30_0;  alias, 1 drivers
v000001158af3b750_0 .var "rs2_data_n", 31 0;
E_000001158aef02e0 .event posedge, v000001158aefafc0_0;
S_000001158aea1fa0 .scope module, "ID" "ID_EX" 3 122, 5 1 0, S_000001158aea1c80;
 .timescale 0 0;
    .port_info 0 /INPUT 1 "clk";
    .port_info 1 /INPUT 1 "reset";
    .port_info 2 /INPUT 1 "mem_read_en";
    .port_info 3 /INPUT 1 "mem_write_en";
    .port_info 4 /INPUT 1 "mem_to_reg_en";
    .port_info 5 /INPUT 1 "jumpl_en";
    .port_info 6 /INPUT 1 "branch";
    .port_info 7 /INPUT 32 "A_in";
    .port_info 8 /INPUT 32 "B_in";
    .port_info 9 /INPUT 4 "sel";
    .port_info 10 /INPUT 32 "PC_n";
    .port_info 11 /INPUT 32 "rs2_data";
    .port_info 12 /INPUT 32 "instr";
    .port_info 13 /OUTPUT 1 "mem_read_n";
    .port_info 14 /OUTPUT 1 "mem_write_n";
    .port_info 15 /OUTPUT 1 "mem_to_reg_n";
    .port_info 16 /OUTPUT 1 "jumpl_n";
    .port_info 17 /OUTPUT 1 "branch_n";
    .port_info 18 /OUTPUT 32 "A";
    .port_info 19 /OUTPUT 32 "B";
    .port_info 20 /OUTPUT 4 "alu_select";
    .port_info 21 /OUTPUT 32 "PC_n2";
    .port_info 22 /OUTPUT 32 "rs2data";
    .port_info 23 /OUTPUT 32 "instr_n";
v000001158af3d230_0 .var "A", 31 0;
v000001158af3d050_0 .net "A_in", 31 0, L_000001158aeff020;  alias, 1 drivers
v000001158af3c0b0_0 .var "B", 31 0;
v000001158af3be30_0 .net "B_in", 31 0, v000001158af712d0_0;  alias, 1 drivers
v000001158af3cab0_0 .net "PC_n", 31 0, v000001158af3c830_0;  alias, 1 drivers
v000001158af3cdd0_0 .var "PC_n2", 31 0;
v000001158af3d410_0 .var "alu_select", 3 0;
v000001158af3c970_0 .net "branch", 0 0, v000001158af72810_0;  alias, 1 drivers
v000001158af3d2d0_0 .var "branch_n", 0 0;
v000001158af3c010_0 .net "clk", 0 0, v000001158af783e0_0;  alias, 1 drivers
v000001158af3d370_0 .net "instr", 31 0, v000001158af3cb50_0;  alias, 1 drivers
v000001158af3bf70_0 .var "instr_n", 31 0;
v000001158af3b7f0_0 .net "jumpl_en", 0 0, v000001158af72450_0;  alias, 1 drivers
v000001158af3d0f0_0 .var "jumpl_n", 0 0;
v000001158af3cf10_0 .net "mem_read_en", 0 0, v000001158af71f50_0;  alias, 1 drivers
v000001158af3ce70_0 .var "mem_read_n", 0 0;
v000001158af3c150_0 .net "mem_to_reg_en", 0 0, v000001158af72d10_0;  alias, 1 drivers
v000001158af3b890_0 .var "mem_to_reg_n", 0 0;
v000001158af3bb10_0 .net "mem_write_en", 0 0, v000001158af71e10_0;  alias, 1 drivers
v000001158af3ca10_0 .var "mem_write_n", 0 0;
v000001158af3c1f0_0 .net "reset", 0 0, v000001158af78840_0;  alias, 1 drivers
v000001158af3c510_0 .net "rs2_data", 31 0, L_000001158aeff100;  alias, 1 drivers
v000001158af3cd30_0 .var "rs2data", 31 0;
v000001158af3c650_0 .net "sel", 3 0, v000001158af72130_0;  alias, 1 drivers
S_000001158aebb0b0 .scope module, "IF" "IF_ID" 3 51, 6 1 0, S_000001158aea1c80;
 .timescale 0 0;
    .port_info 0 /INPUT 1 "clk";
    .port_info 1 /INPUT 1 "reset";
    .port_info 2 /INPUT 32 "PC_new";
    .port_info 3 /INPUT 32 "instruction";
    .port_info 4 /OUTPUT 32 "instr";
    .port_info 5 /OUTPUT 32 "PC_n";
v000001158af3c830_0 .var "PC_n", 31 0;
v000001158af3c330_0 .net "PC_new", 31 0, L_000001158af787a0;  alias, 1 drivers
v000001158af3c3d0_0 .net "clk", 0 0, v000001158af783e0_0;  alias, 1 drivers
v000001158af3cb50_0 .var "instr", 31 0;
v000001158af3bbb0_0 .net "instruction", 31 0, v000001158af71d70_0;  alias, 1 drivers
v000001158af3d4b0_0 .net "reset", 0 0, v000001158af78840_0;  alias, 1 drivers
S_000001158aebb240 .scope module, "MW" "MEM_WB" 3 194, 7 1 0, S_000001158aea1c80;
 .timescale 0 0;
    .port_info 0 /INPUT 1 "clk";
    .port_info 1 /INPUT 1 "reset";
    .port_info 2 /INPUT 1 "mem_to_reg_n2";
    .port_info 3 /INPUT 32 "read_data";
    .port_info 4 /INPUT 32 "alu_result";
    .port_info 5 /OUTPUT 1 "mem_to_reg_n3";
    .port_info 6 /OUTPUT 32 "read_data_n";
    .port_info 7 /OUTPUT 32 "alu_result_n";
v000001158af3c290_0 .net "alu_result", 31 0, v000001158aefb100_0;  alias, 1 drivers
v000001158af3c470_0 .var "alu_result_n", 31 0;
v000001158af3b930_0 .net "clk", 0 0, v000001158af783e0_0;  alias, 1 drivers
v000001158af3c6f0_0 .net "mem_to_reg_n2", 0 0, v000001158aefb6a0_0;  alias, 1 drivers
v000001158af3cfb0_0 .var "mem_to_reg_n3", 0 0;
v000001158af3cbf0_0 .net "read_data", 31 0, v000001158af71550_0;  alias, 1 drivers
v000001158af3b9d0_0 .var "read_data_n", 31 0;
v000001158af3d550_0 .net "reset", 0 0, v000001158af78840_0;  alias, 1 drivers
S_000001158aeced10 .scope module, "PC_add" "adder" 3 31, 8 1 0, S_000001158aea1c80;
 .timescale 0 0;
    .port_info 0 /INPUT 32 "PC";
    .port_info 1 /OUTPUT 32 "PC_new";
v000001158af3d190_0 .net "PC", 31 0, v000001158af73740_0;  alias, 1 drivers
v000001158af3bc50_0 .net "PC_new", 31 0, L_000001158af787a0;  alias, 1 drivers
L_000001158af790e8 .functor BUFT 1, C4<00000000000000000000000000000100>, C4<0>, C4<0>, C4<0>;
v000001158af3c790_0 .net/2u *"_ivl_0", 31 0, L_000001158af790e8;  1 drivers
L_000001158af787a0 .arith/sum 32, v000001158af73740_0, L_000001158af790e8;
S_000001158aeceea0 .scope module, "WB" "mux3" 3 158, 9 1 0, S_000001158aea1c80;
 .timescale 0 0;
    .port_info 0 /INPUT 1 "jumpl_en";
    .port_info 1 /INPUT 32 "PC_new";
    .port_info 2 /INPUT 32 "alu_result";
    .port_info 3 /OUTPUT 32 "write_back";
v000001158af3c8d0_0 .net "PC_new", 31 0, v000001158af3cdd0_0;  alias, 1 drivers
v000001158af3bcf0_0 .net "alu_result", 31 0, v000001158af72bd0_0;  alias, 1 drivers
v000001158af3bd90_0 .net "jumpl_en", 0 0, v000001158af3d0f0_0;  alias, 1 drivers
v000001158af3cc90_0 .net "write_back", 31 0, L_000001158af774e0;  alias, 1 drivers
L_000001158af774e0 .functor MUXZ 32, v000001158af72bd0_0, v000001158af3cdd0_0, v000001158af3d0f0_0, C4<>;
S_000001158aecf030 .scope module, "a_c" "alu_ctrl" 3 88, 10 1 0, S_000001158aea1c80;
 .timescale 0 0;
    .port_info 0 /INPUT 3 "func3";
    .port_info 1 /INPUT 7 "func7";
    .port_info 2 /INPUT 1 "alu_op";
    .port_info 3 /OUTPUT 4 "sel";
v000001158af72310_0 .net "alu_op", 0 0, v000001158af72270_0;  alias, 1 drivers
v000001158af71910_0 .net "func3", 2 0, L_000001158af77260;  alias, 1 drivers
v000001158af71cd0_0 .net "func7", 6 0, L_000001158af78fc0;  alias, 1 drivers
v000001158af72130_0 .var "sel", 3 0;
E_000001158aef0720 .event anyedge, v000001158af72310_0, v000001158af71910_0, v000001158af71cd0_0;
S_000001158aec1e20 .scope module, "alu" "ALU" 3 150, 11 1 0, S_000001158aea1c80;
 .timescale 0 0;
    .port_info 0 /INPUT 4 "sel";
    .port_info 1 /INPUT 32 "A";
    .port_info 2 /INPUT 32 "B";
    .port_info 3 /OUTPUT 32 "out";
    .port_info 4 /OUTPUT 1 "zeroflag";
v000001158af72a90_0 .net "A", 31 0, v000001158af3d230_0;  alias, 1 drivers
v000001158af71eb0_0 .net "B", 31 0, v000001158af3c0b0_0;  alias, 1 drivers
v000001158af72bd0_0 .var "out", 31 0;
v000001158af72ef0_0 .net "sel", 3 0, v000001158af3d410_0;  alias, 1 drivers
v000001158af721d0_0 .var "zeroflag", 0 0;
E_000001158aef1ea0 .event anyedge, v000001158af3d410_0, v000001158af3d230_0, v000001158af3c0b0_0, v000001158aefade0_0;
S_000001158aec1fb0 .scope module, "controller" "control_unit" 3 75, 12 1 0, S_000001158aea1c80;
 .timescale 0 0;
    .port_info 0 /INPUT 1 "reset";
    .port_info 1 /INPUT 7 "opcode";
    .port_info 2 /OUTPUT 1 "alu_op";
    .port_info 3 /OUTPUT 1 "reg_write_en";
    .port_info 4 /OUTPUT 1 "alu_src";
    .port_info 5 /OUTPUT 1 "mem_to_reg_en";
    .port_info 6 /OUTPUT 1 "mem_read_en";
    .port_info 7 /OUTPUT 1 "mem_write_en";
    .port_info 8 /OUTPUT 1 "jumpl_en";
    .port_info 9 /OUTPUT 1 "branch_en";
v000001158af72270_0 .var "alu_op", 0 0;
v000001158af72950_0 .var "alu_src", 0 0;
v000001158af72810_0 .var "branch_en", 0 0;
v000001158af72450_0 .var "jumpl_en", 0 0;
v000001158af71f50_0 .var "mem_read_en", 0 0;
v000001158af72d10_0 .var "mem_to_reg_en", 0 0;
v000001158af71e10_0 .var "mem_write_en", 0 0;
v000001158af719b0_0 .net "opcode", 6 0, L_000001158af78d40;  alias, 1 drivers
v000001158af723b0_0 .var "reg_write_en", 0 0;
v000001158af71b90_0 .net "reset", 0 0, v000001158af78840_0;  alias, 1 drivers
E_000001158aef13a0 .event anyedge, v000001158af3ba70_0, v000001158af719b0_0;
S_000001158aec2140 .scope module, "decode" "decoder" 3 63, 13 1 0, S_000001158aea1c80;
 .timescale 0 0;
    .port_info 0 /INPUT 32 "instruction";
    .port_info 1 /OUTPUT 7 "func7";
    .port_info 2 /OUTPUT 5 "rs2";
    .port_info 3 /OUTPUT 5 "rs1";
    .port_info 4 /OUTPUT 3 "func3";
    .port_info 5 /OUTPUT 5 "rd";
    .port_info 6 /OUTPUT 7 "opcode";
v000001158af71a50_0 .net "func3", 2 0, L_000001158af77260;  alias, 1 drivers
v000001158af71690_0 .net "func7", 6 0, L_000001158af78fc0;  alias, 1 drivers
v000001158af71af0_0 .net "instruction", 31 0, v000001158af3cb50_0;  alias, 1 drivers
v000001158af717d0_0 .net "opcode", 6 0, L_000001158af78d40;  alias, 1 drivers
v000001158af724f0_0 .net "rd", 4 0, L_000001158af77ee0;  alias, 1 drivers
v000001158af71190_0 .net "rs1", 4 0, L_000001158af77da0;  alias, 1 drivers
v000001158af71230_0 .net "rs2", 4 0, L_000001158af77940;  alias, 1 drivers
L_000001158af78fc0 .part v000001158af3cb50_0, 25, 7;
L_000001158af77940 .part v000001158af3cb50_0, 20, 5;
L_000001158af77da0 .part v000001158af3cb50_0, 15, 5;
L_000001158af77260 .part v000001158af3cb50_0, 12, 3;
L_000001158af77ee0 .part v000001158af3cb50_0, 7, 5;
L_000001158af78d40 .part v000001158af3cb50_0, 0, 7;
S_000001158ae86770 .scope module, "i_m" "instruction_mem" 3 36, 14 1 0, S_000001158aea1c80;
 .timescale 0 0;
    .port_info 0 /INPUT 32 "address";
    .port_info 1 /OUTPUT 32 "instruction";
v000001158af71870_0 .net "address", 31 0, v000001158af73740_0;  alias, 1 drivers
v000001158af71ff0 .array "instr_mem", 63 0, 31 0;
v000001158af71d70_0 .var "instruction", 31 0;
v000001158af71ff0_0 .array/port v000001158af71ff0, 0;
v000001158af71ff0_1 .array/port v000001158af71ff0, 1;
v000001158af71ff0_2 .array/port v000001158af71ff0, 2;
E_000001158aef11e0/0 .event anyedge, v000001158af3d190_0, v000001158af71ff0_0, v000001158af71ff0_1, v000001158af71ff0_2;
v000001158af71ff0_3 .array/port v000001158af71ff0, 3;
v000001158af71ff0_4 .array/port v000001158af71ff0, 4;
v000001158af71ff0_5 .array/port v000001158af71ff0, 5;
v000001158af71ff0_6 .array/port v000001158af71ff0, 6;
E_000001158aef11e0/1 .event anyedge, v000001158af71ff0_3, v000001158af71ff0_4, v000001158af71ff0_5, v000001158af71ff0_6;
v000001158af71ff0_7 .array/port v000001158af71ff0, 7;
v000001158af71ff0_8 .array/port v000001158af71ff0, 8;
v000001158af71ff0_9 .array/port v000001158af71ff0, 9;
v000001158af71ff0_10 .array/port v000001158af71ff0, 10;
E_000001158aef11e0/2 .event anyedge, v000001158af71ff0_7, v000001158af71ff0_8, v000001158af71ff0_9, v000001158af71ff0_10;
v000001158af71ff0_11 .array/port v000001158af71ff0, 11;
v000001158af71ff0_12 .array/port v000001158af71ff0, 12;
v000001158af71ff0_13 .array/port v000001158af71ff0, 13;
v000001158af71ff0_14 .array/port v000001158af71ff0, 14;
E_000001158aef11e0/3 .event anyedge, v000001158af71ff0_11, v000001158af71ff0_12, v000001158af71ff0_13, v000001158af71ff0_14;
v000001158af71ff0_15 .array/port v000001158af71ff0, 15;
v000001158af71ff0_16 .array/port v000001158af71ff0, 16;
v000001158af71ff0_17 .array/port v000001158af71ff0, 17;
v000001158af71ff0_18 .array/port v000001158af71ff0, 18;
E_000001158aef11e0/4 .event anyedge, v000001158af71ff0_15, v000001158af71ff0_16, v000001158af71ff0_17, v000001158af71ff0_18;
v000001158af71ff0_19 .array/port v000001158af71ff0, 19;
v000001158af71ff0_20 .array/port v000001158af71ff0, 20;
v000001158af71ff0_21 .array/port v000001158af71ff0, 21;
v000001158af71ff0_22 .array/port v000001158af71ff0, 22;
E_000001158aef11e0/5 .event anyedge, v000001158af71ff0_19, v000001158af71ff0_20, v000001158af71ff0_21, v000001158af71ff0_22;
v000001158af71ff0_23 .array/port v000001158af71ff0, 23;
v000001158af71ff0_24 .array/port v000001158af71ff0, 24;
v000001158af71ff0_25 .array/port v000001158af71ff0, 25;
v000001158af71ff0_26 .array/port v000001158af71ff0, 26;
E_000001158aef11e0/6 .event anyedge, v000001158af71ff0_23, v000001158af71ff0_24, v000001158af71ff0_25, v000001158af71ff0_26;
v000001158af71ff0_27 .array/port v000001158af71ff0, 27;
v000001158af71ff0_28 .array/port v000001158af71ff0, 28;
v000001158af71ff0_29 .array/port v000001158af71ff0, 29;
v000001158af71ff0_30 .array/port v000001158af71ff0, 30;
E_000001158aef11e0/7 .event anyedge, v000001158af71ff0_27, v000001158af71ff0_28, v000001158af71ff0_29, v000001158af71ff0_30;
v000001158af71ff0_31 .array/port v000001158af71ff0, 31;
v000001158af71ff0_32 .array/port v000001158af71ff0, 32;
v000001158af71ff0_33 .array/port v000001158af71ff0, 33;
v000001158af71ff0_34 .array/port v000001158af71ff0, 34;
E_000001158aef11e0/8 .event anyedge, v000001158af71ff0_31, v000001158af71ff0_32, v000001158af71ff0_33, v000001158af71ff0_34;
v000001158af71ff0_35 .array/port v000001158af71ff0, 35;
v000001158af71ff0_36 .array/port v000001158af71ff0, 36;
v000001158af71ff0_37 .array/port v000001158af71ff0, 37;
v000001158af71ff0_38 .array/port v000001158af71ff0, 38;
E_000001158aef11e0/9 .event anyedge, v000001158af71ff0_35, v000001158af71ff0_36, v000001158af71ff0_37, v000001158af71ff0_38;
v000001158af71ff0_39 .array/port v000001158af71ff0, 39;
v000001158af71ff0_40 .array/port v000001158af71ff0, 40;
v000001158af71ff0_41 .array/port v000001158af71ff0, 41;
v000001158af71ff0_42 .array/port v000001158af71ff0, 42;
E_000001158aef11e0/10 .event anyedge, v000001158af71ff0_39, v000001158af71ff0_40, v000001158af71ff0_41, v000001158af71ff0_42;
v000001158af71ff0_43 .array/port v000001158af71ff0, 43;
v000001158af71ff0_44 .array/port v000001158af71ff0, 44;
v000001158af71ff0_45 .array/port v000001158af71ff0, 45;
v000001158af71ff0_46 .array/port v000001158af71ff0, 46;
E_000001158aef11e0/11 .event anyedge, v000001158af71ff0_43, v000001158af71ff0_44, v000001158af71ff0_45, v000001158af71ff0_46;
v000001158af71ff0_47 .array/port v000001158af71ff0, 47;
v000001158af71ff0_48 .array/port v000001158af71ff0, 48;
v000001158af71ff0_49 .array/port v000001158af71ff0, 49;
v000001158af71ff0_50 .array/port v000001158af71ff0, 50;
E_000001158aef11e0/12 .event anyedge, v000001158af71ff0_47, v000001158af71ff0_48, v000001158af71ff0_49, v000001158af71ff0_50;
v000001158af71ff0_51 .array/port v000001158af71ff0, 51;
v000001158af71ff0_52 .array/port v000001158af71ff0, 52;
v000001158af71ff0_53 .array/port v000001158af71ff0, 53;
v000001158af71ff0_54 .array/port v000001158af71ff0, 54;
E_000001158aef11e0/13 .event anyedge, v000001158af71ff0_51, v000001158af71ff0_52, v000001158af71ff0_53, v000001158af71ff0_54;
v000001158af71ff0_55 .array/port v000001158af71ff0, 55;
v000001158af71ff0_56 .array/port v000001158af71ff0, 56;
v000001158af71ff0_57 .array/port v000001158af71ff0, 57;
v000001158af71ff0_58 .array/port v000001158af71ff0, 58;
E_000001158aef11e0/14 .event anyedge, v000001158af71ff0_55, v000001158af71ff0_56, v000001158af71ff0_57, v000001158af71ff0_58;
v000001158af71ff0_59 .array/port v000001158af71ff0, 59;
v000001158af71ff0_60 .array/port v000001158af71ff0, 60;
v000001158af71ff0_61 .array/port v000001158af71ff0, 61;
v000001158af71ff0_62 .array/port v000001158af71ff0, 62;
E_000001158aef11e0/15 .event anyedge, v000001158af71ff0_59, v000001158af71ff0_60, v000001158af71ff0_61, v000001158af71ff0_62;
v000001158af71ff0_63 .array/port v000001158af71ff0, 63;
E_000001158aef11e0/16 .event anyedge, v000001158af71ff0_63;
E_000001158aef11e0 .event/or E_000001158aef11e0/0, E_000001158aef11e0/1, E_000001158aef11e0/2, E_000001158aef11e0/3, E_000001158aef11e0/4, E_000001158aef11e0/5, E_000001158aef11e0/6, E_000001158aef11e0/7, E_000001158aef11e0/8, E_000001158aef11e0/9, E_000001158aef11e0/10, E_000001158aef11e0/11, E_000001158aef11e0/12, E_000001158aef11e0/13, E_000001158aef11e0/14, E_000001158aef11e0/15, E_000001158aef11e0/16;
S_000001158aea91f0 .scope module, "imm_values" "imm" 3 105, 15 1 0, S_000001158aea1c80;
 .timescale 0 0;
    .port_info 0 /INPUT 1 "alu_src";
    .port_info 1 /INPUT 1 "mem_write_en";
    .port_info 2 /INPUT 32 "instruction";
    .port_info 3 /INPUT 32 "rs2_data";
    .port_info 4 /OUTPUT 32 "B";
v000001158af712d0_0 .var "B", 31 0;
v000001158af71370_0 .net "alu_src", 0 0, v000001158af72950_0;  alias, 1 drivers
v000001158af72090_0 .net "instruction", 31 0, v000001158af3cb50_0;  alias, 1 drivers
v000001158af72b30_0 .net "mem_write_en", 0 0, v000001158af71e10_0;  alias, 1 drivers
v000001158af72590_0 .net "rs2_data", 31 0, L_000001158aeff100;  alias, 1 drivers
E_000001158aef1b60 .event anyedge, v000001158af72950_0, v000001158af3bb10_0, v000001158af3d370_0, v000001158af3c510_0;
S_000001158af18830 .scope module, "m1" "mux1" 3 206, 16 1 0, S_000001158aea1c80;
 .timescale 0 0;
    .port_info 0 /INPUT 1 "mem_to_reg_en";
    .port_info 1 /INPUT 32 "read_data";
    .port_info 2 /INPUT 32 "alu_res";
    .port_info 3 /OUTPUT 32 "write_data";
v000001158af71c30_0 .net "alu_res", 31 0, v000001158af3c470_0;  alias, 1 drivers
v000001158af72630_0 .net "mem_to_reg_en", 0 0, v000001158af3cfb0_0;  alias, 1 drivers
v000001158af71410_0 .net "read_data", 31 0, v000001158af3b9d0_0;  alias, 1 drivers
v000001158af72c70_0 .var "write_data", 31 0;
E_000001158aef15a0 .event anyedge, v000001158af3cfb0_0, v000001158af3b9d0_0, v000001158af3c470_0;
S_000001158af186a0 .scope module, "mem" "memory" 3 183, 17 1 0, S_000001158aea1c80;
 .timescale 0 0;
    .port_info 0 /INPUT 1 "clk";
    .port_info 1 /INPUT 1 "reset";
    .port_info 2 /INPUT 32 "address";
    .port_info 3 /INPUT 1 "mem_write_en";
    .port_info 4 /INPUT 1 "mem_read_en";
    .port_info 5 /INPUT 32 "write_data";
    .port_info 6 /OUTPUT 32 "read_data";
v000001158af728b0_0 .net "address", 31 0, v000001158aefb100_0;  alias, 1 drivers
v000001158af72770_0 .net "clk", 0 0, v000001158af783e0_0;  alias, 1 drivers
v000001158af726d0 .array "data_mem", 255 0, 31 0;
v000001158af729f0_0 .net "mem_read_en", 0 0, v000001158aefb4c0_0;  alias, 1 drivers
v000001158af714b0_0 .net "mem_write_en", 0 0, v000001158af3c5b0_0;  alias, 1 drivers
v000001158af71550_0 .var "read_data", 31 0;
v000001158af72db0_0 .net "reset", 0 0, v000001158af78840_0;  alias, 1 drivers
v000001158af72e50_0 .net "write_data", 31 0, v000001158af3b750_0;  alias, 1 drivers
v000001158af726d0_0 .array/port v000001158af726d0, 0;
E_000001158aef1c60/0 .event anyedge, v000001158af3ba70_0, v000001158aefb4c0_0, v000001158aefb100_0, v000001158af726d0_0;
v000001158af726d0_1 .array/port v000001158af726d0, 1;
v000001158af726d0_2 .array/port v000001158af726d0, 2;
v000001158af726d0_3 .array/port v000001158af726d0, 3;
v000001158af726d0_4 .array/port v000001158af726d0, 4;
E_000001158aef1c60/1 .event anyedge, v000001158af726d0_1, v000001158af726d0_2, v000001158af726d0_3, v000001158af726d0_4;
v000001158af726d0_5 .array/port v000001158af726d0, 5;
v000001158af726d0_6 .array/port v000001158af726d0, 6;
v000001158af726d0_7 .array/port v000001158af726d0, 7;
v000001158af726d0_8 .array/port v000001158af726d0, 8;
E_000001158aef1c60/2 .event anyedge, v000001158af726d0_5, v000001158af726d0_6, v000001158af726d0_7, v000001158af726d0_8;
v000001158af726d0_9 .array/port v000001158af726d0, 9;
v000001158af726d0_10 .array/port v000001158af726d0, 10;
v000001158af726d0_11 .array/port v000001158af726d0, 11;
v000001158af726d0_12 .array/port v000001158af726d0, 12;
E_000001158aef1c60/3 .event anyedge, v000001158af726d0_9, v000001158af726d0_10, v000001158af726d0_11, v000001158af726d0_12;
v000001158af726d0_13 .array/port v000001158af726d0, 13;
v000001158af726d0_14 .array/port v000001158af726d0, 14;
v000001158af726d0_15 .array/port v000001158af726d0, 15;
v000001158af726d0_16 .array/port v000001158af726d0, 16;
E_000001158aef1c60/4 .event anyedge, v000001158af726d0_13, v000001158af726d0_14, v000001158af726d0_15, v000001158af726d0_16;
v000001158af726d0_17 .array/port v000001158af726d0, 17;
v000001158af726d0_18 .array/port v000001158af726d0, 18;
v000001158af726d0_19 .array/port v000001158af726d0, 19;
v000001158af726d0_20 .array/port v000001158af726d0, 20;
E_000001158aef1c60/5 .event anyedge, v000001158af726d0_17, v000001158af726d0_18, v000001158af726d0_19, v000001158af726d0_20;
v000001158af726d0_21 .array/port v000001158af726d0, 21;
v000001158af726d0_22 .array/port v000001158af726d0, 22;
v000001158af726d0_23 .array/port v000001158af726d0, 23;
v000001158af726d0_24 .array/port v000001158af726d0, 24;
E_000001158aef1c60/6 .event anyedge, v000001158af726d0_21, v000001158af726d0_22, v000001158af726d0_23, v000001158af726d0_24;
v000001158af726d0_25 .array/port v000001158af726d0, 25;
v000001158af726d0_26 .array/port v000001158af726d0, 26;
v000001158af726d0_27 .array/port v000001158af726d0, 27;
v000001158af726d0_28 .array/port v000001158af726d0, 28;
E_000001158aef1c60/7 .event anyedge, v000001158af726d0_25, v000001158af726d0_26, v000001158af726d0_27, v000001158af726d0_28;
v000001158af726d0_29 .array/port v000001158af726d0, 29;
v000001158af726d0_30 .array/port v000001158af726d0, 30;
v000001158af726d0_31 .array/port v000001158af726d0, 31;
v000001158af726d0_32 .array/port v000001158af726d0, 32;
E_000001158aef1c60/8 .event anyedge, v000001158af726d0_29, v000001158af726d0_30, v000001158af726d0_31, v000001158af726d0_32;
v000001158af726d0_33 .array/port v000001158af726d0, 33;
v000001158af726d0_34 .array/port v000001158af726d0, 34;
v000001158af726d0_35 .array/port v000001158af726d0, 35;
v000001158af726d0_36 .array/port v000001158af726d0, 36;
E_000001158aef1c60/9 .event anyedge, v000001158af726d0_33, v000001158af726d0_34, v000001158af726d0_35, v000001158af726d0_36;
v000001158af726d0_37 .array/port v000001158af726d0, 37;
v000001158af726d0_38 .array/port v000001158af726d0, 38;
v000001158af726d0_39 .array/port v000001158af726d0, 39;
v000001158af726d0_40 .array/port v000001158af726d0, 40;
E_000001158aef1c60/10 .event anyedge, v000001158af726d0_37, v000001158af726d0_38, v000001158af726d0_39, v000001158af726d0_40;
v000001158af726d0_41 .array/port v000001158af726d0, 41;
v000001158af726d0_42 .array/port v000001158af726d0, 42;
v000001158af726d0_43 .array/port v000001158af726d0, 43;
v000001158af726d0_44 .array/port v000001158af726d0, 44;
E_000001158aef1c60/11 .event anyedge, v000001158af726d0_41, v000001158af726d0_42, v000001158af726d0_43, v000001158af726d0_44;
v000001158af726d0_45 .array/port v000001158af726d0, 45;
v000001158af726d0_46 .array/port v000001158af726d0, 46;
v000001158af726d0_47 .array/port v000001158af726d0, 47;
v000001158af726d0_48 .array/port v000001158af726d0, 48;
E_000001158aef1c60/12 .event anyedge, v000001158af726d0_45, v000001158af726d0_46, v000001158af726d0_47, v000001158af726d0_48;
v000001158af726d0_49 .array/port v000001158af726d0, 49;
v000001158af726d0_50 .array/port v000001158af726d0, 50;
v000001158af726d0_51 .array/port v000001158af726d0, 51;
v000001158af726d0_52 .array/port v000001158af726d0, 52;
E_000001158aef1c60/13 .event anyedge, v000001158af726d0_49, v000001158af726d0_50, v000001158af726d0_51, v000001158af726d0_52;
v000001158af726d0_53 .array/port v000001158af726d0, 53;
v000001158af726d0_54 .array/port v000001158af726d0, 54;
v000001158af726d0_55 .array/port v000001158af726d0, 55;
v000001158af726d0_56 .array/port v000001158af726d0, 56;
E_000001158aef1c60/14 .event anyedge, v000001158af726d0_53, v000001158af726d0_54, v000001158af726d0_55, v000001158af726d0_56;
v000001158af726d0_57 .array/port v000001158af726d0, 57;
v000001158af726d0_58 .array/port v000001158af726d0, 58;
v000001158af726d0_59 .array/port v000001158af726d0, 59;
v000001158af726d0_60 .array/port v000001158af726d0, 60;
E_000001158aef1c60/15 .event anyedge, v000001158af726d0_57, v000001158af726d0_58, v000001158af726d0_59, v000001158af726d0_60;
v000001158af726d0_61 .array/port v000001158af726d0, 61;
v000001158af726d0_62 .array/port v000001158af726d0, 62;
v000001158af726d0_63 .array/port v000001158af726d0, 63;
v000001158af726d0_64 .array/port v000001158af726d0, 64;
E_000001158aef1c60/16 .event anyedge, v000001158af726d0_61, v000001158af726d0_62, v000001158af726d0_63, v000001158af726d0_64;
v000001158af726d0_65 .array/port v000001158af726d0, 65;
v000001158af726d0_66 .array/port v000001158af726d0, 66;
v000001158af726d0_67 .array/port v000001158af726d0, 67;
v000001158af726d0_68 .array/port v000001158af726d0, 68;
E_000001158aef1c60/17 .event anyedge, v000001158af726d0_65, v000001158af726d0_66, v000001158af726d0_67, v000001158af726d0_68;
v000001158af726d0_69 .array/port v000001158af726d0, 69;
v000001158af726d0_70 .array/port v000001158af726d0, 70;
v000001158af726d0_71 .array/port v000001158af726d0, 71;
v000001158af726d0_72 .array/port v000001158af726d0, 72;
E_000001158aef1c60/18 .event anyedge, v000001158af726d0_69, v000001158af726d0_70, v000001158af726d0_71, v000001158af726d0_72;
v000001158af726d0_73 .array/port v000001158af726d0, 73;
v000001158af726d0_74 .array/port v000001158af726d0, 74;
v000001158af726d0_75 .array/port v000001158af726d0, 75;
v000001158af726d0_76 .array/port v000001158af726d0, 76;
E_000001158aef1c60/19 .event anyedge, v000001158af726d0_73, v000001158af726d0_74, v000001158af726d0_75, v000001158af726d0_76;
v000001158af726d0_77 .array/port v000001158af726d0, 77;
v000001158af726d0_78 .array/port v000001158af726d0, 78;
v000001158af726d0_79 .array/port v000001158af726d0, 79;
v000001158af726d0_80 .array/port v000001158af726d0, 80;
E_000001158aef1c60/20 .event anyedge, v000001158af726d0_77, v000001158af726d0_78, v000001158af726d0_79, v000001158af726d0_80;
v000001158af726d0_81 .array/port v000001158af726d0, 81;
v000001158af726d0_82 .array/port v000001158af726d0, 82;
v000001158af726d0_83 .array/port v000001158af726d0, 83;
v000001158af726d0_84 .array/port v000001158af726d0, 84;
E_000001158aef1c60/21 .event anyedge, v000001158af726d0_81, v000001158af726d0_82, v000001158af726d0_83, v000001158af726d0_84;
v000001158af726d0_85 .array/port v000001158af726d0, 85;
v000001158af726d0_86 .array/port v000001158af726d0, 86;
v000001158af726d0_87 .array/port v000001158af726d0, 87;
v000001158af726d0_88 .array/port v000001158af726d0, 88;
E_000001158aef1c60/22 .event anyedge, v000001158af726d0_85, v000001158af726d0_86, v000001158af726d0_87, v000001158af726d0_88;
v000001158af726d0_89 .array/port v000001158af726d0, 89;
v000001158af726d0_90 .array/port v000001158af726d0, 90;
v000001158af726d0_91 .array/port v000001158af726d0, 91;
v000001158af726d0_92 .array/port v000001158af726d0, 92;
E_000001158aef1c60/23 .event anyedge, v000001158af726d0_89, v000001158af726d0_90, v000001158af726d0_91, v000001158af726d0_92;
v000001158af726d0_93 .array/port v000001158af726d0, 93;
v000001158af726d0_94 .array/port v000001158af726d0, 94;
v000001158af726d0_95 .array/port v000001158af726d0, 95;
v000001158af726d0_96 .array/port v000001158af726d0, 96;
E_000001158aef1c60/24 .event anyedge, v000001158af726d0_93, v000001158af726d0_94, v000001158af726d0_95, v000001158af726d0_96;
v000001158af726d0_97 .array/port v000001158af726d0, 97;
v000001158af726d0_98 .array/port v000001158af726d0, 98;
v000001158af726d0_99 .array/port v000001158af726d0, 99;
v000001158af726d0_100 .array/port v000001158af726d0, 100;
E_000001158aef1c60/25 .event anyedge, v000001158af726d0_97, v000001158af726d0_98, v000001158af726d0_99, v000001158af726d0_100;
v000001158af726d0_101 .array/port v000001158af726d0, 101;
v000001158af726d0_102 .array/port v000001158af726d0, 102;
v000001158af726d0_103 .array/port v000001158af726d0, 103;
v000001158af726d0_104 .array/port v000001158af726d0, 104;
E_000001158aef1c60/26 .event anyedge, v000001158af726d0_101, v000001158af726d0_102, v000001158af726d0_103, v000001158af726d0_104;
v000001158af726d0_105 .array/port v000001158af726d0, 105;
v000001158af726d0_106 .array/port v000001158af726d0, 106;
v000001158af726d0_107 .array/port v000001158af726d0, 107;
v000001158af726d0_108 .array/port v000001158af726d0, 108;
E_000001158aef1c60/27 .event anyedge, v000001158af726d0_105, v000001158af726d0_106, v000001158af726d0_107, v000001158af726d0_108;
v000001158af726d0_109 .array/port v000001158af726d0, 109;
v000001158af726d0_110 .array/port v000001158af726d0, 110;
v000001158af726d0_111 .array/port v000001158af726d0, 111;
v000001158af726d0_112 .array/port v000001158af726d0, 112;
E_000001158aef1c60/28 .event anyedge, v000001158af726d0_109, v000001158af726d0_110, v000001158af726d0_111, v000001158af726d0_112;
v000001158af726d0_113 .array/port v000001158af726d0, 113;
v000001158af726d0_114 .array/port v000001158af726d0, 114;
v000001158af726d0_115 .array/port v000001158af726d0, 115;
v000001158af726d0_116 .array/port v000001158af726d0, 116;
E_000001158aef1c60/29 .event anyedge, v000001158af726d0_113, v000001158af726d0_114, v000001158af726d0_115, v000001158af726d0_116;
v000001158af726d0_117 .array/port v000001158af726d0, 117;
v000001158af726d0_118 .array/port v000001158af726d0, 118;
v000001158af726d0_119 .array/port v000001158af726d0, 119;
v000001158af726d0_120 .array/port v000001158af726d0, 120;
E_000001158aef1c60/30 .event anyedge, v000001158af726d0_117, v000001158af726d0_118, v000001158af726d0_119, v000001158af726d0_120;
v000001158af726d0_121 .array/port v000001158af726d0, 121;
v000001158af726d0_122 .array/port v000001158af726d0, 122;
v000001158af726d0_123 .array/port v000001158af726d0, 123;
v000001158af726d0_124 .array/port v000001158af726d0, 124;
E_000001158aef1c60/31 .event anyedge, v000001158af726d0_121, v000001158af726d0_122, v000001158af726d0_123, v000001158af726d0_124;
v000001158af726d0_125 .array/port v000001158af726d0, 125;
v000001158af726d0_126 .array/port v000001158af726d0, 126;
v000001158af726d0_127 .array/port v000001158af726d0, 127;
v000001158af726d0_128 .array/port v000001158af726d0, 128;
E_000001158aef1c60/32 .event anyedge, v000001158af726d0_125, v000001158af726d0_126, v000001158af726d0_127, v000001158af726d0_128;
v000001158af726d0_129 .array/port v000001158af726d0, 129;
v000001158af726d0_130 .array/port v000001158af726d0, 130;
v000001158af726d0_131 .array/port v000001158af726d0, 131;
v000001158af726d0_132 .array/port v000001158af726d0, 132;
E_000001158aef1c60/33 .event anyedge, v000001158af726d0_129, v000001158af726d0_130, v000001158af726d0_131, v000001158af726d0_132;
v000001158af726d0_133 .array/port v000001158af726d0, 133;
v000001158af726d0_134 .array/port v000001158af726d0, 134;
v000001158af726d0_135 .array/port v000001158af726d0, 135;
v000001158af726d0_136 .array/port v000001158af726d0, 136;
E_000001158aef1c60/34 .event anyedge, v000001158af726d0_133, v000001158af726d0_134, v000001158af726d0_135, v000001158af726d0_136;
v000001158af726d0_137 .array/port v000001158af726d0, 137;
v000001158af726d0_138 .array/port v000001158af726d0, 138;
v000001158af726d0_139 .array/port v000001158af726d0, 139;
v000001158af726d0_140 .array/port v000001158af726d0, 140;
E_000001158aef1c60/35 .event anyedge, v000001158af726d0_137, v000001158af726d0_138, v000001158af726d0_139, v000001158af726d0_140;
v000001158af726d0_141 .array/port v000001158af726d0, 141;
v000001158af726d0_142 .array/port v000001158af726d0, 142;
v000001158af726d0_143 .array/port v000001158af726d0, 143;
v000001158af726d0_144 .array/port v000001158af726d0, 144;
E_000001158aef1c60/36 .event anyedge, v000001158af726d0_141, v000001158af726d0_142, v000001158af726d0_143, v000001158af726d0_144;
v000001158af726d0_145 .array/port v000001158af726d0, 145;
v000001158af726d0_146 .array/port v000001158af726d0, 146;
v000001158af726d0_147 .array/port v000001158af726d0, 147;
v000001158af726d0_148 .array/port v000001158af726d0, 148;
E_000001158aef1c60/37 .event anyedge, v000001158af726d0_145, v000001158af726d0_146, v000001158af726d0_147, v000001158af726d0_148;
v000001158af726d0_149 .array/port v000001158af726d0, 149;
v000001158af726d0_150 .array/port v000001158af726d0, 150;
v000001158af726d0_151 .array/port v000001158af726d0, 151;
v000001158af726d0_152 .array/port v000001158af726d0, 152;
E_000001158aef1c60/38 .event anyedge, v000001158af726d0_149, v000001158af726d0_150, v000001158af726d0_151, v000001158af726d0_152;
v000001158af726d0_153 .array/port v000001158af726d0, 153;
v000001158af726d0_154 .array/port v000001158af726d0, 154;
v000001158af726d0_155 .array/port v000001158af726d0, 155;
v000001158af726d0_156 .array/port v000001158af726d0, 156;
E_000001158aef1c60/39 .event anyedge, v000001158af726d0_153, v000001158af726d0_154, v000001158af726d0_155, v000001158af726d0_156;
v000001158af726d0_157 .array/port v000001158af726d0, 157;
v000001158af726d0_158 .array/port v000001158af726d0, 158;
v000001158af726d0_159 .array/port v000001158af726d0, 159;
v000001158af726d0_160 .array/port v000001158af726d0, 160;
E_000001158aef1c60/40 .event anyedge, v000001158af726d0_157, v000001158af726d0_158, v000001158af726d0_159, v000001158af726d0_160;
v000001158af726d0_161 .array/port v000001158af726d0, 161;
v000001158af726d0_162 .array/port v000001158af726d0, 162;
v000001158af726d0_163 .array/port v000001158af726d0, 163;
v000001158af726d0_164 .array/port v000001158af726d0, 164;
E_000001158aef1c60/41 .event anyedge, v000001158af726d0_161, v000001158af726d0_162, v000001158af726d0_163, v000001158af726d0_164;
v000001158af726d0_165 .array/port v000001158af726d0, 165;
v000001158af726d0_166 .array/port v000001158af726d0, 166;
v000001158af726d0_167 .array/port v000001158af726d0, 167;
v000001158af726d0_168 .array/port v000001158af726d0, 168;
E_000001158aef1c60/42 .event anyedge, v000001158af726d0_165, v000001158af726d0_166, v000001158af726d0_167, v000001158af726d0_168;
v000001158af726d0_169 .array/port v000001158af726d0, 169;
v000001158af726d0_170 .array/port v000001158af726d0, 170;
v000001158af726d0_171 .array/port v000001158af726d0, 171;
v000001158af726d0_172 .array/port v000001158af726d0, 172;
E_000001158aef1c60/43 .event anyedge, v000001158af726d0_169, v000001158af726d0_170, v000001158af726d0_171, v000001158af726d0_172;
v000001158af726d0_173 .array/port v000001158af726d0, 173;
v000001158af726d0_174 .array/port v000001158af726d0, 174;
v000001158af726d0_175 .array/port v000001158af726d0, 175;
v000001158af726d0_176 .array/port v000001158af726d0, 176;
E_000001158aef1c60/44 .event anyedge, v000001158af726d0_173, v000001158af726d0_174, v000001158af726d0_175, v000001158af726d0_176;
v000001158af726d0_177 .array/port v000001158af726d0, 177;
v000001158af726d0_178 .array/port v000001158af726d0, 178;
v000001158af726d0_179 .array/port v000001158af726d0, 179;
v000001158af726d0_180 .array/port v000001158af726d0, 180;
E_000001158aef1c60/45 .event anyedge, v000001158af726d0_177, v000001158af726d0_178, v000001158af726d0_179, v000001158af726d0_180;
v000001158af726d0_181 .array/port v000001158af726d0, 181;
v000001158af726d0_182 .array/port v000001158af726d0, 182;
v000001158af726d0_183 .array/port v000001158af726d0, 183;
v000001158af726d0_184 .array/port v000001158af726d0, 184;
E_000001158aef1c60/46 .event anyedge, v000001158af726d0_181, v000001158af726d0_182, v000001158af726d0_183, v000001158af726d0_184;
v000001158af726d0_185 .array/port v000001158af726d0, 185;
v000001158af726d0_186 .array/port v000001158af726d0, 186;
v000001158af726d0_187 .array/port v000001158af726d0, 187;
v000001158af726d0_188 .array/port v000001158af726d0, 188;
E_000001158aef1c60/47 .event anyedge, v000001158af726d0_185, v000001158af726d0_186, v000001158af726d0_187, v000001158af726d0_188;
v000001158af726d0_189 .array/port v000001158af726d0, 189;
v000001158af726d0_190 .array/port v000001158af726d0, 190;
v000001158af726d0_191 .array/port v000001158af726d0, 191;
v000001158af726d0_192 .array/port v000001158af726d0, 192;
E_000001158aef1c60/48 .event anyedge, v000001158af726d0_189, v000001158af726d0_190, v000001158af726d0_191, v000001158af726d0_192;
v000001158af726d0_193 .array/port v000001158af726d0, 193;
v000001158af726d0_194 .array/port v000001158af726d0, 194;
v000001158af726d0_195 .array/port v000001158af726d0, 195;
v000001158af726d0_196 .array/port v000001158af726d0, 196;
E_000001158aef1c60/49 .event anyedge, v000001158af726d0_193, v000001158af726d0_194, v000001158af726d0_195, v000001158af726d0_196;
v000001158af726d0_197 .array/port v000001158af726d0, 197;
v000001158af726d0_198 .array/port v000001158af726d0, 198;
v000001158af726d0_199 .array/port v000001158af726d0, 199;
v000001158af726d0_200 .array/port v000001158af726d0, 200;
E_000001158aef1c60/50 .event anyedge, v000001158af726d0_197, v000001158af726d0_198, v000001158af726d0_199, v000001158af726d0_200;
v000001158af726d0_201 .array/port v000001158af726d0, 201;
v000001158af726d0_202 .array/port v000001158af726d0, 202;
v000001158af726d0_203 .array/port v000001158af726d0, 203;
v000001158af726d0_204 .array/port v000001158af726d0, 204;
E_000001158aef1c60/51 .event anyedge, v000001158af726d0_201, v000001158af726d0_202, v000001158af726d0_203, v000001158af726d0_204;
v000001158af726d0_205 .array/port v000001158af726d0, 205;
v000001158af726d0_206 .array/port v000001158af726d0, 206;
v000001158af726d0_207 .array/port v000001158af726d0, 207;
v000001158af726d0_208 .array/port v000001158af726d0, 208;
E_000001158aef1c60/52 .event anyedge, v000001158af726d0_205, v000001158af726d0_206, v000001158af726d0_207, v000001158af726d0_208;
v000001158af726d0_209 .array/port v000001158af726d0, 209;
v000001158af726d0_210 .array/port v000001158af726d0, 210;
v000001158af726d0_211 .array/port v000001158af726d0, 211;
v000001158af726d0_212 .array/port v000001158af726d0, 212;
E_000001158aef1c60/53 .event anyedge, v000001158af726d0_209, v000001158af726d0_210, v000001158af726d0_211, v000001158af726d0_212;
v000001158af726d0_213 .array/port v000001158af726d0, 213;
v000001158af726d0_214 .array/port v000001158af726d0, 214;
v000001158af726d0_215 .array/port v000001158af726d0, 215;
v000001158af726d0_216 .array/port v000001158af726d0, 216;
E_000001158aef1c60/54 .event anyedge, v000001158af726d0_213, v000001158af726d0_214, v000001158af726d0_215, v000001158af726d0_216;
v000001158af726d0_217 .array/port v000001158af726d0, 217;
v000001158af726d0_218 .array/port v000001158af726d0, 218;
v000001158af726d0_219 .array/port v000001158af726d0, 219;
v000001158af726d0_220 .array/port v000001158af726d0, 220;
E_000001158aef1c60/55 .event anyedge, v000001158af726d0_217, v000001158af726d0_218, v000001158af726d0_219, v000001158af726d0_220;
v000001158af726d0_221 .array/port v000001158af726d0, 221;
v000001158af726d0_222 .array/port v000001158af726d0, 222;
v000001158af726d0_223 .array/port v000001158af726d0, 223;
v000001158af726d0_224 .array/port v000001158af726d0, 224;
E_000001158aef1c60/56 .event anyedge, v000001158af726d0_221, v000001158af726d0_222, v000001158af726d0_223, v000001158af726d0_224;
v000001158af726d0_225 .array/port v000001158af726d0, 225;
v000001158af726d0_226 .array/port v000001158af726d0, 226;
v000001158af726d0_227 .array/port v000001158af726d0, 227;
v000001158af726d0_228 .array/port v000001158af726d0, 228;
E_000001158aef1c60/57 .event anyedge, v000001158af726d0_225, v000001158af726d0_226, v000001158af726d0_227, v000001158af726d0_228;
v000001158af726d0_229 .array/port v000001158af726d0, 229;
v000001158af726d0_230 .array/port v000001158af726d0, 230;
v000001158af726d0_231 .array/port v000001158af726d0, 231;
v000001158af726d0_232 .array/port v000001158af726d0, 232;
E_000001158aef1c60/58 .event anyedge, v000001158af726d0_229, v000001158af726d0_230, v000001158af726d0_231, v000001158af726d0_232;
v000001158af726d0_233 .array/port v000001158af726d0, 233;
v000001158af726d0_234 .array/port v000001158af726d0, 234;
v000001158af726d0_235 .array/port v000001158af726d0, 235;
v000001158af726d0_236 .array/port v000001158af726d0, 236;
E_000001158aef1c60/59 .event anyedge, v000001158af726d0_233, v000001158af726d0_234, v000001158af726d0_235, v000001158af726d0_236;
v000001158af726d0_237 .array/port v000001158af726d0, 237;
v000001158af726d0_238 .array/port v000001158af726d0, 238;
v000001158af726d0_239 .array/port v000001158af726d0, 239;
v000001158af726d0_240 .array/port v000001158af726d0, 240;
E_000001158aef1c60/60 .event anyedge, v000001158af726d0_237, v000001158af726d0_238, v000001158af726d0_239, v000001158af726d0_240;
v000001158af726d0_241 .array/port v000001158af726d0, 241;
v000001158af726d0_242 .array/port v000001158af726d0, 242;
v000001158af726d0_243 .array/port v000001158af726d0, 243;
v000001158af726d0_244 .array/port v000001158af726d0, 244;
E_000001158aef1c60/61 .event anyedge, v000001158af726d0_241, v000001158af726d0_242, v000001158af726d0_243, v000001158af726d0_244;
v000001158af726d0_245 .array/port v000001158af726d0, 245;
v000001158af726d0_246 .array/port v000001158af726d0, 246;
v000001158af726d0_247 .array/port v000001158af726d0, 247;
v000001158af726d0_248 .array/port v000001158af726d0, 248;
E_000001158aef1c60/62 .event anyedge, v000001158af726d0_245, v000001158af726d0_246, v000001158af726d0_247, v000001158af726d0_248;
v000001158af726d0_249 .array/port v000001158af726d0, 249;
v000001158af726d0_250 .array/port v000001158af726d0, 250;
v000001158af726d0_251 .array/port v000001158af726d0, 251;
v000001158af726d0_252 .array/port v000001158af726d0, 252;
E_000001158aef1c60/63 .event anyedge, v000001158af726d0_249, v000001158af726d0_250, v000001158af726d0_251, v000001158af726d0_252;
v000001158af726d0_253 .array/port v000001158af726d0, 253;
v000001158af726d0_254 .array/port v000001158af726d0, 254;
v000001158af726d0_255 .array/port v000001158af726d0, 255;
E_000001158aef1c60/64 .event anyedge, v000001158af726d0_253, v000001158af726d0_254, v000001158af726d0_255, v000001158af3c5b0_0;
E_000001158aef1c60/65 .event anyedge, v000001158af3b750_0;
E_000001158aef1c60 .event/or E_000001158aef1c60/0, E_000001158aef1c60/1, E_000001158aef1c60/2, E_000001158aef1c60/3, E_000001158aef1c60/4, E_000001158aef1c60/5, E_000001158aef1c60/6, E_000001158aef1c60/7, E_000001158aef1c60/8, E_000001158aef1c60/9, E_000001158aef1c60/10, E_000001158aef1c60/11, E_000001158aef1c60/12, E_000001158aef1c60/13, E_000001158aef1c60/14, E_000001158aef1c60/15, E_000001158aef1c60/16, E_000001158aef1c60/17, E_000001158aef1c60/18, E_000001158aef1c60/19, E_000001158aef1c60/20, E_000001158aef1c60/21, E_000001158aef1c60/22, E_000001158aef1c60/23, E_000001158aef1c60/24, E_000001158aef1c60/25, E_000001158aef1c60/26, E_000001158aef1c60/27, E_000001158aef1c60/28, E_000001158aef1c60/29, E_000001158aef1c60/30, E_000001158aef1c60/31, E_000001158aef1c60/32, E_000001158aef1c60/33, E_000001158aef1c60/34, E_000001158aef1c60/35, E_000001158aef1c60/36, E_000001158aef1c60/37, E_000001158aef1c60/38, E_000001158aef1c60/39, E_000001158aef1c60/40, E_000001158aef1c60/41, E_000001158aef1c60/42, E_000001158aef1c60/43, E_000001158aef1c60/44, E_000001158aef1c60/45, E_000001158aef1c60/46, E_000001158aef1c60/47, E_000001158aef1c60/48, E_000001158aef1c60/49, E_000001158aef1c60/50, E_000001158aef1c60/51, E_000001158aef1c60/52, E_000001158aef1c60/53, E_000001158aef1c60/54, E_000001158aef1c60/55, E_000001158aef1c60/56, E_000001158aef1c60/57, E_000001158aef1c60/58, E_000001158aef1c60/59, E_000001158aef1c60/60, E_000001158aef1c60/61, E_000001158aef1c60/62, E_000001158aef1c60/63, E_000001158aef1c60/64, E_000001158aef1c60/65;
S_000001158af18380 .scope module, "pc" "mux2" 3 41, 18 1 0, S_000001158aea1c80;
 .timescale 0 0;
    .port_info 0 /INPUT 32 "PC";
    .port_info 1 /INPUT 32 "PC_new";
    .port_info 2 /INPUT 1 "jumpl_en";
    .port_info 3 /INPUT 32 "instruction";
    .port_info 4 /INPUT 1 "branch_en";
    .port_info 5 /INPUT 1 "zeroflag";
    .port_info 6 /OUTPUT 32 "PC_next";
v000001158af715f0_0 .net "PC", 31 0, v000001158af73740_0;  alias, 1 drivers
v000001158af72f90_0 .net "PC_new", 31 0, L_000001158af787a0;  alias, 1 drivers
v000001158af71730_0 .var "PC_next", 31 0;
v000001158af710f0_0 .net "branch_en", 0 0, v000001158af3d2d0_0;  alias, 1 drivers
v000001158af740a0_0 .net "instruction", 31 0, v000001158af71d70_0;  alias, 1 drivers
v000001158af74780_0 .net "jumpl_en", 0 0, v000001158af3d0f0_0;  alias, 1 drivers
v000001158af741e0_0 .net "zeroflag", 0 0, v000001158af721d0_0;  alias, 1 drivers
E_000001158aef19a0/0 .event anyedge, v000001158af3d0f0_0, v000001158af3d190_0, v000001158af3bbb0_0, v000001158af3d2d0_0;
E_000001158aef19a0/1 .event anyedge, v000001158af721d0_0, v000001158af3c330_0;
E_000001158aef19a0 .event/or E_000001158aef19a0/0, E_000001158aef19a0/1;
S_000001158af18510 .scope module, "program_counter" "PC" 3 25, 19 1 0, S_000001158aea1c80;
 .timescale 0 0;
    .port_info 0 /INPUT 1 "clk";
    .port_info 1 /INPUT 1 "reset";
    .port_info 2 /INPUT 32 "PC_next";
    .port_info 3 /OUTPUT 32 "PC";
v000001158af73740_0 .var "PC", 31 0;
v000001158af743c0_0 .net "PC_next", 31 0, v000001158af71730_0;  alias, 1 drivers
v000001158af746e0_0 .net "clk", 0 0, v000001158af783e0_0;  alias, 1 drivers
v000001158af74280_0 .net "reset", 0 0, v000001158af78840_0;  alias, 1 drivers
S_000001158af18ce0 .scope module, "registers" "reg_file" 3 96, 20 1 0, S_000001158aea1c80;
 .timescale 0 0;
    .port_info 0 /INPUT 1 "reset";
    .port_info 1 /INPUT 5 "rs1";
    .port_info 2 /INPUT 5 "rs2";
    .port_info 3 /INPUT 5 "rd";
    .port_info 4 /INPUT 1 "reg_write_en";
    .port_info 5 /INPUT 32 "write_data";
    .port_info 6 /OUTPUT 32 "rs1_data";
    .port_info 7 /OUTPUT 32 "rs2_data";
L_000001158aeff020 .functor BUFZ 32, L_000001158af77440, C4<00000000000000000000000000000000>, C4<00000000000000000000000000000000>, C4<00000000000000000000000000000000>;
L_000001158aeff100 .functor BUFZ 32, L_000001158af78980, C4<00000000000000000000000000000000>, C4<00000000000000000000000000000000>, C4<00000000000000000000000000000000>;
v000001158af74820_0 .net *"_ivl_0", 31 0, L_000001158af77440;  1 drivers
v000001158af74fa0_0 .net *"_ivl_10", 6 0, L_000001158af77f80;  1 drivers
L_000001158af79178 .functor BUFT 1, C4<00>, C4<0>, C4<0>, C4<0>;
v000001158af748c0_0 .net *"_ivl_13", 1 0, L_000001158af79178;  1 drivers
v000001158af737e0_0 .net *"_ivl_2", 6 0, L_000001158af78a20;  1 drivers
L_000001158af79130 .functor BUFT 1, C4<00>, C4<0>, C4<0>, C4<0>;
v000001158af74640_0 .net *"_ivl_5", 1 0, L_000001158af79130;  1 drivers
v000001158af73100_0 .net *"_ivl_8", 31 0, L_000001158af78980;  1 drivers
v000001158af73d80_0 .var/i "i", 31 0;
v000001158af745a0_0 .net "rd", 4 0, L_000001158af77ee0;  alias, 1 drivers
v000001158af74460_0 .net "reg_write_en", 0 0, v000001158af723b0_0;  alias, 1 drivers
v000001158af739c0 .array "registers", 0 31, 31 0;
v000001158af74960_0 .net "reset", 0 0, v000001158af78840_0;  alias, 1 drivers
v000001158af734c0_0 .net "rs1", 4 0, L_000001158af77da0;  alias, 1 drivers
v000001158af74d20_0 .net "rs1_data", 31 0, L_000001158aeff020;  alias, 1 drivers
v000001158af73420_0 .net "rs2", 4 0, L_000001158af77940;  alias, 1 drivers
v000001158af74000_0 .net "rs2_data", 31 0, L_000001158aeff100;  alias, 1 drivers
v000001158af74be0_0 .net "write_data", 31 0, v000001158af72c70_0;  alias, 1 drivers
E_000001158aef1f20 .event anyedge, v000001158af3ba70_0, v000001158af723b0_0, v000001158af724f0_0, v000001158af72c70_0;
L_000001158af77440 .array/port v000001158af739c0, L_000001158af78a20;
L_000001158af78a20 .concat [ 5 2 0 0], L_000001158af77da0, L_000001158af79130;
L_000001158af78980 .array/port v000001158af739c0, L_000001158af77f80;
L_000001158af77f80 .concat [ 5 2 0 0], L_000001158af77940, L_000001158af79178;
    .scope S_000001158af18510;
T_0 ;
    %wait E_000001158aef02e0;
    %vpi_call 19 9 "$display", "IF " {0 0 0};
    %load/vec4 v000001158af74280_0;
    %flag_set/vec4 8;
    %jmp/0xz  T_0.0, 8;
    %pushi/vec4 0, 0, 32;
    %assign/vec4 v000001158af73740_0, 0;
    %jmp T_0.1;
T_0.0 ;
    %load/vec4 v000001158af743c0_0;
    %assign/vec4 v000001158af73740_0, 0;
T_0.1 ;
    %jmp T_0;
    .thread T_0;
    .scope S_000001158ae86770;
T_1 ;
    %vpi_call 14 9 "$readmemh", "instruction.hex", v000001158af71ff0 {0 0 0};
    %end;
    .thread T_1;
    .scope S_000001158ae86770;
T_2 ;
    %wait E_000001158aef11e0;
    %load/vec4 v000001158af71870_0;
    %ix/load 4, 2, 0;
    %flag_set/imm 4, 0;
    %shiftr 4;
    %cmpi/u 64, 0, 32;
    %jmp/0xz  T_2.0, 5;
    %load/vec4 v000001158af71870_0;
    %ix/load 5, 2, 0;
    %flag_set/imm 4, 0;
    %shiftr 5;
    %ix/vec4 4;
    %load/vec4a v000001158af71ff0, 4;
    %store/vec4 v000001158af71d70_0, 0, 32;
    %jmp T_2.1;
T_2.0 ;
    %pushi/vec4 0, 0, 32;
    %store/vec4 v000001158af71d70_0, 0, 32;
T_2.1 ;
    %jmp T_2;
    .thread T_2, $push;
    .scope S_000001158af18380;
T_3 ;
    %wait E_000001158aef19a0;
    %load/vec4 v000001158af74780_0;
    %flag_set/vec4 8;
    %jmp/0xz  T_3.0, 8;
    %load/vec4 v000001158af715f0_0;
    %load/vec4 v000001158af740a0_0;
    %parti/s 1, 31, 6;
    %replicate 12;
    %load/vec4 v000001158af740a0_0;
    %parti/s 20, 12, 5;
    %concat/vec4; draw_concat_vec4
    %add;
    %store/vec4 v000001158af71730_0, 0, 32;
    %jmp T_3.1;
T_3.0 ;
    %load/vec4 v000001158af710f0_0;
    %load/vec4 v000001158af741e0_0;
    %and;
    %flag_set/vec4 8;
    %jmp/0xz  T_3.2, 8;
    %load/vec4 v000001158af715f0_0;
    %load/vec4 v000001158af740a0_0;
    %parti/s 1, 31, 6;
    %replicate 20;
    %load/vec4 v000001158af740a0_0;
    %parti/s 1, 7, 4;
    %load/vec4 v000001158af740a0_0;
    %parti/s 6, 25, 6;
    %concat/vec4; draw_concat_vec4
    %load/vec4 v000001158af740a0_0;
    %parti/s 4, 8, 5;
    %concat/vec4; draw_concat_vec4
    %concati/vec4 0, 0, 1;
    %concat/vec4; draw_concat_vec4
    %add;
    %store/vec4 v000001158af71730_0, 0, 32;
    %jmp T_3.3;
T_3.2 ;
    %load/vec4 v000001158af72f90_0;
    %store/vec4 v000001158af71730_0, 0, 32;
T_3.3 ;
T_3.1 ;
    %jmp T_3;
    .thread T_3, $push;
    .scope S_000001158aebb0b0;
T_4 ;
    %wait E_000001158aef02e0;
    %load/vec4 v000001158af3d4b0_0;
    %flag_set/vec4 8;
    %jmp/0xz  T_4.0, 8;
    %pushi/vec4 0, 0, 32;
    %assign/vec4 v000001158af3cb50_0, 0;
    %pushi/vec4 0, 0, 32;
    %assign/vec4 v000001158af3c830_0, 0;
    %jmp T_4.1;
T_4.0 ;
    %load/vec4 v000001158af3bbb0_0;
    %assign/vec4 v000001158af3cb50_0, 0;
    %load/vec4 v000001158af3c330_0;
    %assign/vec4 v000001158af3c830_0, 0;
T_4.1 ;
    %jmp T_4;
    .thread T_4;
    .scope S_000001158aec1fb0;
T_5 ;
    %wait E_000001158aef13a0;
    %vpi_call 12 15 "$display", "ID " {0 0 0};
    %load/vec4 v000001158af71b90_0;
    %flag_set/vec4 8;
    %jmp/0xz  T_5.0, 8;
    %pushi/vec4 0, 0, 1;
    %store/vec4 v000001158af723b0_0, 0, 1;
    %pushi/vec4 0, 0, 1;
    %store/vec4 v000001158af72950_0, 0, 1;
    %pushi/vec4 0, 0, 1;
    %store/vec4 v000001158af71f50_0, 0, 1;
    %pushi/vec4 0, 0, 1;
    %store/vec4 v000001158af71e10_0, 0, 1;
    %pushi/vec4 0, 0, 1;
    %store/vec4 v000001158af72d10_0, 0, 1;
    %pushi/vec4 0, 0, 1;
    %store/vec4 v000001158af72270_0, 0, 1;
    %pushi/vec4 0, 0, 1;
    %store/vec4 v000001158af72450_0, 0, 1;
    %pushi/vec4 0, 0, 1;
    %store/vec4 v000001158af72810_0, 0, 1;
T_5.0 ;
    %load/vec4 v000001158af719b0_0;
    %dup/vec4;
    %pushi/vec4 51, 0, 7;
    %cmp/u;
    %jmp/1 T_5.2, 6;
    %dup/vec4;
    %pushi/vec4 19, 0, 7;
    %cmp/u;
    %jmp/1 T_5.3, 6;
    %dup/vec4;
    %pushi/vec4 3, 0, 7;
    %cmp/u;
    %jmp/1 T_5.4, 6;
    %dup/vec4;
    %pushi/vec4 35, 0, 7;
    %cmp/u;
    %jmp/1 T_5.5, 6;
    %dup/vec4;
    %pushi/vec4 111, 0, 7;
    %cmp/u;
    %jmp/1 T_5.6, 6;
    %dup/vec4;
    %pushi/vec4 99, 0, 7;
    %cmp/u;
    %jmp/1 T_5.7, 6;
    %jmp T_5.8;
T_5.2 ;
    %pushi/vec4 1, 0, 1;
    %store/vec4 v000001158af723b0_0, 0, 1;
    %pushi/vec4 0, 0, 1;
    %store/vec4 v000001158af72950_0, 0, 1;
    %pushi/vec4 0, 0, 1;
    %store/vec4 v000001158af71f50_0, 0, 1;
    %pushi/vec4 0, 0, 1;
    %store/vec4 v000001158af71e10_0, 0, 1;
    %pushi/vec4 0, 0, 1;
    %store/vec4 v000001158af72d10_0, 0, 1;
    %pushi/vec4 1, 0, 1;
    %store/vec4 v000001158af72270_0, 0, 1;
    %pushi/vec4 0, 0, 1;
    %store/vec4 v000001158af72450_0, 0, 1;
    %jmp T_5.8;
T_5.3 ;
    %pushi/vec4 1, 0, 1;
    %store/vec4 v000001158af723b0_0, 0, 1;
    %pushi/vec4 1, 0, 1;
    %store/vec4 v000001158af72950_0, 0, 1;
    %pushi/vec4 0, 0, 1;
    %store/vec4 v000001158af71f50_0, 0, 1;
    %pushi/vec4 0, 0, 1;
    %store/vec4 v000001158af71e10_0, 0, 1;
    %pushi/vec4 0, 0, 1;
    %store/vec4 v000001158af72d10_0, 0, 1;
    %pushi/vec4 1, 0, 1;
    %store/vec4 v000001158af72270_0, 0, 1;
    %pushi/vec4 0, 0, 1;
    %store/vec4 v000001158af72450_0, 0, 1;
    %jmp T_5.8;
T_5.4 ;
    %pushi/vec4 1, 0, 1;
    %store/vec4 v000001158af72d10_0, 0, 1;
    %pushi/vec4 1, 0, 1;
    %store/vec4 v000001158af71f50_0, 0, 1;
    %pushi/vec4 0, 0, 1;
    %store/vec4 v000001158af71e10_0, 0, 1;
    %pushi/vec4 1, 0, 1;
    %store/vec4 v000001158af723b0_0, 0, 1;
    %pushi/vec4 1, 0, 1;
    %store/vec4 v000001158af72950_0, 0, 1;
    %pushi/vec4 0, 0, 1;
    %store/vec4 v000001158af72270_0, 0, 1;
    %pushi/vec4 0, 0, 1;
    %store/vec4 v000001158af72450_0, 0, 1;
    %jmp T_5.8;
T_5.5 ;
    %pushi/vec4 0, 0, 1;
    %store/vec4 v000001158af72270_0, 0, 1;
    %pushi/vec4 1, 0, 1;
    %store/vec4 v000001158af71e10_0, 0, 1;
    %pushi/vec4 1, 0, 1;
    %store/vec4 v000001158af72950_0, 0, 1;
    %pushi/vec4 0, 0, 1;
    %store/vec4 v000001158af72450_0, 0, 1;
    %pushi/vec4 1, 0, 1;
    %store/vec4 v000001158af72d10_0, 0, 1;
    %pushi/vec4 1, 0, 1;
    %store/vec4 v000001158af71f50_0, 0, 1;
    %pushi/vec4 1, 0, 1;
    %store/vec4 v000001158af723b0_0, 0, 1;
    %jmp T_5.8;
T_5.6 ;
    %pushi/vec4 1, 0, 1;
    %store/vec4 v000001158af72450_0, 0, 1;
    %pushi/vec4 0, 0, 1;
    %store/vec4 v000001158af72d10_0, 0, 1;
    %pushi/vec4 0, 0, 1;
    %store/vec4 v000001158af71f50_0, 0, 1;
    %pushi/vec4 0, 0, 1;
    %store/vec4 v000001158af71e10_0, 0, 1;
    %pushi/vec4 1, 0, 1;
    %store/vec4 v000001158af723b0_0, 0, 1;
    %pushi/vec4 0, 0, 1;
    %store/vec4 v000001158af72950_0, 0, 1;
    %pushi/vec4 0, 0, 1;
    %store/vec4 v000001158af72270_0, 0, 1;
    %jmp T_5.8;
T_5.7 ;
    %pushi/vec4 1, 0, 1;
    %store/vec4 v000001158af72810_0, 0, 1;
    %pushi/vec4 0, 0, 1;
    %store/vec4 v000001158af72270_0, 0, 1;
    %pushi/vec4 0, 0, 1;
    %store/vec4 v000001158af72d10_0, 0, 1;
    %pushi/vec4 0, 0, 1;
    %store/vec4 v000001158af71f50_0, 0, 1;
    %pushi/vec4 0, 0, 1;
    %store/vec4 v000001158af71e10_0, 0, 1;
    %pushi/vec4 0, 0, 1;
    %store/vec4 v000001158af723b0_0, 0, 1;
    %pushi/vec4 0, 0, 1;
    %store/vec4 v000001158af72950_0, 0, 1;
    %pushi/vec4 0, 0, 1;
    %store/vec4 v000001158af72450_0, 0, 1;
    %jmp T_5.8;
T_5.8 ;
    %pop/vec4 1;
    %jmp T_5;
    .thread T_5, $push;
    .scope S_000001158aecf030;
T_6 ;
    %wait E_000001158aef0720;
    %load/vec4 v000001158af72310_0;
    %cmpi/e 1, 0, 1;
    %jmp/0xz  T_6.0, 4;
    %load/vec4 v000001158af71910_0;
    %dup/vec4;
    %pushi/vec4 0, 0, 3;
    %cmp/u;
    %jmp/1 T_6.2, 6;
    %dup/vec4;
    %pushi/vec4 1, 0, 3;
    %cmp/u;
    %jmp/1 T_6.3, 6;
    %dup/vec4;
    %pushi/vec4 2, 0, 3;
    %cmp/u;
    %jmp/1 T_6.4, 6;
    %dup/vec4;
    %pushi/vec4 3, 0, 3;
    %cmp/u;
    %jmp/1 T_6.5, 6;
    %dup/vec4;
    %pushi/vec4 4, 0, 3;
    %cmp/u;
    %jmp/1 T_6.6, 6;
    %dup/vec4;
    %pushi/vec4 5, 0, 3;
    %cmp/u;
    %jmp/1 T_6.7, 6;
    %dup/vec4;
    %pushi/vec4 6, 0, 3;
    %cmp/u;
    %jmp/1 T_6.8, 6;
    %dup/vec4;
    %pushi/vec4 7, 0, 3;
    %cmp/u;
    %jmp/1 T_6.9, 6;
    %pushi/vec4 0, 0, 4;
    %store/vec4 v000001158af72130_0, 0, 4;
    %jmp T_6.11;
T_6.2 ;
    %load/vec4 v000001158af71cd0_0;
    %cmpi/e 0, 0, 7;
    %jmp/0xz  T_6.12, 4;
    %pushi/vec4 0, 0, 4;
    %store/vec4 v000001158af72130_0, 0, 4;
    %jmp T_6.13;
T_6.12 ;
    %pushi/vec4 1, 0, 4;
    %store/vec4 v000001158af72130_0, 0, 4;
T_6.13 ;
    %jmp T_6.11;
T_6.3 ;
    %pushi/vec4 5, 0, 4;
    %store/vec4 v000001158af72130_0, 0, 4;
    %jmp T_6.11;
T_6.4 ;
    %pushi/vec4 8, 0, 4;
    %store/vec4 v000001158af72130_0, 0, 4;
    %jmp T_6.11;
T_6.5 ;
    %pushi/vec4 9, 0, 4;
    %store/vec4 v000001158af72130_0, 0, 4;
    %jmp T_6.11;
T_6.6 ;
    %pushi/vec4 2, 0, 4;
    %store/vec4 v000001158af72130_0, 0, 4;
    %jmp T_6.11;
T_6.7 ;
    %load/vec4 v000001158af71cd0_0;
    %cmpi/e 0, 0, 7;
    %jmp/0xz  T_6.14, 4;
    %pushi/vec4 6, 0, 4;
    %store/vec4 v000001158af72130_0, 0, 4;
    %jmp T_6.15;
T_6.14 ;
    %pushi/vec4 7, 0, 4;
    %store/vec4 v000001158af72130_0, 0, 4;
T_6.15 ;
    %jmp T_6.11;
T_6.8 ;
    %pushi/vec4 3, 0, 4;
    %store/vec4 v000001158af72130_0, 0, 4;
    %jmp T_6.11;
T_6.9 ;
    %pushi/vec4 4, 0, 4;
    %store/vec4 v000001158af72130_0, 0, 4;
    %jmp T_6.11;
T_6.11 ;
    %pop/vec4 1;
    %jmp T_6.1;
T_6.0 ;
    %pushi/vec4 0, 0, 4;
    %store/vec4 v000001158af72130_0, 0, 4;
T_6.1 ;
    %jmp T_6;
    .thread T_6, $push;
    .scope S_000001158af18ce0;
T_7 ;
    %wait E_000001158aef1f20;
    %load/vec4 v000001158af74960_0;
    %flag_set/vec4 8;
    %jmp/0xz  T_7.0, 8;
    %pushi/vec4 0, 0, 32;
    %store/vec4 v000001158af73d80_0, 0, 32;
T_7.2 ;
    %load/vec4 v000001158af73d80_0;
    %cmpi/s 32, 0, 32;
    %jmp/0xz T_7.3, 5;
    %pushi/vec4 0, 0, 32;
    %ix/getv/s 3, v000001158af73d80_0;
    %ix/load 4, 0, 0; Constant delay
    %assign/vec4/a/d v000001158af739c0, 0, 4;
    %load/vec4 v000001158af73d80_0;
    %addi 1, 0, 32;
    %store/vec4 v000001158af73d80_0, 0, 32;
    %jmp T_7.2;
T_7.3 ;
    %jmp T_7.1;
T_7.0 ;
    %load/vec4 v000001158af74460_0;
    %load/vec4 v000001158af745a0_0;
    %pushi/vec4 0, 0, 5;
    %cmp/ne;
    %flag_get/vec4 4;
    %and;
    %flag_set/vec4 8;
    %jmp/0xz  T_7.4, 8;
    %load/vec4 v000001158af74be0_0;
    %load/vec4 v000001158af745a0_0;
    %pad/u 7;
    %ix/vec4 3;
    %ix/load 4, 0, 0; Constant delay
    %assign/vec4/a/d v000001158af739c0, 0, 4;
T_7.4 ;
T_7.1 ;
    %jmp T_7;
    .thread T_7, $push;
    .scope S_000001158aea91f0;
T_8 ;
    %wait E_000001158aef1b60;
    %load/vec4 v000001158af71370_0;
    %pushi/vec4 1, 0, 1;
    %cmp/e;
    %flag_get/vec4 4;
    %load/vec4 v000001158af72b30_0;
    %and;
    %flag_set/vec4 8;
    %jmp/0xz  T_8.0, 8;
    %load/vec4 v000001158af72090_0;
    %parti/s 1, 31, 6;
    %replicate 25;
    %load/vec4 v000001158af72090_0;
    %parti/s 7, 25, 6;
    %concat/vec4; draw_concat_vec4
    %store/vec4 v000001158af712d0_0, 0, 32;
    %jmp T_8.1;
T_8.0 ;
    %load/vec4 v000001158af71370_0;
    %cmpi/e 1, 0, 1;
    %jmp/0xz  T_8.2, 4;
    %load/vec4 v000001158af72090_0;
    %parti/s 1, 31, 6;
    %replicate 20;
    %load/vec4 v000001158af72090_0;
    %parti/s 12, 20, 6;
    %concat/vec4; draw_concat_vec4
    %store/vec4 v000001158af712d0_0, 0, 32;
    %jmp T_8.3;
T_8.2 ;
    %load/vec4 v000001158af72590_0;
    %store/vec4 v000001158af712d0_0, 0, 32;
T_8.3 ;
T_8.1 ;
    %jmp T_8;
    .thread T_8, $push;
    .scope S_000001158aea1fa0;
T_9 ;
    %wait E_000001158aef02e0;
    %load/vec4 v000001158af3c1f0_0;
    %flag_set/vec4 8;
    %jmp/0xz  T_9.0, 8;
    %pushi/vec4 0, 0, 1;
    %assign/vec4 v000001158af3ce70_0, 0;
    %pushi/vec4 0, 0, 1;
    %assign/vec4 v000001158af3ca10_0, 0;
    %pushi/vec4 0, 0, 1;
    %assign/vec4 v000001158af3b890_0, 0;
    %pushi/vec4 0, 0, 1;
    %assign/vec4 v000001158af3d0f0_0, 0;
    %pushi/vec4 0, 0, 1;
    %assign/vec4 v000001158af3d2d0_0, 0;
    %pushi/vec4 0, 0, 32;
    %assign/vec4 v000001158af3d230_0, 0;
    %pushi/vec4 0, 0, 32;
    %assign/vec4 v000001158af3c0b0_0, 0;
    %pushi/vec4 0, 0, 4;
    %assign/vec4 v000001158af3d410_0, 0;
    %pushi/vec4 0, 0, 32;
    %assign/vec4 v000001158af3cdd0_0, 0;
    %pushi/vec4 0, 0, 32;
    %assign/vec4 v000001158af3bf70_0, 0;
    %jmp T_9.1;
T_9.0 ;
    %load/vec4 v000001158af3cf10_0;
    %assign/vec4 v000001158af3ce70_0, 0;
    %load/vec4 v000001158af3bb10_0;
    %assign/vec4 v000001158af3ca10_0, 0;
    %load/vec4 v000001158af3c150_0;
    %assign/vec4 v000001158af3b890_0, 0;
    %load/vec4 v000001158af3b7f0_0;
    %assign/vec4 v000001158af3d0f0_0, 0;
    %load/vec4 v000001158af3c970_0;
    %assign/vec4 v000001158af3d2d0_0, 0;
    %load/vec4 v000001158af3d050_0;
    %assign/vec4 v000001158af3d230_0, 0;
    %load/vec4 v000001158af3be30_0;
    %assign/vec4 v000001158af3c0b0_0, 0;
    %load/vec4 v000001158af3c650_0;
    %assign/vec4 v000001158af3d410_0, 0;
    %load/vec4 v000001158af3cab0_0;
    %assign/vec4 v000001158af3cdd0_0, 0;
    %load/vec4 v000001158af3c510_0;
    %assign/vec4 v000001158af3cd30_0, 0;
    %load/vec4 v000001158af3d370_0;
    %assign/vec4 v000001158af3bf70_0, 0;
T_9.1 ;
    %jmp T_9;
    .thread T_9;
    .scope S_000001158aec1e20;
T_10 ;
    %wait E_000001158aef1ea0;
    %vpi_call 11 10 "$display", "EX " {0 0 0};
    %load/vec4 v000001158af72ef0_0;
    %dup/vec4;
    %pushi/vec4 0, 0, 4;
    %cmp/u;
    %jmp/1 T_10.0, 6;
    %dup/vec4;
    %pushi/vec4 1, 0, 4;
    %cmp/u;
    %jmp/1 T_10.1, 6;
    %dup/vec4;
    %pushi/vec4 2, 0, 4;
    %cmp/u;
    %jmp/1 T_10.2, 6;
    %dup/vec4;
    %pushi/vec4 3, 0, 4;
    %cmp/u;
    %jmp/1 T_10.3, 6;
    %dup/vec4;
    %pushi/vec4 4, 0, 4;
    %cmp/u;
    %jmp/1 T_10.4, 6;
    %dup/vec4;
    %pushi/vec4 5, 0, 4;
    %cmp/u;
    %jmp/1 T_10.5, 6;
    %dup/vec4;
    %pushi/vec4 6, 0, 4;
    %cmp/u;
    %jmp/1 T_10.6, 6;
    %dup/vec4;
    %pushi/vec4 7, 0, 4;
    %cmp/u;
    %jmp/1 T_10.7, 6;
    %dup/vec4;
    %pushi/vec4 8, 0, 4;
    %cmp/u;
    %jmp/1 T_10.8, 6;
    %dup/vec4;
    %pushi/vec4 9, 0, 4;
    %cmp/u;
    %jmp/1 T_10.9, 6;
    %pushi/vec4 0, 0, 32;
    %store/vec4 v000001158af72bd0_0, 0, 32;
    %jmp T_10.11;
T_10.0 ;
    %load/vec4 v000001158af72a90_0;
    %load/vec4 v000001158af71eb0_0;
    %add;
    %store/vec4 v000001158af72bd0_0, 0, 32;
    %jmp T_10.11;
T_10.1 ;
    %load/vec4 v000001158af72a90_0;
    %load/vec4 v000001158af71eb0_0;
    %sub;
    %store/vec4 v000001158af72bd0_0, 0, 32;
    %jmp T_10.11;
T_10.2 ;
    %load/vec4 v000001158af72a90_0;
    %load/vec4 v000001158af71eb0_0;
    %xor;
    %store/vec4 v000001158af72bd0_0, 0, 32;
    %jmp T_10.11;
T_10.3 ;
    %load/vec4 v000001158af72a90_0;
    %load/vec4 v000001158af71eb0_0;
    %or;
    %store/vec4 v000001158af72bd0_0, 0, 32;
    %jmp T_10.11;
T_10.4 ;
    %load/vec4 v000001158af72a90_0;
    %load/vec4 v000001158af71eb0_0;
    %and;
    %store/vec4 v000001158af72bd0_0, 0, 32;
    %jmp T_10.11;
T_10.5 ;
    %load/vec4 v000001158af72a90_0;
    %ix/getv 4, v000001158af71eb0_0;
    %shiftl 4;
    %store/vec4 v000001158af72bd0_0, 0, 32;
    %jmp T_10.11;
T_10.6 ;
    %load/vec4 v000001158af72a90_0;
    %ix/getv 4, v000001158af71eb0_0;
    %shiftr 4;
    %store/vec4 v000001158af72bd0_0, 0, 32;
    %jmp T_10.11;
T_10.7 ;
    %load/vec4 v000001158af72a90_0;
    %ix/getv 4, v000001158af71eb0_0;
    %shiftr 4;
    %store/vec4 v000001158af72bd0_0, 0, 32;
    %jmp T_10.11;
T_10.8 ;
    %load/vec4 v000001158af72a90_0;
    %load/vec4 v000001158af71eb0_0;
    %cmp/u;
    %flag_mov 8, 5;
    %jmp/0 T_10.12, 8;
    %pushi/vec4 1, 0, 32;
    %jmp/1 T_10.13, 8;
T_10.12 ; End of true expr.
    %pushi/vec4 0, 0, 32;
    %jmp/0 T_10.13, 8;
 ; End of false expr.
    %blend;
T_10.13;
    %store/vec4 v000001158af72bd0_0, 0, 32;
    %jmp T_10.11;
T_10.9 ;
    %load/vec4 v000001158af72a90_0;
    %load/vec4 v000001158af71eb0_0;
    %cmp/u;
    %flag_mov 8, 5;
    %jmp/0 T_10.14, 8;
    %pushi/vec4 1, 0, 32;
    %jmp/1 T_10.15, 8;
T_10.14 ; End of true expr.
    %pushi/vec4 0, 0, 32;
    %jmp/0 T_10.15, 8;
 ; End of false expr.
    %blend;
T_10.15;
    %store/vec4 v000001158af72bd0_0, 0, 32;
    %jmp T_10.11;
T_10.11 ;
    %pop/vec4 1;
    %load/vec4 v000001158af72bd0_0;
    %pushi/vec4 0, 0, 32;
    %cmp/e;
    %flag_get/vec4 4;
    %store/vec4 v000001158af721d0_0, 0, 1;
    %jmp T_10;
    .thread T_10, $push;
    .scope S_000001158aea1e10;
T_11 ;
    %wait E_000001158aef02e0;
    %load/vec4 v000001158af3ba70_0;
    %flag_set/vec4 8;
    %jmp/0xz  T_11.0, 8;
    %pushi/vec4 0, 0, 1;
    %assign/vec4 v000001158aefb6a0_0, 0;
    %pushi/vec4 0, 0, 1;
    %assign/vec4 v000001158aefb4c0_0, 0;
    %pushi/vec4 0, 0, 1;
    %assign/vec4 v000001158af3c5b0_0, 0;
    %pushi/vec4 0, 0, 32;
    %assign/vec4 v000001158aefb100_0, 0;
    %pushi/vec4 0, 0, 32;
    %assign/vec4 v000001158af3b750_0, 0;
    %jmp T_11.1;
T_11.0 ;
    %load/vec4 v000001158aefb560_0;
    %assign/vec4 v000001158aefb6a0_0, 0;
    %load/vec4 v000001158aefb060_0;
    %assign/vec4 v000001158aefb4c0_0, 0;
    %load/vec4 v000001158af3b6b0_0;
    %assign/vec4 v000001158af3c5b0_0, 0;
    %load/vec4 v000001158aefade0_0;
    %assign/vec4 v000001158aefb100_0, 0;
    %load/vec4 v000001158af3bed0_0;
    %assign/vec4 v000001158af3b750_0, 0;
T_11.1 ;
    %jmp T_11;
    .thread T_11;
    .scope S_000001158af186a0;
T_12 ;
    %wait E_000001158aef1c60;
    %vpi_call 17 14 "$display", "MEM " {0 0 0};
    %load/vec4 v000001158af72db0_0;
    %flag_set/vec4 8;
    %jmp/0xz  T_12.0, 8;
    %pushi/vec4 0, 0, 32;
    %assign/vec4 v000001158af71550_0, 0;
T_12.0 ;
    %load/vec4 v000001158af729f0_0;
    %load/vec4 v000001158af728b0_0;
    %ix/load 4, 2, 0;
    %flag_set/imm 4, 0;
    %shiftr 4;
    %cmpi/u 256, 0, 32;
    %flag_get/vec4 5;
    %and;
    %flag_set/vec4 8;
    %jmp/0xz  T_12.2, 8;
    %load/vec4 v000001158af728b0_0;
    %ix/load 5, 2, 0;
    %flag_set/imm 4, 0;
    %shiftr 5;
    %ix/vec4 4;
    %load/vec4a v000001158af726d0, 4;
    %assign/vec4 v000001158af71550_0, 0;
T_12.2 ;
    %load/vec4 v000001158af714b0_0;
    %load/vec4 v000001158af728b0_0;
    %ix/load 4, 2, 0;
    %flag_set/imm 4, 0;
    %shiftr 4;
    %cmpi/u 256, 0, 32;
    %flag_get/vec4 5;
    %and;
    %flag_set/vec4 8;
    %jmp/0xz  T_12.4, 8;
    %load/vec4 v000001158af72e50_0;
    %load/vec4 v000001158af728b0_0;
    %ix/load 4, 2, 0;
    %flag_set/imm 4, 0;
    %shiftr 4;
    %ix/vec4 3;
    %ix/load 4, 0, 0; Constant delay
    %assign/vec4/a/d v000001158af726d0, 0, 4;
T_12.4 ;
    %jmp T_12;
    .thread T_12, $push;
    .scope S_000001158aebb240;
T_13 ;
    %wait E_000001158aef02e0;
    %load/vec4 v000001158af3d550_0;
    %flag_set/vec4 8;
    %jmp/0xz  T_13.0, 8;
    %pushi/vec4 0, 0, 1;
    %assign/vec4 v000001158af3cfb0_0, 0;
    %pushi/vec4 0, 0, 32;
    %assign/vec4 v000001158af3b9d0_0, 0;
    %pushi/vec4 0, 0, 32;
    %assign/vec4 v000001158af3c470_0, 0;
    %jmp T_13.1;
T_13.0 ;
    %load/vec4 v000001158af3c6f0_0;
    %assign/vec4 v000001158af3cfb0_0, 0;
    %load/vec4 v000001158af3cbf0_0;
    %assign/vec4 v000001158af3b9d0_0, 0;
    %load/vec4 v000001158af3c290_0;
    %assign/vec4 v000001158af3c470_0, 0;
T_13.1 ;
    %jmp T_13;
    .thread T_13;
    .scope S_000001158af18830;
T_14 ;
    %wait E_000001158aef15a0;
    %vpi_call 16 8 "$display", "WB " {0 0 0};
    %load/vec4 v000001158af72630_0;
    %flag_set/vec4 8;
    %jmp/0 T_14.0, 8;
    %load/vec4 v000001158af71410_0;
    %jmp/1 T_14.1, 8;
T_14.0 ; End of true expr.
    %load/vec4 v000001158af71c30_0;
    %jmp/0 T_14.1, 8;
 ; End of false expr.
    %blend;
T_14.1;
    %store/vec4 v000001158af72c70_0, 0, 32;
    %jmp T_14;
    .thread T_14, $push;
    .scope S_000001158af0c6b0;
T_15 ;
    %delay 10, 0;
    %load/vec4 v000001158af783e0_0;
    %inv;
    %store/vec4 v000001158af783e0_0, 0, 1;
    %jmp T_15;
    .thread T_15;
    .scope S_000001158af0c6b0;
T_16 ;
    %vpi_call 2 14 "$dumpfile", "riscv_pipeline.vcd" {0 0 0};
    %vpi_call 2 15 "$dumpvars", 32'sb00000000000000000000000000000000, S_000001158af0c6b0 {0 0 0};
    %end;
    .thread T_16;
    .scope S_000001158af0c6b0;
T_17 ;
    %vpi_call 2 20 "$monitor", "Time=%0t | PC=%h | Instr=%h | ALU_out=%h | MemData=%h | WriteBack_r=%h | writedata = %h", $time, v000001158af73f60_0, v000001158af73600_0, v000001158af73e20_0, v000001158af77c60_0, v000001158af78700_0, v000001158af78ac0_0 {0 0 0};
    %end;
    .thread T_17;
    .scope S_000001158af0c6b0;
T_18 ;
    %pushi/vec4 0, 0, 1;
    %store/vec4 v000001158af783e0_0, 0, 1;
    %pushi/vec4 1, 0, 1;
    %store/vec4 v000001158af78840_0, 0, 1;
    %delay 20, 0;
    %pushi/vec4 0, 0, 1;
    %store/vec4 v000001158af78840_0, 0, 1;
    %delay 10000, 0;
    %vpi_call 2 31 "$finish" {0 0 0};
    %end;
    .thread T_18;
# The file index is used to find the file name in the following table.
:file_names 21;
    "N/A";
    "<interactive>";
    "designTB.v";
    "design.v";
    "./EX_MEM.v";
    "./ID_EX.v";
    "./IF_ID.v";
    "./MEM_WB.v";
    "./adder.v";
    "./mux3.v";
    "./alu_ctrl.v";
    "./ALU.v";
    "./control_unit.v";
    "./decoder.v";
    "./instruction_mem.v";
    "./imm.v";
    "./mux1.v";
    "./memory.v";
    "./mux2.v";
    "./PC.v";
    "./reg_file.v";
