#! /c/Source/iverilog-install/bin/vvp
:ivl_version "12.0 (devel)" "(s20150603-1110-g18392a46)";
:ivl_delay_selection "TYPICAL";
:vpi_time_precision + 0;
:vpi_module "C:\iverilog\lib\ivl\system.vpi";
:vpi_module "C:\iverilog\lib\ivl\vhdl_sys.vpi";
:vpi_module "C:\iverilog\lib\ivl\vhdl_textio.vpi";
:vpi_module "C:\iverilog\lib\ivl\v2005_math.vpi";
:vpi_module "C:\iverilog\lib\ivl\va_math.vpi";
S_000001460efba8c0 .scope module, "ID_tb" "ID_tb" 2 1;
 .timescale 0 0;
v000001460f027110_0 .var "PC_n", 31 0;
v000001460f0272f0_0 .net "PC_new", 31 0, v000001460f026d50_0;  1 drivers
v000001460f027430_0 .var "clk", 0 0;
v000001460f027610_0 .net "funct3", 2 0, L_000001460f029e50;  1 drivers
v000001460f027750_0 .net "funct3_n", 2 0, v000001460f0276b0_0;  1 drivers
v000001460f0268f0_0 .net "funct7", 6 0, L_000001460f02b070;  1 drivers
v000001460f02b930_0 .net "funct7_n", 6 0, v000001460f026ad0_0;  1 drivers
v000001460f02a490_0 .var "instr", 31 0;
v000001460f029f90_0 .net "opcode", 6 0, L_000001460f02b7f0;  1 drivers
v000001460f02b890_0 .net "opcode_n", 6 0, v000001460f026c10_0;  1 drivers
v000001460f02a3f0_0 .net "rd", 4 0, L_000001460f02acb0;  1 drivers
v000001460f02a530_0 .net "rd_n", 4 0, v000001460f0277f0_0;  1 drivers
v000001460f02afd0_0 .var "reset", 0 0;
v000001460f02a990_0 .net "rs1", 4 0, L_000001460f02b110;  1 drivers
v000001460f02a5d0_0 .net "rs1_n", 4 0, v000001460f0274d0_0;  1 drivers
v000001460f02bb10_0 .net "rs2", 4 0, L_000001460f029ef0;  1 drivers
v000001460f029d10_0 .net "rs2_n", 4 0, v000001460f027570_0;  1 drivers
S_000001460efce040 .scope module, "uut" "decoder" 2 12, 3 1 0, S_000001460efba8c0;
 .timescale 0 0;
    .port_info 0 /INPUT 32 "instruction";
    .port_info 1 /OUTPUT 7 "func7";
    .port_info 2 /OUTPUT 5 "rs2";
    .port_info 3 /OUTPUT 5 "rs1";
    .port_info 4 /OUTPUT 3 "func3";
    .port_info 5 /OUTPUT 5 "rd";
    .port_info 6 /OUTPUT 7 "opcode";
v000001460efbaa50_0 .net "func3", 2 0, L_000001460f029e50;  alias, 1 drivers
v000001460ef7d700_0 .net "func7", 6 0, L_000001460f02b070;  alias, 1 drivers
v000001460efba5e0_0 .net "instruction", 31 0, v000001460f02a490_0;  1 drivers
v000001460efba680_0 .net "opcode", 6 0, L_000001460f02b7f0;  alias, 1 drivers
v000001460f0271b0_0 .net "rd", 4 0, L_000001460f02acb0;  alias, 1 drivers
v000001460f026cb0_0 .net "rs1", 4 0, L_000001460f02b110;  alias, 1 drivers
v000001460f026fd0_0 .net "rs2", 4 0, L_000001460f029ef0;  alias, 1 drivers
L_000001460f02b070 .part v000001460f02a490_0, 25, 7;
L_000001460f029ef0 .part v000001460f02a490_0, 20, 5;
L_000001460f02b110 .part v000001460f02a490_0, 15, 5;
L_000001460f029e50 .part v000001460f02a490_0, 12, 3;
L_000001460f02acb0 .part v000001460f02a490_0, 7, 5;
L_000001460f02b7f0 .part v000001460f02a490_0, 0, 7;
S_000001460efce1d0 .scope module, "uut2" "ID_EX" 2 25, 4 1 0, S_000001460efba8c0;
 .timescale 0 0;
    .port_info 0 /INPUT 1 "clk";
    .port_info 1 /INPUT 1 "reset";
    .port_info 2 /INPUT 7 "funct7";
    .port_info 3 /INPUT 5 "rs2";
    .port_info 4 /INPUT 5 "rs1";
    .port_info 5 /INPUT 3 "funct3";
    .port_info 6 /INPUT 5 "rd";
    .port_info 7 /INPUT 7 "opcode";
    .port_info 8 /INPUT 32 "PC_n";
    .port_info 9 /OUTPUT 7 "funct7_n";
    .port_info 10 /OUTPUT 5 "rs2_n";
    .port_info 11 /OUTPUT 5 "rs1_n";
    .port_info 12 /OUTPUT 3 "funct3_n";
    .port_info 13 /OUTPUT 5 "rd_n";
    .port_info 14 /OUTPUT 7 "opcode_n";
    .port_info 15 /OUTPUT 32 "PC_new";
v000001460f026b70_0 .net "PC_n", 31 0, v000001460f027110_0;  1 drivers
v000001460f026d50_0 .var "PC_new", 31 0;
v000001460f027070_0 .net "clk", 0 0, v000001460f027430_0;  1 drivers
v000001460f026a30_0 .net "funct3", 2 0, L_000001460f029e50;  alias, 1 drivers
v000001460f0276b0_0 .var "funct3_n", 2 0;
v000001460f027250_0 .net "funct7", 6 0, L_000001460f02b070;  alias, 1 drivers
v000001460f026ad0_0 .var "funct7_n", 6 0;
v000001460f026e90_0 .net "opcode", 6 0, L_000001460f02b7f0;  alias, 1 drivers
v000001460f026c10_0 .var "opcode_n", 6 0;
v000001460f026f30_0 .net "rd", 4 0, L_000001460f02acb0;  alias, 1 drivers
v000001460f0277f0_0 .var "rd_n", 4 0;
v000001460f026df0_0 .net "reset", 0 0, v000001460f02afd0_0;  1 drivers
v000001460f026990_0 .net "rs1", 4 0, L_000001460f02b110;  alias, 1 drivers
v000001460f0274d0_0 .var "rs1_n", 4 0;
v000001460f027390_0 .net "rs2", 4 0, L_000001460f029ef0;  alias, 1 drivers
v000001460f027570_0 .var "rs2_n", 4 0;
E_000001460efb70f0 .event posedge, v000001460f027070_0;
    .scope S_000001460efce1d0;
T_0 ;
    %wait E_000001460efb70f0;
    %load/vec4 v000001460f026df0_0;
    %flag_set/vec4 8;
    %jmp/0xz  T_0.0, 8;
    %pushi/vec4 0, 0, 7;
    %assign/vec4 v000001460f026ad0_0, 0;
    %pushi/vec4 0, 0, 5;
    %assign/vec4 v000001460f027570_0, 0;
    %pushi/vec4 0, 0, 5;
    %assign/vec4 v000001460f0274d0_0, 0;
    %pushi/vec4 0, 0, 5;
    %assign/vec4 v000001460f0277f0_0, 0;
    %pushi/vec4 0, 0, 7;
    %assign/vec4 v000001460f026c10_0, 0;
    %pushi/vec4 0, 0, 32;
    %assign/vec4 v000001460f026d50_0, 0;
    %jmp T_0.1;
T_0.0 ;
    %load/vec4 v000001460f027250_0;
    %assign/vec4 v000001460f026ad0_0, 0;
    %load/vec4 v000001460f026a30_0;
    %assign/vec4 v000001460f0276b0_0, 0;
    %load/vec4 v000001460f027390_0;
    %assign/vec4 v000001460f027570_0, 0;
    %load/vec4 v000001460f026990_0;
    %assign/vec4 v000001460f0274d0_0, 0;
    %load/vec4 v000001460f026f30_0;
    %assign/vec4 v000001460f0277f0_0, 0;
    %load/vec4 v000001460f026e90_0;
    %assign/vec4 v000001460f026c10_0, 0;
    %load/vec4 v000001460f026b70_0;
    %assign/vec4 v000001460f026d50_0, 0;
T_0.1 ;
    %jmp T_0;
    .thread T_0;
    .scope S_000001460efba8c0;
T_1 ;
    %delay 10, 0;
    %load/vec4 v000001460f027430_0;
    %inv;
    %store/vec4 v000001460f027430_0, 0, 1;
    %jmp T_1;
    .thread T_1;
    .scope S_000001460efba8c0;
T_2 ;
    %vpi_call 2 46 "$dumpfile", "ID_test.vcd" {0 0 0};
    %vpi_call 2 47 "$dumpvars", 32'sb00000000000000000000000000000000, S_000001460efba8c0 {0 0 0};
    %vpi_call 2 48 "$monitor", "instruction = %b rs1 = %h rs2 = %h rd = %h opcode = %h funct3 = %h funct7 = %b rs1_n = %h , rs2_n = %h , rd_n = %h , opcode_n = %h , funct3_n = %h, funct7_n = %b, PC_n = %h PC_new = %h,", v000001460f02a490_0, v000001460f02a990_0, v000001460f02bb10_0, v000001460f02a3f0_0, v000001460f029f90_0, v000001460f027610_0, v000001460f0268f0_0, v000001460f02a5d0_0, v000001460f029d10_0, v000001460f02a530_0, v000001460f02b890_0, v000001460f027750_0, v000001460f02b930_0, v000001460f027110_0, v000001460f0272f0_0 {0 0 0};
    %end;
    .thread T_2;
    .scope S_000001460efba8c0;
T_3 ;
    %pushi/vec4 0, 0, 1;
    %store/vec4 v000001460f027430_0, 0, 1;
    %pushi/vec4 1, 0, 1;
    %store/vec4 v000001460f02afd0_0, 0, 1;
    %pushi/vec4 5243155, 0, 32;
    %store/vec4 v000001460f02a490_0, 0, 32;
    %pushi/vec4 18, 0, 32;
    %store/vec4 v000001460f027110_0, 0, 32;
    %delay 20, 0;
    %pushi/vec4 0, 0, 1;
    %store/vec4 v000001460f02afd0_0, 0, 1;
    %delay 20, 0;
    %pushi/vec4 10486163, 0, 32;
    %store/vec4 v000001460f02a490_0, 0, 32;
    %delay 20, 0;
    %pushi/vec4 8739, 0, 32;
    %store/vec4 v000001460f02a490_0, 0, 32;
    %delay 20, 0;
    %vpi_call 2 60 "$finish" {0 0 0};
    %end;
    .thread T_3;
# The file index is used to find the file name in the following table.
:file_names 5;
    "N/A";
    "<interactive>";
    "ID_tb.v";
    "decoder.v";
    "ID_EX.v";
