#! /c/Source/iverilog-install/bin/vvp
:ivl_version "12.0 (devel)" "(s20150603-1110-g18392a46)";
:ivl_delay_selection "TYPICAL";
:vpi_time_precision - 12;
:vpi_module "C:\iverilog\lib\ivl\system.vpi";
:vpi_module "C:\iverilog\lib\ivl\vhdl_sys.vpi";
:vpi_module "C:\iverilog\lib\ivl\vhdl_textio.vpi";
:vpi_module "C:\iverilog\lib\ivl\v2005_math.vpi";
:vpi_module "C:\iverilog\lib\ivl\va_math.vpi";
S_000001da5f0abcc0 .scope module, "ALU_tb" "ALU_tb" 2 1;
 .timescale -9 -12;
v000001da5f0a6bf0_0 .var "A", 31 0;
v000001da5f0a6c90_0 .var "B", 31 0;
v000001da5f0a6d30_0 .net "F", 31 0, v000001da5f0ae4c0_0;  1 drivers
v000001da5f0a6dd0_0 .var "S", 3 0;
v000001da5f0a6e70_0 .net "zeroflag", 0 0, v000001da5f0a6b50_0;  1 drivers
S_000001da5f0abe50 .scope module, "uut" "alu" 2 9, 3 4 0, S_000001da5f0abcc0;
 .timescale -9 -12;
    .port_info 0 /INPUT 32 "A";
    .port_info 1 /INPUT 32 "B";
    .port_info 2 /INPUT 4 "S";
    .port_info 3 /OUTPUT 32 "F";
    .port_info 4 /OUTPUT 1 "zeroflag";
v000001da5f0a72d0_0 .net "A", 31 0, v000001da5f0a6bf0_0;  1 drivers
v000001da5f0a7510_0 .net "B", 31 0, v000001da5f0a6c90_0;  1 drivers
v000001da5f0ae4c0_0 .var "F", 31 0;
v000001da5f0a6ab0_0 .net "S", 3 0, v000001da5f0a6dd0_0;  1 drivers
v000001da5f0a6b50_0 .var "zeroflag", 0 0;
E_000001da5f0a9850 .event anyedge, v000001da5f0a6ab0_0, v000001da5f0a72d0_0, v000001da5f0a7510_0, v000001da5f0ae4c0_0;
    .scope S_000001da5f0abe50;
T_0 ;
    %wait E_000001da5f0a9850;
    %load/vec4 v000001da5f0a6ab0_0;
    %dup/vec4;
    %pushi/vec4 0, 0, 4;
    %cmp/u;
    %jmp/1 T_0.0, 6;
    %dup/vec4;
    %pushi/vec4 1, 0, 4;
    %cmp/u;
    %jmp/1 T_0.1, 6;
    %dup/vec4;
    %pushi/vec4 2, 0, 4;
    %cmp/u;
    %jmp/1 T_0.2, 6;
    %dup/vec4;
    %pushi/vec4 3, 0, 4;
    %cmp/u;
    %jmp/1 T_0.3, 6;
    %dup/vec4;
    %pushi/vec4 4, 0, 4;
    %cmp/u;
    %jmp/1 T_0.4, 6;
    %dup/vec4;
    %pushi/vec4 5, 0, 4;
    %cmp/u;
    %jmp/1 T_0.5, 6;
    %dup/vec4;
    %pushi/vec4 6, 0, 4;
    %cmp/u;
    %jmp/1 T_0.6, 6;
    %dup/vec4;
    %pushi/vec4 7, 0, 4;
    %cmp/u;
    %jmp/1 T_0.7, 6;
    %dup/vec4;
    %pushi/vec4 8, 0, 4;
    %cmp/u;
    %jmp/1 T_0.8, 6;
    %pushi/vec4 0, 0, 32;
    %store/vec4 v000001da5f0ae4c0_0, 0, 32;
    %jmp T_0.10;
T_0.0 ;
    %load/vec4 v000001da5f0a72d0_0;
    %load/vec4 v000001da5f0a7510_0;
    %add;
    %store/vec4 v000001da5f0ae4c0_0, 0, 32;
    %jmp T_0.10;
T_0.1 ;
    %load/vec4 v000001da5f0a72d0_0;
    %load/vec4 v000001da5f0a7510_0;
    %sub;
    %store/vec4 v000001da5f0ae4c0_0, 0, 32;
    %jmp T_0.10;
T_0.2 ;
    %load/vec4 v000001da5f0a72d0_0;
    %ix/getv 4, v000001da5f0a7510_0;
    %shiftl 4;
    %store/vec4 v000001da5f0ae4c0_0, 0, 32;
    %jmp T_0.10;
T_0.3 ;
    %load/vec4 v000001da5f0a72d0_0;
    %load/vec4 v000001da5f0a7510_0;
    %cmp/u;
    %flag_mov 8, 5;
    %jmp/0 T_0.11, 8;
    %pushi/vec4 1, 0, 32;
    %jmp/1 T_0.12, 8;
T_0.11 ; End of true expr.
    %pushi/vec4 0, 0, 32;
    %jmp/0 T_0.12, 8;
 ; End of false expr.
    %blend;
T_0.12;
    %store/vec4 v000001da5f0ae4c0_0, 0, 32;
    %jmp T_0.10;
T_0.4 ;
    %load/vec4 v000001da5f0a72d0_0;
    %load/vec4 v000001da5f0a7510_0;
    %xor;
    %store/vec4 v000001da5f0ae4c0_0, 0, 32;
    %jmp T_0.10;
T_0.5 ;
    %load/vec4 v000001da5f0a72d0_0;
    %ix/getv 4, v000001da5f0a7510_0;
    %shiftr 4;
    %store/vec4 v000001da5f0ae4c0_0, 0, 32;
    %jmp T_0.10;
T_0.6 ;
    %load/vec4 v000001da5f0a72d0_0;
    %load/vec4 v000001da5f0a7510_0;
    %or;
    %store/vec4 v000001da5f0ae4c0_0, 0, 32;
    %jmp T_0.10;
T_0.7 ;
    %load/vec4 v000001da5f0a72d0_0;
    %load/vec4 v000001da5f0a7510_0;
    %and;
    %store/vec4 v000001da5f0ae4c0_0, 0, 32;
    %jmp T_0.10;
T_0.8 ;
    %load/vec4 v000001da5f0a72d0_0;
    %load/vec4 v000001da5f0a7510_0;
    %cmp/u;
    %flag_mov 8, 5;
    %jmp/0 T_0.13, 8;
    %pushi/vec4 1, 0, 32;
    %jmp/1 T_0.14, 8;
T_0.13 ; End of true expr.
    %pushi/vec4 0, 0, 32;
    %jmp/0 T_0.14, 8;
 ; End of false expr.
    %blend;
T_0.14;
    %store/vec4 v000001da5f0ae4c0_0, 0, 32;
    %jmp T_0.10;
T_0.10 ;
    %pop/vec4 1;
    %load/vec4 v000001da5f0ae4c0_0;
    %pushi/vec4 0, 0, 32;
    %cmp/e;
    %flag_get/vec4 4;
    %store/vec4 v000001da5f0a6b50_0, 0, 1;
    %jmp T_0;
    .thread T_0, $push;
    .scope S_000001da5f0abcc0;
T_1 ;
    %vpi_call 2 12 "$dumpfile", "waveform.vcd" {0 0 0};
    %vpi_call 2 13 "$dumpvars", 32'sb00000000000000000000000000000000, S_000001da5f0abcc0 {0 0 0};
    %vpi_call 2 14 "$monitor", "Time=%t, A=%d, B=%d, ALU_Sel= %b, ALU_OUT = %d, ZeroFlag = %b", $time, v000001da5f0a6bf0_0, v000001da5f0a6c90_0, v000001da5f0a6dd0_0, v000001da5f0a6d30_0, v000001da5f0a6e70_0 {0 0 0};
    %pushi/vec4 305419896, 0, 32;
    %store/vec4 v000001da5f0a6bf0_0, 0, 32;
    %pushi/vec4 2578300656, 0, 32;
    %store/vec4 v000001da5f0a6c90_0, 0, 32;
    %delay 10000, 0;
    %pushi/vec4 0, 0, 4;
    %store/vec4 v000001da5f0a6dd0_0, 0, 4;
    %delay 10000, 0;
    %pushi/vec4 1, 0, 4;
    %store/vec4 v000001da5f0a6dd0_0, 0, 4;
    %delay 10000, 0;
    %pushi/vec4 2, 0, 4;
    %store/vec4 v000001da5f0a6dd0_0, 0, 4;
    %delay 10000, 0;
    %pushi/vec4 3, 0, 4;
    %store/vec4 v000001da5f0a6dd0_0, 0, 4;
    %delay 10000, 0;
    %pushi/vec4 6, 0, 4;
    %store/vec4 v000001da5f0a6dd0_0, 0, 4;
    %delay 10000, 0;
    %pushi/vec4 7, 0, 4;
    %store/vec4 v000001da5f0a6dd0_0, 0, 4;
    %delay 10000, 0;
    %pushi/vec4 4, 0, 32;
    %store/vec4 v000001da5f0a6c90_0, 0, 32;
    %pushi/vec4 4, 0, 4;
    %store/vec4 v000001da5f0a6dd0_0, 0, 4;
    %delay 10000, 0;
    %delay 10000, 0;
    %pushi/vec4 5, 0, 4;
    %store/vec4 v000001da5f0a6dd0_0, 0, 4;
    %delay 10000, 0;
    %pushi/vec4 10, 0, 4;
    %store/vec4 v000001da5f0a6dd0_0, 0, 4;
    %delay 10000, 0;
    %vpi_call 2 46 "$finish" {0 0 0};
    %vpi_call 2 47 "$stop" {0 0 0};
    %end;
    .thread T_1;
# The file index is used to find the file name in the following table.
:file_names 4;
    "N/A";
    "<interactive>";
    "ALU_tb.v";
    "ALU.v";
