#! /c/Source/iverilog-install/bin/vvp
:ivl_version "12.0 (devel)" "(s20150603-1110-g18392a46)";
:ivl_delay_selection "TYPICAL";
:vpi_time_precision - 12;
:vpi_module "C:\iverilog\lib\ivl\system.vpi";
:vpi_module "C:\iverilog\lib\ivl\vhdl_sys.vpi";
:vpi_module "C:\iverilog\lib\ivl\vhdl_textio.vpi";
:vpi_module "C:\iverilog\lib\ivl\v2005_math.vpi";
:vpi_module "C:\iverilog\lib\ivl\va_math.vpi";
S_000001d9fedd4610 .scope module, "ALU_tb" "ALU_tb" 2 2;
 .timescale -9 -12;
v000001d9fef0ec50_0 .var "A", 31 0;
v000001d9fef0ecf0_0 .net "ALU_Out", 31 0, v000001d9fef072c0_0;  1 drivers
v000001d9fedd4930_0 .var "ALU_Sel", 3 0;
v000001d9fedd49d0_0 .var "B", 31 0;
v000001d9fedd4a70_0 .net "ZeroFlag", 0 0, L_000001d9fedd4b10;  1 drivers
S_000001d9fef0e8e0 .scope module, "uut" "ALU" 2 12, 3 1 0, S_000001d9fedd4610;
 .timescale 0 0;
    .port_info 0 /INPUT 32 "A";
    .port_info 1 /INPUT 32 "B";
    .port_info 2 /INPUT 4 "ALU_Sel";
    .port_info 3 /OUTPUT 32 "ALU_Out";
    .port_info 4 /OUTPUT 1 "ZeroFlag";
v000001d9fef07180_0 .net "A", 31 0, v000001d9fef0ec50_0;  1 drivers
v000001d9fef072c0_0 .var "ALU_Out", 31 0;
v000001d9fef06d60_0 .net "ALU_Sel", 3 0, v000001d9fedd4930_0;  1 drivers
v000001d9fef0ea70_0 .net "B", 31 0, v000001d9fedd49d0_0;  1 drivers
v000001d9fef0eb10_0 .net "ZeroFlag", 0 0, L_000001d9fedd4b10;  alias, 1 drivers
L_000001d9fee3b848 .functor BUFT 1, C4<00000000000000000000000000000000>, C4<0>, C4<0>, C4<0>;
v000001d9fef0ebb0_0 .net/2u *"_ivl_0", 31 0, L_000001d9fee3b848;  1 drivers
E_000001d9fedd7330 .event anyedge, v000001d9fef06d60_0, v000001d9fef07180_0, v000001d9fef0ea70_0;
L_000001d9fedd4b10 .cmp/eq 32, v000001d9fef072c0_0, L_000001d9fee3b848;
    .scope S_000001d9fef0e8e0;
T_0 ;
    %wait E_000001d9fedd7330;
    %load/vec4 v000001d9fef06d60_0;
    %dup/vec4;
    %pushi/vec4 0, 0, 4;
    %cmp/u;
    %jmp/1 T_0.0, 6;
    %dup/vec4;
    %pushi/vec4 1, 0, 4;
    %cmp/u;
    %jmp/1 T_0.1, 6;
    %dup/vec4;
    %pushi/vec4 2, 0, 4;
    %cmp/u;
    %jmp/1 T_0.2, 6;
    %dup/vec4;
    %pushi/vec4 3, 0, 4;
    %cmp/u;
    %jmp/1 T_0.3, 6;
    %dup/vec4;
    %pushi/vec4 4, 0, 4;
    %cmp/u;
    %jmp/1 T_0.4, 6;
    %dup/vec4;
    %pushi/vec4 5, 0, 4;
    %cmp/u;
    %jmp/1 T_0.5, 6;
    %dup/vec4;
    %pushi/vec4 6, 0, 4;
    %cmp/u;
    %jmp/1 T_0.6, 6;
    %dup/vec4;
    %pushi/vec4 7, 0, 4;
    %cmp/u;
    %jmp/1 T_0.7, 6;
    %dup/vec4;
    %pushi/vec4 8, 0, 4;
    %cmp/u;
    %jmp/1 T_0.8, 6;
    %pushi/vec4 0, 0, 32;
    %store/vec4 v000001d9fef072c0_0, 0, 32;
    %jmp T_0.10;
T_0.0 ;
    %load/vec4 v000001d9fef07180_0;
    %load/vec4 v000001d9fef0ea70_0;
    %and;
    %store/vec4 v000001d9fef072c0_0, 0, 32;
    %jmp T_0.10;
T_0.1 ;
    %load/vec4 v000001d9fef07180_0;
    %load/vec4 v000001d9fef0ea70_0;
    %or;
    %store/vec4 v000001d9fef072c0_0, 0, 32;
    %jmp T_0.10;
T_0.2 ;
    %load/vec4 v000001d9fef07180_0;
    %load/vec4 v000001d9fef0ea70_0;
    %add;
    %store/vec4 v000001d9fef072c0_0, 0, 32;
    %jmp T_0.10;
T_0.3 ;
    %load/vec4 v000001d9fef07180_0;
    %ix/getv 4, v000001d9fef0ea70_0;
    %shiftl 4;
    %store/vec4 v000001d9fef072c0_0, 0, 32;
    %jmp T_0.10;
T_0.4 ;
    %load/vec4 v000001d9fef07180_0;
    %load/vec4 v000001d9fef0ea70_0;
    %sub;
    %store/vec4 v000001d9fef072c0_0, 0, 32;
    %jmp T_0.10;
T_0.5 ;
    %load/vec4 v000001d9fef07180_0;
    %ix/getv 4, v000001d9fef0ea70_0;
    %shiftr 4;
    %store/vec4 v000001d9fef072c0_0, 0, 32;
    %jmp T_0.10;
T_0.6 ;
    %load/vec4 v000001d9fef07180_0;
    %load/vec4 v000001d9fef0ea70_0;
    %mul;
    %store/vec4 v000001d9fef072c0_0, 0, 32;
    %jmp T_0.10;
T_0.7 ;
    %load/vec4 v000001d9fef07180_0;
    %load/vec4 v000001d9fef0ea70_0;
    %xor;
    %store/vec4 v000001d9fef072c0_0, 0, 32;
    %jmp T_0.10;
T_0.8 ;
    %load/vec4 v000001d9fef07180_0;
    %load/vec4 v000001d9fef0ea70_0;
    %cmp/u;
    %flag_mov 8, 5;
    %jmp/0 T_0.11, 8;
    %pushi/vec4 1, 0, 32;
    %jmp/1 T_0.12, 8;
T_0.11 ; End of true expr.
    %pushi/vec4 0, 0, 32;
    %jmp/0 T_0.12, 8;
 ; End of false expr.
    %blend;
T_0.12;
    %store/vec4 v000001d9fef072c0_0, 0, 32;
    %jmp T_0.10;
T_0.10 ;
    %pop/vec4 1;
    %jmp T_0;
    .thread T_0, $push;
    .scope S_000001d9fedd4610;
T_1 ;
    %vpi_call 2 22 "$dumpfile", "waveform.vcd" {0 0 0};
    %vpi_call 2 23 "$dumpvars", 32'sb00000000000000000000000000000000, S_000001d9fedd4610 {0 0 0};
    %vpi_call 2 24 "$monitor", "Time=%t, A=%d, B=%d, ALU_Sel= %b, ALU_OUT = %d, ZeroFlag = %b", $time, v000001d9fef0ec50_0, v000001d9fedd49d0_0, v000001d9fedd4930_0, v000001d9fef0ecf0_0, v000001d9fedd4a70_0 {0 0 0};
    %pushi/vec4 5, 0, 32;
    %store/vec4 v000001d9fef0ec50_0, 0, 32;
    %pushi/vec4 3, 0, 32;
    %store/vec4 v000001d9fedd49d0_0, 0, 32;
    %pushi/vec4 2, 0, 4;
    %store/vec4 v000001d9fedd4930_0, 0, 4;
    %delay 10000, 0;
    %pushi/vec4 9, 0, 32;
    %store/vec4 v000001d9fef0ec50_0, 0, 32;
    %pushi/vec4 4, 0, 32;
    %store/vec4 v000001d9fedd49d0_0, 0, 32;
    %pushi/vec4 4, 0, 4;
    %store/vec4 v000001d9fedd4930_0, 0, 4;
    %delay 10000, 0;
    %pushi/vec4 15, 0, 32;
    %store/vec4 v000001d9fef0ec50_0, 0, 32;
    %pushi/vec4 240, 0, 32;
    %store/vec4 v000001d9fedd49d0_0, 0, 32;
    %pushi/vec4 0, 0, 4;
    %store/vec4 v000001d9fedd4930_0, 0, 4;
    %delay 10000, 0;
    %pushi/vec4 15, 0, 32;
    %store/vec4 v000001d9fef0ec50_0, 0, 32;
    %pushi/vec4 240, 0, 32;
    %store/vec4 v000001d9fedd49d0_0, 0, 32;
    %pushi/vec4 1, 0, 4;
    %store/vec4 v000001d9fedd4930_0, 0, 4;
    %delay 10000, 0;
    %pushi/vec4 15, 0, 32;
    %store/vec4 v000001d9fef0ec50_0, 0, 32;
    %pushi/vec4 240, 0, 32;
    %store/vec4 v000001d9fedd49d0_0, 0, 32;
    %pushi/vec4 7, 0, 4;
    %store/vec4 v000001d9fedd4930_0, 0, 4;
    %delay 10000, 0;
    %pushi/vec4 1, 0, 32;
    %store/vec4 v000001d9fef0ec50_0, 0, 32;
    %pushi/vec4 4, 0, 32;
    %store/vec4 v000001d9fedd49d0_0, 0, 32;
    %pushi/vec4 3, 0, 4;
    %store/vec4 v000001d9fedd4930_0, 0, 4;
    %delay 10000, 0;
    %pushi/vec4 16, 0, 32;
    %store/vec4 v000001d9fef0ec50_0, 0, 32;
    %pushi/vec4 2, 0, 32;
    %store/vec4 v000001d9fedd49d0_0, 0, 32;
    %pushi/vec4 5, 0, 4;
    %store/vec4 v000001d9fedd4930_0, 0, 4;
    %delay 10000, 0;
    %pushi/vec4 3, 0, 32;
    %store/vec4 v000001d9fef0ec50_0, 0, 32;
    %pushi/vec4 2, 0, 32;
    %store/vec4 v000001d9fedd49d0_0, 0, 32;
    %pushi/vec4 6, 0, 4;
    %store/vec4 v000001d9fedd4930_0, 0, 4;
    %delay 10000, 0;
    %pushi/vec4 5, 0, 32;
    %store/vec4 v000001d9fef0ec50_0, 0, 32;
    %pushi/vec4 5, 0, 32;
    %store/vec4 v000001d9fedd49d0_0, 0, 32;
    %pushi/vec4 4, 0, 4;
    %store/vec4 v000001d9fedd4930_0, 0, 4;
    %delay 10000, 0;
    %delay 100000, 0;
    %vpi_call 2 55 "$finish" {0 0 0};
    %end;
    .thread T_1;
# The file index is used to find the file name in the following table.
:file_names 4;
    "N/A";
    "<interactive>";
    "ALU_tb.v";
    "ALU.v";
