#! /c/Source/iverilog-install/bin/vvp
:ivl_version "12.0 (devel)" "(s20150603-1110-g18392a46)";
:ivl_delay_selection "TYPICAL";
:vpi_time_precision + 0;
:vpi_module "C:\iverilog\lib\ivl\system.vpi";
:vpi_module "C:\iverilog\lib\ivl\vhdl_sys.vpi";
:vpi_module "C:\iverilog\lib\ivl\vhdl_textio.vpi";
:vpi_module "C:\iverilog\lib\ivl\v2005_math.vpi";
:vpi_module "C:\iverilog\lib\ivl\va_math.vpi";
S_000002e5b6472720 .scope module, "PC" "PC" 2 1;
 .timescale 0 0;
    .port_info 0 /INPUT 1 "clk";
    .port_info 1 /INPUT 1 "rst";
    .port_info 2 /INPUT 32 "PC_next";
    .port_info 3 /OUTPUT 32 "PC";
v000002e5b6472dd0_0 .var "PC", 31 0;
o000002e5b64a6eb8 .functor BUFZ 32, C4<zzzzzzzzzzzzzzzzzzzzzzzzzzzzzzzz>; HiZ drive
v000002e5b64728b0_0 .net "PC_next", 31 0, o000002e5b64a6eb8;  0 drivers
o000002e5b64a6ee8 .functor BUFZ 1, C4<z>; HiZ drive
v000002e5b6472950_0 .net "clk", 0 0, o000002e5b64a6ee8;  0 drivers
o000002e5b64a6f18 .functor BUFZ 1, C4<z>; HiZ drive
v000002e5b64729f0_0 .net "rst", 0 0, o000002e5b64a6f18;  0 drivers
E_000002e5b64a4f20 .event posedge, v000002e5b64729f0_0, v000002e5b6472950_0;
    .scope S_000002e5b6472720;
T_0 ;
    %wait E_000002e5b64a4f20;
    %load/vec4 v000002e5b64729f0_0;
    %flag_set/vec4 8;
    %jmp/0xz  T_0.0, 8;
    %pushi/vec4 0, 0, 32;
    %assign/vec4 v000002e5b6472dd0_0, 0;
    %jmp T_0.1;
T_0.0 ;
    %load/vec4 v000002e5b64728b0_0;
    %assign/vec4 v000002e5b6472dd0_0, 0;
T_0.1 ;
    %jmp T_0;
    .thread T_0;
# The file index is used to find the file name in the following table.
:file_names 3;
    "N/A";
    "<interactive>";
    "PC.v";
