#! /c/Source/iverilog-install/bin/vvp
:ivl_version "12.0 (devel)" "(s20150603-1110-g18392a46)";
:ivl_delay_selection "TYPICAL";
:vpi_time_precision + 0;
:vpi_module "C:\iverilog\lib\ivl\system.vpi";
:vpi_module "C:\iverilog\lib\ivl\vhdl_sys.vpi";
:vpi_module "C:\iverilog\lib\ivl\vhdl_textio.vpi";
:vpi_module "C:\iverilog\lib\ivl\v2005_math.vpi";
:vpi_module "C:\iverilog\lib\ivl\va_math.vpi";
S_00000254fd0ab5b0 .scope module, "PC_IM_tb" "PC_IM_tb" 2 1;
 .timescale 0 0;
v00000254fd0f60d0_0 .net "Instr", 31 0, v00000254fd0a7020_0;  1 drivers
v00000254fd0f6170_0 .net "PC", 31 0, v00000254fd0abc90_0;  1 drivers
v00000254fd0f6210_0 .var "PC_next", 31 0;
v00000254fd0f62b0_0 .var "clk", 0 0;
v00000254fd0a6970_0 .var "rst", 0 0;
S_00000254fd0ab8d0 .scope module, "im_inst" "IM" 2 14, 3 1 0, S_00000254fd0ab5b0;
 .timescale 0 0;
    .port_info 0 /INPUT 32 "PC";
    .port_info 1 /OUTPUT 32 "Instr";
v00000254fd0a7020_0 .var "Instr", 31 0;
v00000254fd0adcd0_0 .net "PC", 31 0, v00000254fd0abc90_0;  alias, 1 drivers
v00000254fd0aba60 .array "memory", 255 0, 31 0;
v00000254fd0aba60_0 .array/port v00000254fd0aba60, 0;
v00000254fd0aba60_1 .array/port v00000254fd0aba60, 1;
v00000254fd0aba60_2 .array/port v00000254fd0aba60, 2;
E_00000254fd0f8c20/0 .event anyedge, v00000254fd0adcd0_0, v00000254fd0aba60_0, v00000254fd0aba60_1, v00000254fd0aba60_2;
v00000254fd0aba60_3 .array/port v00000254fd0aba60, 3;
v00000254fd0aba60_4 .array/port v00000254fd0aba60, 4;
v00000254fd0aba60_5 .array/port v00000254fd0aba60, 5;
v00000254fd0aba60_6 .array/port v00000254fd0aba60, 6;
E_00000254fd0f8c20/1 .event anyedge, v00000254fd0aba60_3, v00000254fd0aba60_4, v00000254fd0aba60_5, v00000254fd0aba60_6;
v00000254fd0aba60_7 .array/port v00000254fd0aba60, 7;
v00000254fd0aba60_8 .array/port v00000254fd0aba60, 8;
v00000254fd0aba60_9 .array/port v00000254fd0aba60, 9;
v00000254fd0aba60_10 .array/port v00000254fd0aba60, 10;
E_00000254fd0f8c20/2 .event anyedge, v00000254fd0aba60_7, v00000254fd0aba60_8, v00000254fd0aba60_9, v00000254fd0aba60_10;
v00000254fd0aba60_11 .array/port v00000254fd0aba60, 11;
v00000254fd0aba60_12 .array/port v00000254fd0aba60, 12;
v00000254fd0aba60_13 .array/port v00000254fd0aba60, 13;
v00000254fd0aba60_14 .array/port v00000254fd0aba60, 14;
E_00000254fd0f8c20/3 .event anyedge, v00000254fd0aba60_11, v00000254fd0aba60_12, v00000254fd0aba60_13, v00000254fd0aba60_14;
v00000254fd0aba60_15 .array/port v00000254fd0aba60, 15;
v00000254fd0aba60_16 .array/port v00000254fd0aba60, 16;
v00000254fd0aba60_17 .array/port v00000254fd0aba60, 17;
v00000254fd0aba60_18 .array/port v00000254fd0aba60, 18;
E_00000254fd0f8c20/4 .event anyedge, v00000254fd0aba60_15, v00000254fd0aba60_16, v00000254fd0aba60_17, v00000254fd0aba60_18;
v00000254fd0aba60_19 .array/port v00000254fd0aba60, 19;
v00000254fd0aba60_20 .array/port v00000254fd0aba60, 20;
v00000254fd0aba60_21 .array/port v00000254fd0aba60, 21;
v00000254fd0aba60_22 .array/port v00000254fd0aba60, 22;
E_00000254fd0f8c20/5 .event anyedge, v00000254fd0aba60_19, v00000254fd0aba60_20, v00000254fd0aba60_21, v00000254fd0aba60_22;
v00000254fd0aba60_23 .array/port v00000254fd0aba60, 23;
v00000254fd0aba60_24 .array/port v00000254fd0aba60, 24;
v00000254fd0aba60_25 .array/port v00000254fd0aba60, 25;
v00000254fd0aba60_26 .array/port v00000254fd0aba60, 26;
E_00000254fd0f8c20/6 .event anyedge, v00000254fd0aba60_23, v00000254fd0aba60_24, v00000254fd0aba60_25, v00000254fd0aba60_26;
v00000254fd0aba60_27 .array/port v00000254fd0aba60, 27;
v00000254fd0aba60_28 .array/port v00000254fd0aba60, 28;
v00000254fd0aba60_29 .array/port v00000254fd0aba60, 29;
v00000254fd0aba60_30 .array/port v00000254fd0aba60, 30;
E_00000254fd0f8c20/7 .event anyedge, v00000254fd0aba60_27, v00000254fd0aba60_28, v00000254fd0aba60_29, v00000254fd0aba60_30;
v00000254fd0aba60_31 .array/port v00000254fd0aba60, 31;
v00000254fd0aba60_32 .array/port v00000254fd0aba60, 32;
v00000254fd0aba60_33 .array/port v00000254fd0aba60, 33;
v00000254fd0aba60_34 .array/port v00000254fd0aba60, 34;
E_00000254fd0f8c20/8 .event anyedge, v00000254fd0aba60_31, v00000254fd0aba60_32, v00000254fd0aba60_33, v00000254fd0aba60_34;
v00000254fd0aba60_35 .array/port v00000254fd0aba60, 35;
v00000254fd0aba60_36 .array/port v00000254fd0aba60, 36;
v00000254fd0aba60_37 .array/port v00000254fd0aba60, 37;
v00000254fd0aba60_38 .array/port v00000254fd0aba60, 38;
E_00000254fd0f8c20/9 .event anyedge, v00000254fd0aba60_35, v00000254fd0aba60_36, v00000254fd0aba60_37, v00000254fd0aba60_38;
v00000254fd0aba60_39 .array/port v00000254fd0aba60, 39;
v00000254fd0aba60_40 .array/port v00000254fd0aba60, 40;
v00000254fd0aba60_41 .array/port v00000254fd0aba60, 41;
v00000254fd0aba60_42 .array/port v00000254fd0aba60, 42;
E_00000254fd0f8c20/10 .event anyedge, v00000254fd0aba60_39, v00000254fd0aba60_40, v00000254fd0aba60_41, v00000254fd0aba60_42;
v00000254fd0aba60_43 .array/port v00000254fd0aba60, 43;
v00000254fd0aba60_44 .array/port v00000254fd0aba60, 44;
v00000254fd0aba60_45 .array/port v00000254fd0aba60, 45;
v00000254fd0aba60_46 .array/port v00000254fd0aba60, 46;
E_00000254fd0f8c20/11 .event anyedge, v00000254fd0aba60_43, v00000254fd0aba60_44, v00000254fd0aba60_45, v00000254fd0aba60_46;
v00000254fd0aba60_47 .array/port v00000254fd0aba60, 47;
v00000254fd0aba60_48 .array/port v00000254fd0aba60, 48;
v00000254fd0aba60_49 .array/port v00000254fd0aba60, 49;
v00000254fd0aba60_50 .array/port v00000254fd0aba60, 50;
E_00000254fd0f8c20/12 .event anyedge, v00000254fd0aba60_47, v00000254fd0aba60_48, v00000254fd0aba60_49, v00000254fd0aba60_50;
v00000254fd0aba60_51 .array/port v00000254fd0aba60, 51;
v00000254fd0aba60_52 .array/port v00000254fd0aba60, 52;
v00000254fd0aba60_53 .array/port v00000254fd0aba60, 53;
v00000254fd0aba60_54 .array/port v00000254fd0aba60, 54;
E_00000254fd0f8c20/13 .event anyedge, v00000254fd0aba60_51, v00000254fd0aba60_52, v00000254fd0aba60_53, v00000254fd0aba60_54;
v00000254fd0aba60_55 .array/port v00000254fd0aba60, 55;
v00000254fd0aba60_56 .array/port v00000254fd0aba60, 56;
v00000254fd0aba60_57 .array/port v00000254fd0aba60, 57;
v00000254fd0aba60_58 .array/port v00000254fd0aba60, 58;
E_00000254fd0f8c20/14 .event anyedge, v00000254fd0aba60_55, v00000254fd0aba60_56, v00000254fd0aba60_57, v00000254fd0aba60_58;
v00000254fd0aba60_59 .array/port v00000254fd0aba60, 59;
v00000254fd0aba60_60 .array/port v00000254fd0aba60, 60;
v00000254fd0aba60_61 .array/port v00000254fd0aba60, 61;
v00000254fd0aba60_62 .array/port v00000254fd0aba60, 62;
E_00000254fd0f8c20/15 .event anyedge, v00000254fd0aba60_59, v00000254fd0aba60_60, v00000254fd0aba60_61, v00000254fd0aba60_62;
v00000254fd0aba60_63 .array/port v00000254fd0aba60, 63;
v00000254fd0aba60_64 .array/port v00000254fd0aba60, 64;
v00000254fd0aba60_65 .array/port v00000254fd0aba60, 65;
v00000254fd0aba60_66 .array/port v00000254fd0aba60, 66;
E_00000254fd0f8c20/16 .event anyedge, v00000254fd0aba60_63, v00000254fd0aba60_64, v00000254fd0aba60_65, v00000254fd0aba60_66;
v00000254fd0aba60_67 .array/port v00000254fd0aba60, 67;
v00000254fd0aba60_68 .array/port v00000254fd0aba60, 68;
v00000254fd0aba60_69 .array/port v00000254fd0aba60, 69;
v00000254fd0aba60_70 .array/port v00000254fd0aba60, 70;
E_00000254fd0f8c20/17 .event anyedge, v00000254fd0aba60_67, v00000254fd0aba60_68, v00000254fd0aba60_69, v00000254fd0aba60_70;
v00000254fd0aba60_71 .array/port v00000254fd0aba60, 71;
v00000254fd0aba60_72 .array/port v00000254fd0aba60, 72;
v00000254fd0aba60_73 .array/port v00000254fd0aba60, 73;
v00000254fd0aba60_74 .array/port v00000254fd0aba60, 74;
E_00000254fd0f8c20/18 .event anyedge, v00000254fd0aba60_71, v00000254fd0aba60_72, v00000254fd0aba60_73, v00000254fd0aba60_74;
v00000254fd0aba60_75 .array/port v00000254fd0aba60, 75;
v00000254fd0aba60_76 .array/port v00000254fd0aba60, 76;
v00000254fd0aba60_77 .array/port v00000254fd0aba60, 77;
v00000254fd0aba60_78 .array/port v00000254fd0aba60, 78;
E_00000254fd0f8c20/19 .event anyedge, v00000254fd0aba60_75, v00000254fd0aba60_76, v00000254fd0aba60_77, v00000254fd0aba60_78;
v00000254fd0aba60_79 .array/port v00000254fd0aba60, 79;
v00000254fd0aba60_80 .array/port v00000254fd0aba60, 80;
v00000254fd0aba60_81 .array/port v00000254fd0aba60, 81;
v00000254fd0aba60_82 .array/port v00000254fd0aba60, 82;
E_00000254fd0f8c20/20 .event anyedge, v00000254fd0aba60_79, v00000254fd0aba60_80, v00000254fd0aba60_81, v00000254fd0aba60_82;
v00000254fd0aba60_83 .array/port v00000254fd0aba60, 83;
v00000254fd0aba60_84 .array/port v00000254fd0aba60, 84;
v00000254fd0aba60_85 .array/port v00000254fd0aba60, 85;
v00000254fd0aba60_86 .array/port v00000254fd0aba60, 86;
E_00000254fd0f8c20/21 .event anyedge, v00000254fd0aba60_83, v00000254fd0aba60_84, v00000254fd0aba60_85, v00000254fd0aba60_86;
v00000254fd0aba60_87 .array/port v00000254fd0aba60, 87;
v00000254fd0aba60_88 .array/port v00000254fd0aba60, 88;
v00000254fd0aba60_89 .array/port v00000254fd0aba60, 89;
v00000254fd0aba60_90 .array/port v00000254fd0aba60, 90;
E_00000254fd0f8c20/22 .event anyedge, v00000254fd0aba60_87, v00000254fd0aba60_88, v00000254fd0aba60_89, v00000254fd0aba60_90;
v00000254fd0aba60_91 .array/port v00000254fd0aba60, 91;
v00000254fd0aba60_92 .array/port v00000254fd0aba60, 92;
v00000254fd0aba60_93 .array/port v00000254fd0aba60, 93;
v00000254fd0aba60_94 .array/port v00000254fd0aba60, 94;
E_00000254fd0f8c20/23 .event anyedge, v00000254fd0aba60_91, v00000254fd0aba60_92, v00000254fd0aba60_93, v00000254fd0aba60_94;
v00000254fd0aba60_95 .array/port v00000254fd0aba60, 95;
v00000254fd0aba60_96 .array/port v00000254fd0aba60, 96;
v00000254fd0aba60_97 .array/port v00000254fd0aba60, 97;
v00000254fd0aba60_98 .array/port v00000254fd0aba60, 98;
E_00000254fd0f8c20/24 .event anyedge, v00000254fd0aba60_95, v00000254fd0aba60_96, v00000254fd0aba60_97, v00000254fd0aba60_98;
v00000254fd0aba60_99 .array/port v00000254fd0aba60, 99;
v00000254fd0aba60_100 .array/port v00000254fd0aba60, 100;
v00000254fd0aba60_101 .array/port v00000254fd0aba60, 101;
v00000254fd0aba60_102 .array/port v00000254fd0aba60, 102;
E_00000254fd0f8c20/25 .event anyedge, v00000254fd0aba60_99, v00000254fd0aba60_100, v00000254fd0aba60_101, v00000254fd0aba60_102;
v00000254fd0aba60_103 .array/port v00000254fd0aba60, 103;
v00000254fd0aba60_104 .array/port v00000254fd0aba60, 104;
v00000254fd0aba60_105 .array/port v00000254fd0aba60, 105;
v00000254fd0aba60_106 .array/port v00000254fd0aba60, 106;
E_00000254fd0f8c20/26 .event anyedge, v00000254fd0aba60_103, v00000254fd0aba60_104, v00000254fd0aba60_105, v00000254fd0aba60_106;
v00000254fd0aba60_107 .array/port v00000254fd0aba60, 107;
v00000254fd0aba60_108 .array/port v00000254fd0aba60, 108;
v00000254fd0aba60_109 .array/port v00000254fd0aba60, 109;
v00000254fd0aba60_110 .array/port v00000254fd0aba60, 110;
E_00000254fd0f8c20/27 .event anyedge, v00000254fd0aba60_107, v00000254fd0aba60_108, v00000254fd0aba60_109, v00000254fd0aba60_110;
v00000254fd0aba60_111 .array/port v00000254fd0aba60, 111;
v00000254fd0aba60_112 .array/port v00000254fd0aba60, 112;
v00000254fd0aba60_113 .array/port v00000254fd0aba60, 113;
v00000254fd0aba60_114 .array/port v00000254fd0aba60, 114;
E_00000254fd0f8c20/28 .event anyedge, v00000254fd0aba60_111, v00000254fd0aba60_112, v00000254fd0aba60_113, v00000254fd0aba60_114;
v00000254fd0aba60_115 .array/port v00000254fd0aba60, 115;
v00000254fd0aba60_116 .array/port v00000254fd0aba60, 116;
v00000254fd0aba60_117 .array/port v00000254fd0aba60, 117;
v00000254fd0aba60_118 .array/port v00000254fd0aba60, 118;
E_00000254fd0f8c20/29 .event anyedge, v00000254fd0aba60_115, v00000254fd0aba60_116, v00000254fd0aba60_117, v00000254fd0aba60_118;
v00000254fd0aba60_119 .array/port v00000254fd0aba60, 119;
v00000254fd0aba60_120 .array/port v00000254fd0aba60, 120;
v00000254fd0aba60_121 .array/port v00000254fd0aba60, 121;
v00000254fd0aba60_122 .array/port v00000254fd0aba60, 122;
E_00000254fd0f8c20/30 .event anyedge, v00000254fd0aba60_119, v00000254fd0aba60_120, v00000254fd0aba60_121, v00000254fd0aba60_122;
v00000254fd0aba60_123 .array/port v00000254fd0aba60, 123;
v00000254fd0aba60_124 .array/port v00000254fd0aba60, 124;
v00000254fd0aba60_125 .array/port v00000254fd0aba60, 125;
v00000254fd0aba60_126 .array/port v00000254fd0aba60, 126;
E_00000254fd0f8c20/31 .event anyedge, v00000254fd0aba60_123, v00000254fd0aba60_124, v00000254fd0aba60_125, v00000254fd0aba60_126;
v00000254fd0aba60_127 .array/port v00000254fd0aba60, 127;
v00000254fd0aba60_128 .array/port v00000254fd0aba60, 128;
v00000254fd0aba60_129 .array/port v00000254fd0aba60, 129;
v00000254fd0aba60_130 .array/port v00000254fd0aba60, 130;
E_00000254fd0f8c20/32 .event anyedge, v00000254fd0aba60_127, v00000254fd0aba60_128, v00000254fd0aba60_129, v00000254fd0aba60_130;
v00000254fd0aba60_131 .array/port v00000254fd0aba60, 131;
v00000254fd0aba60_132 .array/port v00000254fd0aba60, 132;
v00000254fd0aba60_133 .array/port v00000254fd0aba60, 133;
v00000254fd0aba60_134 .array/port v00000254fd0aba60, 134;
E_00000254fd0f8c20/33 .event anyedge, v00000254fd0aba60_131, v00000254fd0aba60_132, v00000254fd0aba60_133, v00000254fd0aba60_134;
v00000254fd0aba60_135 .array/port v00000254fd0aba60, 135;
v00000254fd0aba60_136 .array/port v00000254fd0aba60, 136;
v00000254fd0aba60_137 .array/port v00000254fd0aba60, 137;
v00000254fd0aba60_138 .array/port v00000254fd0aba60, 138;
E_00000254fd0f8c20/34 .event anyedge, v00000254fd0aba60_135, v00000254fd0aba60_136, v00000254fd0aba60_137, v00000254fd0aba60_138;
v00000254fd0aba60_139 .array/port v00000254fd0aba60, 139;
v00000254fd0aba60_140 .array/port v00000254fd0aba60, 140;
v00000254fd0aba60_141 .array/port v00000254fd0aba60, 141;
v00000254fd0aba60_142 .array/port v00000254fd0aba60, 142;
E_00000254fd0f8c20/35 .event anyedge, v00000254fd0aba60_139, v00000254fd0aba60_140, v00000254fd0aba60_141, v00000254fd0aba60_142;
v00000254fd0aba60_143 .array/port v00000254fd0aba60, 143;
v00000254fd0aba60_144 .array/port v00000254fd0aba60, 144;
v00000254fd0aba60_145 .array/port v00000254fd0aba60, 145;
v00000254fd0aba60_146 .array/port v00000254fd0aba60, 146;
E_00000254fd0f8c20/36 .event anyedge, v00000254fd0aba60_143, v00000254fd0aba60_144, v00000254fd0aba60_145, v00000254fd0aba60_146;
v00000254fd0aba60_147 .array/port v00000254fd0aba60, 147;
v00000254fd0aba60_148 .array/port v00000254fd0aba60, 148;
v00000254fd0aba60_149 .array/port v00000254fd0aba60, 149;
v00000254fd0aba60_150 .array/port v00000254fd0aba60, 150;
E_00000254fd0f8c20/37 .event anyedge, v00000254fd0aba60_147, v00000254fd0aba60_148, v00000254fd0aba60_149, v00000254fd0aba60_150;
v00000254fd0aba60_151 .array/port v00000254fd0aba60, 151;
v00000254fd0aba60_152 .array/port v00000254fd0aba60, 152;
v00000254fd0aba60_153 .array/port v00000254fd0aba60, 153;
v00000254fd0aba60_154 .array/port v00000254fd0aba60, 154;
E_00000254fd0f8c20/38 .event anyedge, v00000254fd0aba60_151, v00000254fd0aba60_152, v00000254fd0aba60_153, v00000254fd0aba60_154;
v00000254fd0aba60_155 .array/port v00000254fd0aba60, 155;
v00000254fd0aba60_156 .array/port v00000254fd0aba60, 156;
v00000254fd0aba60_157 .array/port v00000254fd0aba60, 157;
v00000254fd0aba60_158 .array/port v00000254fd0aba60, 158;
E_00000254fd0f8c20/39 .event anyedge, v00000254fd0aba60_155, v00000254fd0aba60_156, v00000254fd0aba60_157, v00000254fd0aba60_158;
v00000254fd0aba60_159 .array/port v00000254fd0aba60, 159;
v00000254fd0aba60_160 .array/port v00000254fd0aba60, 160;
v00000254fd0aba60_161 .array/port v00000254fd0aba60, 161;
v00000254fd0aba60_162 .array/port v00000254fd0aba60, 162;
E_00000254fd0f8c20/40 .event anyedge, v00000254fd0aba60_159, v00000254fd0aba60_160, v00000254fd0aba60_161, v00000254fd0aba60_162;
v00000254fd0aba60_163 .array/port v00000254fd0aba60, 163;
v00000254fd0aba60_164 .array/port v00000254fd0aba60, 164;
v00000254fd0aba60_165 .array/port v00000254fd0aba60, 165;
v00000254fd0aba60_166 .array/port v00000254fd0aba60, 166;
E_00000254fd0f8c20/41 .event anyedge, v00000254fd0aba60_163, v00000254fd0aba60_164, v00000254fd0aba60_165, v00000254fd0aba60_166;
v00000254fd0aba60_167 .array/port v00000254fd0aba60, 167;
v00000254fd0aba60_168 .array/port v00000254fd0aba60, 168;
v00000254fd0aba60_169 .array/port v00000254fd0aba60, 169;
v00000254fd0aba60_170 .array/port v00000254fd0aba60, 170;
E_00000254fd0f8c20/42 .event anyedge, v00000254fd0aba60_167, v00000254fd0aba60_168, v00000254fd0aba60_169, v00000254fd0aba60_170;
v00000254fd0aba60_171 .array/port v00000254fd0aba60, 171;
v00000254fd0aba60_172 .array/port v00000254fd0aba60, 172;
v00000254fd0aba60_173 .array/port v00000254fd0aba60, 173;
v00000254fd0aba60_174 .array/port v00000254fd0aba60, 174;
E_00000254fd0f8c20/43 .event anyedge, v00000254fd0aba60_171, v00000254fd0aba60_172, v00000254fd0aba60_173, v00000254fd0aba60_174;
v00000254fd0aba60_175 .array/port v00000254fd0aba60, 175;
v00000254fd0aba60_176 .array/port v00000254fd0aba60, 176;
v00000254fd0aba60_177 .array/port v00000254fd0aba60, 177;
v00000254fd0aba60_178 .array/port v00000254fd0aba60, 178;
E_00000254fd0f8c20/44 .event anyedge, v00000254fd0aba60_175, v00000254fd0aba60_176, v00000254fd0aba60_177, v00000254fd0aba60_178;
v00000254fd0aba60_179 .array/port v00000254fd0aba60, 179;
v00000254fd0aba60_180 .array/port v00000254fd0aba60, 180;
v00000254fd0aba60_181 .array/port v00000254fd0aba60, 181;
v00000254fd0aba60_182 .array/port v00000254fd0aba60, 182;
E_00000254fd0f8c20/45 .event anyedge, v00000254fd0aba60_179, v00000254fd0aba60_180, v00000254fd0aba60_181, v00000254fd0aba60_182;
v00000254fd0aba60_183 .array/port v00000254fd0aba60, 183;
v00000254fd0aba60_184 .array/port v00000254fd0aba60, 184;
v00000254fd0aba60_185 .array/port v00000254fd0aba60, 185;
v00000254fd0aba60_186 .array/port v00000254fd0aba60, 186;
E_00000254fd0f8c20/46 .event anyedge, v00000254fd0aba60_183, v00000254fd0aba60_184, v00000254fd0aba60_185, v00000254fd0aba60_186;
v00000254fd0aba60_187 .array/port v00000254fd0aba60, 187;
v00000254fd0aba60_188 .array/port v00000254fd0aba60, 188;
v00000254fd0aba60_189 .array/port v00000254fd0aba60, 189;
v00000254fd0aba60_190 .array/port v00000254fd0aba60, 190;
E_00000254fd0f8c20/47 .event anyedge, v00000254fd0aba60_187, v00000254fd0aba60_188, v00000254fd0aba60_189, v00000254fd0aba60_190;
v00000254fd0aba60_191 .array/port v00000254fd0aba60, 191;
v00000254fd0aba60_192 .array/port v00000254fd0aba60, 192;
v00000254fd0aba60_193 .array/port v00000254fd0aba60, 193;
v00000254fd0aba60_194 .array/port v00000254fd0aba60, 194;
E_00000254fd0f8c20/48 .event anyedge, v00000254fd0aba60_191, v00000254fd0aba60_192, v00000254fd0aba60_193, v00000254fd0aba60_194;
v00000254fd0aba60_195 .array/port v00000254fd0aba60, 195;
v00000254fd0aba60_196 .array/port v00000254fd0aba60, 196;
v00000254fd0aba60_197 .array/port v00000254fd0aba60, 197;
v00000254fd0aba60_198 .array/port v00000254fd0aba60, 198;
E_00000254fd0f8c20/49 .event anyedge, v00000254fd0aba60_195, v00000254fd0aba60_196, v00000254fd0aba60_197, v00000254fd0aba60_198;
v00000254fd0aba60_199 .array/port v00000254fd0aba60, 199;
v00000254fd0aba60_200 .array/port v00000254fd0aba60, 200;
v00000254fd0aba60_201 .array/port v00000254fd0aba60, 201;
v00000254fd0aba60_202 .array/port v00000254fd0aba60, 202;
E_00000254fd0f8c20/50 .event anyedge, v00000254fd0aba60_199, v00000254fd0aba60_200, v00000254fd0aba60_201, v00000254fd0aba60_202;
v00000254fd0aba60_203 .array/port v00000254fd0aba60, 203;
v00000254fd0aba60_204 .array/port v00000254fd0aba60, 204;
v00000254fd0aba60_205 .array/port v00000254fd0aba60, 205;
v00000254fd0aba60_206 .array/port v00000254fd0aba60, 206;
E_00000254fd0f8c20/51 .event anyedge, v00000254fd0aba60_203, v00000254fd0aba60_204, v00000254fd0aba60_205, v00000254fd0aba60_206;
v00000254fd0aba60_207 .array/port v00000254fd0aba60, 207;
v00000254fd0aba60_208 .array/port v00000254fd0aba60, 208;
v00000254fd0aba60_209 .array/port v00000254fd0aba60, 209;
v00000254fd0aba60_210 .array/port v00000254fd0aba60, 210;
E_00000254fd0f8c20/52 .event anyedge, v00000254fd0aba60_207, v00000254fd0aba60_208, v00000254fd0aba60_209, v00000254fd0aba60_210;
v00000254fd0aba60_211 .array/port v00000254fd0aba60, 211;
v00000254fd0aba60_212 .array/port v00000254fd0aba60, 212;
v00000254fd0aba60_213 .array/port v00000254fd0aba60, 213;
v00000254fd0aba60_214 .array/port v00000254fd0aba60, 214;
E_00000254fd0f8c20/53 .event anyedge, v00000254fd0aba60_211, v00000254fd0aba60_212, v00000254fd0aba60_213, v00000254fd0aba60_214;
v00000254fd0aba60_215 .array/port v00000254fd0aba60, 215;
v00000254fd0aba60_216 .array/port v00000254fd0aba60, 216;
v00000254fd0aba60_217 .array/port v00000254fd0aba60, 217;
v00000254fd0aba60_218 .array/port v00000254fd0aba60, 218;
E_00000254fd0f8c20/54 .event anyedge, v00000254fd0aba60_215, v00000254fd0aba60_216, v00000254fd0aba60_217, v00000254fd0aba60_218;
v00000254fd0aba60_219 .array/port v00000254fd0aba60, 219;
v00000254fd0aba60_220 .array/port v00000254fd0aba60, 220;
v00000254fd0aba60_221 .array/port v00000254fd0aba60, 221;
v00000254fd0aba60_222 .array/port v00000254fd0aba60, 222;
E_00000254fd0f8c20/55 .event anyedge, v00000254fd0aba60_219, v00000254fd0aba60_220, v00000254fd0aba60_221, v00000254fd0aba60_222;
v00000254fd0aba60_223 .array/port v00000254fd0aba60, 223;
v00000254fd0aba60_224 .array/port v00000254fd0aba60, 224;
v00000254fd0aba60_225 .array/port v00000254fd0aba60, 225;
v00000254fd0aba60_226 .array/port v00000254fd0aba60, 226;
E_00000254fd0f8c20/56 .event anyedge, v00000254fd0aba60_223, v00000254fd0aba60_224, v00000254fd0aba60_225, v00000254fd0aba60_226;
v00000254fd0aba60_227 .array/port v00000254fd0aba60, 227;
v00000254fd0aba60_228 .array/port v00000254fd0aba60, 228;
v00000254fd0aba60_229 .array/port v00000254fd0aba60, 229;
v00000254fd0aba60_230 .array/port v00000254fd0aba60, 230;
E_00000254fd0f8c20/57 .event anyedge, v00000254fd0aba60_227, v00000254fd0aba60_228, v00000254fd0aba60_229, v00000254fd0aba60_230;
v00000254fd0aba60_231 .array/port v00000254fd0aba60, 231;
v00000254fd0aba60_232 .array/port v00000254fd0aba60, 232;
v00000254fd0aba60_233 .array/port v00000254fd0aba60, 233;
v00000254fd0aba60_234 .array/port v00000254fd0aba60, 234;
E_00000254fd0f8c20/58 .event anyedge, v00000254fd0aba60_231, v00000254fd0aba60_232, v00000254fd0aba60_233, v00000254fd0aba60_234;
v00000254fd0aba60_235 .array/port v00000254fd0aba60, 235;
v00000254fd0aba60_236 .array/port v00000254fd0aba60, 236;
v00000254fd0aba60_237 .array/port v00000254fd0aba60, 237;
v00000254fd0aba60_238 .array/port v00000254fd0aba60, 238;
E_00000254fd0f8c20/59 .event anyedge, v00000254fd0aba60_235, v00000254fd0aba60_236, v00000254fd0aba60_237, v00000254fd0aba60_238;
v00000254fd0aba60_239 .array/port v00000254fd0aba60, 239;
v00000254fd0aba60_240 .array/port v00000254fd0aba60, 240;
v00000254fd0aba60_241 .array/port v00000254fd0aba60, 241;
v00000254fd0aba60_242 .array/port v00000254fd0aba60, 242;
E_00000254fd0f8c20/60 .event anyedge, v00000254fd0aba60_239, v00000254fd0aba60_240, v00000254fd0aba60_241, v00000254fd0aba60_242;
v00000254fd0aba60_243 .array/port v00000254fd0aba60, 243;
v00000254fd0aba60_244 .array/port v00000254fd0aba60, 244;
v00000254fd0aba60_245 .array/port v00000254fd0aba60, 245;
v00000254fd0aba60_246 .array/port v00000254fd0aba60, 246;
E_00000254fd0f8c20/61 .event anyedge, v00000254fd0aba60_243, v00000254fd0aba60_244, v00000254fd0aba60_245, v00000254fd0aba60_246;
v00000254fd0aba60_247 .array/port v00000254fd0aba60, 247;
v00000254fd0aba60_248 .array/port v00000254fd0aba60, 248;
v00000254fd0aba60_249 .array/port v00000254fd0aba60, 249;
v00000254fd0aba60_250 .array/port v00000254fd0aba60, 250;
E_00000254fd0f8c20/62 .event anyedge, v00000254fd0aba60_247, v00000254fd0aba60_248, v00000254fd0aba60_249, v00000254fd0aba60_250;
v00000254fd0aba60_251 .array/port v00000254fd0aba60, 251;
v00000254fd0aba60_252 .array/port v00000254fd0aba60, 252;
v00000254fd0aba60_253 .array/port v00000254fd0aba60, 253;
v00000254fd0aba60_254 .array/port v00000254fd0aba60, 254;
E_00000254fd0f8c20/63 .event anyedge, v00000254fd0aba60_251, v00000254fd0aba60_252, v00000254fd0aba60_253, v00000254fd0aba60_254;
v00000254fd0aba60_255 .array/port v00000254fd0aba60, 255;
E_00000254fd0f8c20/64 .event anyedge, v00000254fd0aba60_255;
E_00000254fd0f8c20 .event/or E_00000254fd0f8c20/0, E_00000254fd0f8c20/1, E_00000254fd0f8c20/2, E_00000254fd0f8c20/3, E_00000254fd0f8c20/4, E_00000254fd0f8c20/5, E_00000254fd0f8c20/6, E_00000254fd0f8c20/7, E_00000254fd0f8c20/8, E_00000254fd0f8c20/9, E_00000254fd0f8c20/10, E_00000254fd0f8c20/11, E_00000254fd0f8c20/12, E_00000254fd0f8c20/13, E_00000254fd0f8c20/14, E_00000254fd0f8c20/15, E_00000254fd0f8c20/16, E_00000254fd0f8c20/17, E_00000254fd0f8c20/18, E_00000254fd0f8c20/19, E_00000254fd0f8c20/20, E_00000254fd0f8c20/21, E_00000254fd0f8c20/22, E_00000254fd0f8c20/23, E_00000254fd0f8c20/24, E_00000254fd0f8c20/25, E_00000254fd0f8c20/26, E_00000254fd0f8c20/27, E_00000254fd0f8c20/28, E_00000254fd0f8c20/29, E_00000254fd0f8c20/30, E_00000254fd0f8c20/31, E_00000254fd0f8c20/32, E_00000254fd0f8c20/33, E_00000254fd0f8c20/34, E_00000254fd0f8c20/35, E_00000254fd0f8c20/36, E_00000254fd0f8c20/37, E_00000254fd0f8c20/38, E_00000254fd0f8c20/39, E_00000254fd0f8c20/40, E_00000254fd0f8c20/41, E_00000254fd0f8c20/42, E_00000254fd0f8c20/43, E_00000254fd0f8c20/44, E_00000254fd0f8c20/45, E_00000254fd0f8c20/46, E_00000254fd0f8c20/47, E_00000254fd0f8c20/48, E_00000254fd0f8c20/49, E_00000254fd0f8c20/50, E_00000254fd0f8c20/51, E_00000254fd0f8c20/52, E_00000254fd0f8c20/53, E_00000254fd0f8c20/54, E_00000254fd0f8c20/55, E_00000254fd0f8c20/56, E_00000254fd0f8c20/57, E_00000254fd0f8c20/58, E_00000254fd0f8c20/59, E_00000254fd0f8c20/60, E_00000254fd0f8c20/61, E_00000254fd0f8c20/62, E_00000254fd0f8c20/63, E_00000254fd0f8c20/64;
S_00000254fd0abb00 .scope module, "pc_inst" "PC" 2 7, 4 1 0, S_00000254fd0ab5b0;
 .timescale 0 0;
    .port_info 0 /INPUT 1 "clk";
    .port_info 1 /INPUT 1 "rst";
    .port_info 2 /INPUT 32 "PC_next";
    .port_info 3 /OUTPUT 32 "PC";
v00000254fd0abc90_0 .var "PC", 31 0;
v00000254fd0f5ef0_0 .net "PC_next", 31 0, v00000254fd0f6210_0;  1 drivers
v00000254fd0f5f90_0 .net "clk", 0 0, v00000254fd0f62b0_0;  1 drivers
v00000254fd0f6030_0 .net "rst", 0 0, v00000254fd0a6970_0;  1 drivers
E_00000254fd0f8960 .event posedge, v00000254fd0f6030_0, v00000254fd0f5f90_0;
    .scope S_00000254fd0abb00;
T_0 ;
    %wait E_00000254fd0f8960;
    %load/vec4 v00000254fd0f6030_0;
    %flag_set/vec4 8;
    %jmp/0xz  T_0.0, 8;
    %pushi/vec4 0, 0, 32;
    %assign/vec4 v00000254fd0abc90_0, 0;
    %jmp T_0.1;
T_0.0 ;
    %load/vec4 v00000254fd0f5ef0_0;
    %assign/vec4 v00000254fd0abc90_0, 0;
T_0.1 ;
    %jmp T_0;
    .thread T_0;
    .scope S_00000254fd0ab8d0;
T_1 ;
    %vpi_call 3 9 "$readmemh", "instruction.hex", v00000254fd0aba60 {0 0 0};
    %end;
    .thread T_1;
    .scope S_00000254fd0ab8d0;
T_2 ;
    %wait E_00000254fd0f8c20;
    %load/vec4 v00000254fd0adcd0_0;
    %ix/load 5, 2, 0;
    %flag_set/imm 4, 0;
    %shiftr 5;
    %ix/vec4 4;
    %load/vec4a v00000254fd0aba60, 4;
    %store/vec4 v00000254fd0a7020_0, 0, 32;
    %jmp T_2;
    .thread T_2, $push;
    .scope S_00000254fd0ab5b0;
T_3 ;
    %delay 5, 0;
    %load/vec4 v00000254fd0f62b0_0;
    %inv;
    %store/vec4 v00000254fd0f62b0_0, 0, 1;
    %jmp T_3;
    .thread T_3;
    .scope S_00000254fd0ab5b0;
T_4 ;
    %vpi_call 2 22 "$dumpfile", "waveform.vcd" {0 0 0};
    %vpi_call 2 23 "$dumpvars", 32'sb00000000000000000000000000000000, S_00000254fd0ab5b0 {0 0 0};
    %pushi/vec4 0, 0, 1;
    %store/vec4 v00000254fd0f62b0_0, 0, 1;
    %pushi/vec4 1, 0, 1;
    %store/vec4 v00000254fd0a6970_0, 0, 1;
    %delay 10, 0;
    %pushi/vec4 0, 0, 1;
    %store/vec4 v00000254fd0a6970_0, 0, 1;
    %delay 10, 0;
    %pushi/vec4 4, 0, 32;
    %store/vec4 v00000254fd0f6210_0, 0, 32;
    %delay 10, 0;
    %pushi/vec4 8, 0, 32;
    %store/vec4 v00000254fd0f6210_0, 0, 32;
    %delay 10, 0;
    %pushi/vec4 12, 0, 32;
    %store/vec4 v00000254fd0f6210_0, 0, 32;
    %delay 10, 0;
    %pushi/vec4 16, 0, 32;
    %store/vec4 v00000254fd0f6210_0, 0, 32;
    %delay 10, 0;
    %vpi_call 2 34 "$finish" {0 0 0};
    %end;
    .thread T_4;
# The file index is used to find the file name in the following table.
:file_names 5;
    "N/A";
    "<interactive>";
    "PC_IM_tb.v";
    "IM.v";
    "PC.v";
